UpdateCTestConfiguration  from :/home/yuan/rm/code/Ros/my_ros2_control/build/gimbal_controller/CTestConfiguration.ini
Parse Config file:/home/yuan/rm/code/Ros/my_ros2_control/build/gimbal_controller/CTestConfiguration.ini
   Site: yuan
   Build name: (empty)
 Add coverage exclude regular expressions.
Create new tag: 20231016-0727 - Experimental
UpdateCTestConfiguration  from :/home/yuan/rm/code/Ros/my_ros2_control/build/gimbal_controller/CTestConfiguration.ini
Parse Config file:/home/yuan/rm/code/Ros/my_ros2_control/build/gimbal_controller/CTestConfiguration.ini
Test project /home/yuan/rm/code/Ros/my_ros2_control/build/gimbal_controller
Constructing a list of tests
Done constructing a list of tests
Updating test list for fixtures
Added 0 tests to meet fixture requirements
Checking test dependency graph...
Checking test dependency graph end
test 1
    Start 1: test_load_gimbal_controller

1: Test command: /usr/bin/python3.10 "-u" "/opt/ros/humble/share/ament_cmake_test/cmake/run_test.py" "/home/yuan/rm/code/Ros/my_ros2_control/build/gimbal_controller/test_results/gimbal_controller/test_load_gimbal_controller.gtest.xml" "--package-name" "gimbal_controller" "--output-file" "/home/yuan/rm/code/Ros/my_ros2_control/build/gimbal_controller/ament_cmake_gmock/test_load_gimbal_controller.txt" "--command" "/home/yuan/rm/code/Ros/my_ros2_control/build/gimbal_controller/test_load_gimbal_controller" "--gtest_output=xml:/home/yuan/rm/code/Ros/my_ros2_control/build/gimbal_controller/test_results/gimbal_controller/test_load_gimbal_controller.gtest.xml"
1: Test timeout computed to be: 60
1: -- run_test.py: invoking following command in '/home/yuan/rm/code/Ros/my_ros2_control/build/gimbal_controller':
1:  - /home/yuan/rm/code/Ros/my_ros2_control/build/gimbal_controller/test_load_gimbal_controller --gtest_output=xml:/home/yuan/rm/code/Ros/my_ros2_control/build/gimbal_controller/test_results/gimbal_controller/test_load_gimbal_controller.gtest.xml
1: Running main() from gmock_main.cc
1: [==========] Running 1 test from 1 test suite.
1: [----------] Global test environment set-up.
1: [----------] 1 test from TestLoadGimbalController
1: [ RUN      ] TestLoadGimbalController.load_controller
1: [INFO] [1697441222.303332032] [resource_manager]: Loading hardware 'TestActuatorHardware' 
1: [INFO] [1697441222.304090551] [resource_manager]: Initialize hardware 'TestActuatorHardware' 
1: [INFO] [1697441222.304106965] [resource_manager]: Successful initialization of hardware 'TestActuatorHardware'
1: [INFO] [1697441222.304118699] [resource_manager]: Loading hardware 'TestSensorHardware' 
1: [INFO] [1697441222.304170594] [resource_manager]: Initialize hardware 'TestSensorHardware' 
1: [INFO] [1697441222.304181699] [resource_manager]: Successful initialization of hardware 'TestSensorHardware'
1: [INFO] [1697441222.304189662] [resource_manager]: Loading hardware 'TestSystemHardware' 
1: [INFO] [1697441222.304237925] [resource_manager]: Initialize hardware 'TestSystemHardware' 
1: [INFO] [1697441222.304251195] [resource_manager]: Successful initialization of hardware 'TestSystemHardware'
1: [WARN] [1697441222.317692000] [test_controller_manager]: 'update_rate' parameter not set, using default value.
1: [INFO] [1697441222.320058705] [test_controller_manager]: Loading controller 'test_gimbal_controller'
1: Exception thrown during controller's init with message: Invalid value set during initialization for parameter 'joints': Parameter 'joints' cannot be empty 
1: [ERROR] [1697441222.323848577] [test_controller_manager]: Could not initialize the controller named 'test_gimbal_controller'
1: [       OK ] TestLoadGimbalController.load_controller (30 ms)
1: [----------] 1 test from TestLoadGimbalController (30 ms total)
1: 
1: [----------] Global test environment tear-down
1: [==========] 1 test from 1 test suite ran. (30 ms total)
1: [  PASSED  ] 1 test.
1: -- run_test.py: return code 0
1: -- run_test.py: inject classname prefix into gtest result file '/home/yuan/rm/code/Ros/my_ros2_control/build/gimbal_controller/test_results/gimbal_controller/test_load_gimbal_controller.gtest.xml'
1: -- run_test.py: verify result file '/home/yuan/rm/code/Ros/my_ros2_control/build/gimbal_controller/test_results/gimbal_controller/test_load_gimbal_controller.gtest.xml'
1/3 Test #1: test_load_gimbal_controller .........   Passed    0.19 sec
test 2
    Start 2: test_gimbal_controller

2: Test command: /usr/bin/python3.10 "-u" "/opt/ros/humble/share/ament_cmake_test/cmake/run_test.py" "/home/yuan/rm/code/Ros/my_ros2_control/build/gimbal_controller/test_results/gimbal_controller/test_gimbal_controller.gtest.xml" "--package-name" "gimbal_controller" "--output-file" "/home/yuan/rm/code/Ros/my_ros2_control/build/gimbal_controller/test_results/gimbal_controller/test_gimbal_controller.txt" "--command" "/home/yuan/rm/code/Ros/my_ros2_control/build/gimbal_controller/test_gimbal_controller" "--ros-args" "--params-file" "/home/yuan/rm/code/Ros/my_ros2_control/src/gimbal_controller/test/gimbal_controller_params.yaml" "--" "--gtest_output=xml:/home/yuan/rm/code/Ros/my_ros2_control/build/gimbal_controller/test_results/gimbal_controller/test_gimbal_controller.gtest.xml"
2: Test timeout computed to be: 60
2: -- run_test.py: invoking following command in '/home/yuan/rm/code/Ros/my_ros2_control/build/gimbal_controller':
2:  - /home/yuan/rm/code/Ros/my_ros2_control/build/gimbal_controller/test_gimbal_controller --ros-args --params-file /home/yuan/rm/code/Ros/my_ros2_control/src/gimbal_controller/test/gimbal_controller_params.yaml -- --gtest_output=xml:/home/yuan/rm/code/Ros/my_ros2_control/build/gimbal_controller/test_results/gimbal_controller/test_gimbal_controller.gtest.xml
2: [==========] Running 11 tests from 1 test suite.
2: [----------] Global test environment set-up.
2: [----------] 11 tests from GimbalControllerTest
2: [ RUN      ] GimbalControllerTest.all_parameters_set_configure_success
2: [INFO] [1697441222.513894000] [test_gimbal_controller]: configure successful
2: [       OK ] GimbalControllerTest.all_parameters_set_configure_success (23 ms)
2: [ RUN      ] GimbalControllerTest.check_exported_intefaces
2: [INFO] [1697441222.527109414] [test_gimbal_controller]: configure successful
2: [       OK ] GimbalControllerTest.check_exported_intefaces (13 ms)
2: [ RUN      ] GimbalControllerTest.activate_success
2: [INFO] [1697441222.540578786] [test_gimbal_controller]: configure successful
2: [       OK ] GimbalControllerTest.activate_success (13 ms)
2: [ RUN      ] GimbalControllerTest.update_success
2: [INFO] [1697441222.553322605] [test_gimbal_controller]: configure successful
2: [       OK ] GimbalControllerTest.update_success (13 ms)
2: [ RUN      ] GimbalControllerTest.deactivate_success
2: [INFO] [1697441222.566349158] [test_gimbal_controller]: configure successful
2: [       OK ] GimbalControllerTest.deactivate_success (13 ms)
2: [ RUN      ] GimbalControllerTest.reactivate_success
2: [INFO] [1697441222.579833685] [test_gimbal_controller]: configure successful
2: [       OK ] GimbalControllerTest.reactivate_success (13 ms)
2: [ RUN      ] GimbalControllerTest.test_setting_slow_mode_service
2: [INFO] [1697441222.593145765] [test_gimbal_controller]: configure successful
2: [       OK ] GimbalControllerTest.test_setting_slow_mode_service (14 ms)
2: [ RUN      ] GimbalControllerTest.test_update_logic_fast
2: [INFO] [1697441222.605839366] [test_gimbal_controller]: configure successful
2: [       OK ] GimbalControllerTest.test_update_logic_fast (14 ms)
2: [ RUN      ] GimbalControllerTest.test_update_logic_slow
2: [INFO] [1697441222.620701800] [test_gimbal_controller]: configure successful
2: [       OK ] GimbalControllerTest.test_update_logic_slow (14 ms)
2: [ RUN      ] GimbalControllerTest.publish_status_success
2: [INFO] [1697441222.634768768] [test_gimbal_controller]: configure successful
2: [       OK ] GimbalControllerTest.publish_status_success (17 ms)
2: [ RUN      ] GimbalControllerTest.receive_message_and_publish_updated_status
2: [INFO] [1697441222.651004289] [test_gimbal_controller]: configure successful
2: unknown file: Failure
2: C++ exception with description "publishing to /test_gimbal_controller/commands but no node subscribes to it" thrown in the test body.
2: [  FAILED  ] GimbalControllerTest.receive_message_and_publish_updated_status (516 ms)
2: [----------] 11 tests from GimbalControllerTest (663 ms total)
2: 
2: [----------] Global test environment tear-down
2: [==========] 11 tests from 1 test suite ran. (663 ms total)
2: [  PASSED  ] 10 tests.
2: [  FAILED  ] 1 test, listed below:
2: [  FAILED  ] GimbalControllerTest.receive_message_and_publish_updated_status
2: 
2:  1 FAILED TEST
2: -- run_test.py: return code 1
2: -- run_test.py: inject classname prefix into gtest result file '/home/yuan/rm/code/Ros/my_ros2_control/build/gimbal_controller/test_results/gimbal_controller/test_gimbal_controller.gtest.xml'
2: -- run_test.py: verify result file '/home/yuan/rm/code/Ros/my_ros2_control/build/gimbal_controller/test_results/gimbal_controller/test_gimbal_controller.gtest.xml'
2/3 Test #2: test_gimbal_controller ..............***Failed    0.83 sec
test 3
    Start 3: test_gimbal_controller_preceeding

3: Test command: /usr/bin/python3.10 "-u" "/opt/ros/humble/share/ament_cmake_test/cmake/run_test.py" "/home/yuan/rm/code/Ros/my_ros2_control/build/gimbal_controller/test_results/gimbal_controller/test_gimbal_controller_preceeding.gtest.xml" "--package-name" "gimbal_controller" "--output-file" "/home/yuan/rm/code/Ros/my_ros2_control/build/gimbal_controller/test_results/gimbal_controller/test_gimbal_controller_preceeding.txt" "--command" "/home/yuan/rm/code/Ros/my_ros2_control/build/gimbal_controller/test_gimbal_controller_preceeding" "--ros-args" "--params-file" "/home/yuan/rm/code/Ros/my_ros2_control/src/gimbal_controller/test/gimbal_controller_preceeding_params.yaml" "--" "--gtest_output=xml:/home/yuan/rm/code/Ros/my_ros2_control/build/gimbal_controller/test_results/gimbal_controller/test_gimbal_controller_preceeding.gtest.xml"
3: Test timeout computed to be: 60
3: -- run_test.py: invoking following command in '/home/yuan/rm/code/Ros/my_ros2_control/build/gimbal_controller':
3:  - /home/yuan/rm/code/Ros/my_ros2_control/build/gimbal_controller/test_gimbal_controller_preceeding --ros-args --params-file /home/yuan/rm/code/Ros/my_ros2_control/src/gimbal_controller/test/gimbal_controller_preceeding_params.yaml -- --gtest_output=xml:/home/yuan/rm/code/Ros/my_ros2_control/build/gimbal_controller/test_results/gimbal_controller/test_gimbal_controller_preceeding.gtest.xml
3: [==========] Running 2 tests from 1 test suite.
3: [----------] Global test environment set-up.
3: [----------] 2 tests from GimbalControllerTest
3: [ RUN      ] GimbalControllerTest.all_parameters_set_configure_success
3: [INFO] [1697441223.345055093] [test_gimbal_controller]: configure successful
3: [       OK ] GimbalControllerTest.all_parameters_set_configure_success (22 ms)
3: [ RUN      ] GimbalControllerTest.check_exported_intefaces
3: [INFO] [1697441223.357766231] [test_gimbal_controller]: configure successful
3: [       OK ] GimbalControllerTest.check_exported_intefaces (12 ms)
3: [----------] 2 tests from GimbalControllerTest (34 ms total)
3: 
3: [----------] Global test environment tear-down
3: [==========] 2 tests from 1 test suite ran. (34 ms total)
3: [  PASSED  ] 2 tests.
3: -- run_test.py: return code 0
3: -- run_test.py: inject classname prefix into gtest result file '/home/yuan/rm/code/Ros/my_ros2_control/build/gimbal_controller/test_results/gimbal_controller/test_gimbal_controller_preceeding.gtest.xml'
3: -- run_test.py: verify result file '/home/yuan/rm/code/Ros/my_ros2_control/build/gimbal_controller/test_results/gimbal_controller/test_gimbal_controller_preceeding.gtest.xml'
3/3 Test #3: test_gimbal_controller_preceeding ...   Passed    0.20 sec

67% tests passed[0;0m, [0;31m1 tests failed[0;0m out of 3

Label Time Summary:
gmock    =   0.19 sec*proc (1 test)

Total Test time (real) =   1.23 sec

The following tests FAILED:
	[0;31m  2 - test_gimbal_controller (Failed)[0;0m
Errors while running CTest
Output from these tests are in: /home/yuan/rm/code/Ros/my_ros2_control/build/gimbal_controller/Testing/Temporary/LastTest.log
Use "--rerun-failed --output-on-failure" to re-run the failed cases verbosely.
