Start testing: Oct 11 20:26 CST
----------------------------------------------------------
1/5 Testing: test_motor
1/5 Test: test_motor
Command: "/usr/bin/python3.10" "-u" "/opt/ros/humble/share/ament_cmake_test/cmake/run_test.py" "/home/yuan/rm/code/Ros/my_ros2_control/build/motor_interface/test_results/motor_interface/test_motor.gtest.xml" "--package-name" "motor_interface" "--output-file" "/home/yuan/rm/code/Ros/my_ros2_control/build/motor_interface/ament_cmake_gmock/test_motor.txt" "--command" "/home/yuan/rm/code/Ros/my_ros2_control/build/motor_interface/test_motor" "--gtest_output=xml:/home/yuan/rm/code/Ros/my_ros2_control/build/motor_interface/test_results/motor_interface/test_motor.gtest.xml"
Directory: /home/yuan/rm/code/Ros/my_ros2_control/build/motor_interface
"test_motor" start time: Oct 11 20:26 CST
Output:
----------------------------------------------------------
-- run_test.py: invoking following command in '/home/yuan/rm/code/Ros/my_ros2_control/build/motor_interface':
 - /home/yuan/rm/code/Ros/my_ros2_control/build/motor_interface/test_motor --gtest_output=xml:/home/yuan/rm/code/Ros/my_ros2_control/build/motor_interface/test_results/motor_interface/test_motor.gtest.xml
Running main() from gmock_main.cc
[==========] Running 1 test from 1 test suite.
[----------] Global test environment set-up.
[----------] 1 test from TestMotor
[ RUN      ] TestMotor.load_motor_2dof
[INFO] [1697027171.337241831] [resource_manager]: Loading hardware 'Motor2dof' 
[INFO] [1697027171.337519744] [resource_manager]: Initialize hardware 'Motor2dof' 
[INFO] [1697027171.337534901] [resource_manager]: Successful initialization of hardware 'Motor2dof'
[       OK ] TestMotor.load_motor_2dof (1 ms)
[----------] 1 test from TestMotor (1 ms total)

[----------] Global test environment tear-down
[==========] 1 test from 1 test suite ran. (1 ms total)
[  PASSED  ] 1 test.
-- run_test.py: return code 0
-- run_test.py: inject classname prefix into gtest result file '/home/yuan/rm/code/Ros/my_ros2_control/build/motor_interface/test_results/motor_interface/test_motor.gtest.xml'
-- run_test.py: verify result file '/home/yuan/rm/code/Ros/my_ros2_control/build/motor_interface/test_results/motor_interface/test_motor.gtest.xml'
<end of output>
Test time =   0.06 sec
----------------------------------------------------------
Test Passed.
"test_motor" end time: Oct 11 20:26 CST
"test_motor" time elapsed: 00:00:00
----------------------------------------------------------

2/5 Testing: cppcheck
2/5 Test: cppcheck
Command: "/usr/bin/python3.10" "-u" "/opt/ros/humble/share/ament_cmake_test/cmake/run_test.py" "/home/yuan/rm/code/Ros/my_ros2_control/build/motor_interface/test_results/motor_interface/cppcheck.xunit.xml" "--package-name" "motor_interface" "--output-file" "/home/yuan/rm/code/Ros/my_ros2_control/build/motor_interface/ament_cppcheck/cppcheck.txt" "--command" "/opt/ros/humble/bin/ament_cppcheck" "--xunit-file" "/home/yuan/rm/code/Ros/my_ros2_control/build/motor_interface/test_results/motor_interface/cppcheck.xunit.xml" "--include_dirs" "/home/yuan/rm/code/Ros/my_ros2_control/src/motor_interface/include"
Directory: /home/yuan/rm/code/Ros/my_ros2_control/src/motor_interface
"cppcheck" start time: Oct 11 20:26 CST
Output:
----------------------------------------------------------
-- run_test.py: invoking following command in '/home/yuan/rm/code/Ros/my_ros2_control/src/motor_interface':
 - /opt/ros/humble/bin/ament_cppcheck --xunit-file /home/yuan/rm/code/Ros/my_ros2_control/build/motor_interface/test_results/motor_interface/cppcheck.xunit.xml --include_dirs /home/yuan/rm/code/Ros/my_ros2_control/src/motor_interface/include
cppcheck 2.7 has known performance issues and therefore will not be used, set the AMENT_CPPCHECK_ALLOW_SLOW_VERSIONS environment variable to override this.
-- run_test.py: return code 0
-- run_test.py: verify result file '/home/yuan/rm/code/Ros/my_ros2_control/build/motor_interface/test_results/motor_interface/cppcheck.xunit.xml'
<end of output>
Test time =   0.11 sec
----------------------------------------------------------
Test Passed.
"cppcheck" end time: Oct 11 20:26 CST
"cppcheck" time elapsed: 00:00:00
----------------------------------------------------------

3/5 Testing: lint_cmake
3/5 Test: lint_cmake
Command: "/usr/bin/python3.10" "-u" "/opt/ros/humble/share/ament_cmake_test/cmake/run_test.py" "/home/yuan/rm/code/Ros/my_ros2_control/build/motor_interface/test_results/motor_interface/lint_cmake.xunit.xml" "--package-name" "motor_interface" "--output-file" "/home/yuan/rm/code/Ros/my_ros2_control/build/motor_interface/ament_lint_cmake/lint_cmake.txt" "--command" "/opt/ros/humble/bin/ament_lint_cmake" "--xunit-file" "/home/yuan/rm/code/Ros/my_ros2_control/build/motor_interface/test_results/motor_interface/lint_cmake.xunit.xml"
Directory: /home/yuan/rm/code/Ros/my_ros2_control/src/motor_interface
"lint_cmake" start time: Oct 11 20:26 CST
Output:
----------------------------------------------------------
-- run_test.py: invoking following command in '/home/yuan/rm/code/Ros/my_ros2_control/src/motor_interface':
 - /opt/ros/humble/bin/ament_lint_cmake --xunit-file /home/yuan/rm/code/Ros/my_ros2_control/build/motor_interface/test_results/motor_interface/lint_cmake.xunit.xml

No problems found
-- run_test.py: return code 0
-- run_test.py: verify result file '/home/yuan/rm/code/Ros/my_ros2_control/build/motor_interface/test_results/motor_interface/lint_cmake.xunit.xml'
<end of output>
Test time =   0.10 sec
----------------------------------------------------------
Test Passed.
"lint_cmake" end time: Oct 11 20:26 CST
"lint_cmake" time elapsed: 00:00:00
----------------------------------------------------------

4/5 Testing: uncrustify
4/5 Test: uncrustify
Command: "/usr/bin/python3.10" "-u" "/opt/ros/humble/share/ament_cmake_test/cmake/run_test.py" "/home/yuan/rm/code/Ros/my_ros2_control/build/motor_interface/test_results/motor_interface/uncrustify.xunit.xml" "--package-name" "motor_interface" "--output-file" "/home/yuan/rm/code/Ros/my_ros2_control/build/motor_interface/ament_uncrustify/uncrustify.txt" "--command" "/opt/ros/humble/bin/ament_uncrustify" "--xunit-file" "/home/yuan/rm/code/Ros/my_ros2_control/build/motor_interface/test_results/motor_interface/uncrustify.xunit.xml"
Directory: /home/yuan/rm/code/Ros/my_ros2_control/src/motor_interface
"uncrustify" start time: Oct 11 20:26 CST
Output:
----------------------------------------------------------
-- run_test.py: invoking following command in '/home/yuan/rm/code/Ros/my_ros2_control/src/motor_interface':
 - /opt/ros/humble/bin/ament_uncrustify --xunit-file /home/yuan/rm/code/Ros/my_ros2_control/build/motor_interface/test_results/motor_interface/uncrustify.xunit.xml
Code style divergence in file 'src/motor.cpp':

--- src/motor.cpp
+++ src/motor.cpp.uncrustify
@@ -27,2 +27 @@
-  if (hardware_interface::SystemInterface::on_init(info) != CallbackReturn::SUCCESS)
-  {
+  if (hardware_interface::SystemInterface::on_init(info) != CallbackReturn::SUCCESS) {
@@ -50,5 +49,5 @@
-  for (size_t i = 0; i < info_.joints.size(); ++i)
-  {
-    state_interfaces.emplace_back(hardware_interface::StateInterface(
-      // TODO(anyone): insert correct interfaces
-      info_.joints[i].name, hardware_interface::HW_IF_POSITION, &hw_states_[i]));
+  for (size_t i = 0; i < info_.joints.size(); ++i) {
+    state_interfaces.emplace_back(
+      hardware_interface::StateInterface(
+        // TODO(anyone): insert correct interfaces
+        info_.joints[i].name, hardware_interface::HW_IF_POSITION, &hw_states_[i]));
@@ -63,5 +62,5 @@
-  for (size_t i = 0; i < info_.joints.size(); ++i)
-  {
-    command_interfaces.emplace_back(hardware_interface::CommandInterface(
-      // TODO(anyone): insert correct interfaces
-      info_.joints[i].name, hardware_interface::HW_IF_POSITION, &hw_commands_[i]));
+  for (size_t i = 0; i < info_.joints.size(); ++i) {
+    command_interfaces.emplace_back(
+      hardware_interface::CommandInterface(
+        // TODO(anyone): insert correct interfaces
+        info_.joints[i].name, hardware_interface::HW_IF_POSITION, &hw_commands_[i]));

Code style divergence in file 'test/test_motor.cpp':

--- test/test_motor.cpp
+++ test/test_motor.cpp.uncrustify
@@ -55 +55 @@
-              ros2_control_test_assets::urdf_tail;
+    ros2_control_test_assets::urdf_tail;

2 files with code style divergence
No code style divergence in file 'include/motor_interface/motor.hpp'

No code style divergence in file 'include/motor_interface/visibility_control.h'

-- run_test.py: return code 1
-- run_test.py: verify result file '/home/yuan/rm/code/Ros/my_ros2_control/build/motor_interface/test_results/motor_interface/uncrustify.xunit.xml'
<end of output>
Test time =   0.12 sec
----------------------------------------------------------
Test Failed.
"uncrustify" end time: Oct 11 20:26 CST
"uncrustify" time elapsed: 00:00:00
----------------------------------------------------------

5/5 Testing: xmllint
5/5 Test: xmllint
Command: "/usr/bin/python3.10" "-u" "/opt/ros/humble/share/ament_cmake_test/cmake/run_test.py" "/home/yuan/rm/code/Ros/my_ros2_control/build/motor_interface/test_results/motor_interface/xmllint.xunit.xml" "--package-name" "motor_interface" "--output-file" "/home/yuan/rm/code/Ros/my_ros2_control/build/motor_interface/ament_xmllint/xmllint.txt" "--command" "/opt/ros/humble/bin/ament_xmllint" "--xunit-file" "/home/yuan/rm/code/Ros/my_ros2_control/build/motor_interface/test_results/motor_interface/xmllint.xunit.xml"
Directory: /home/yuan/rm/code/Ros/my_ros2_control/src/motor_interface
"xmllint" start time: Oct 11 20:26 CST
Output:
----------------------------------------------------------
-- run_test.py: invoking following command in '/home/yuan/rm/code/Ros/my_ros2_control/src/motor_interface':
 - /opt/ros/humble/bin/ament_xmllint --xunit-file /home/yuan/rm/code/Ros/my_ros2_control/build/motor_interface/test_results/motor_interface/xmllint.xunit.xml
File 'motor_interface.xml' is valid

File 'package.xml' is valid

No problems found
-- run_test.py: return code 0
-- run_test.py: verify result file '/home/yuan/rm/code/Ros/my_ros2_control/build/motor_interface/test_results/motor_interface/xmllint.xunit.xml'
<end of output>
Test time =   0.83 sec
----------------------------------------------------------
Test Passed.
"xmllint" end time: Oct 11 20:26 CST
"xmllint" time elapsed: 00:00:00
----------------------------------------------------------

End testing: Oct 11 20:26 CST

cppcheck =   0.11 sec*proc

gmock =   0.06 sec*proc

lint_cmake =   0.10 sec*proc

linter =   1.17 sec*proc

uncrustify =   0.12 sec*proc

xmllint =   0.83 sec*proc

