Start testing: Oct 19 20:04 CST
----------------------------------------------------------
1/2 Testing: lint_cmake
1/2 Test: lint_cmake
Command: "/usr/bin/python3.10" "-u" "/opt/ros/humble/share/ament_cmake_test/cmake/run_test.py" "/home/yuan/rm/code/Ros/my_ros2_control/build/test/test_results/test/lint_cmake.xunit.xml" "--package-name" "test" "--output-file" "/home/yuan/rm/code/Ros/my_ros2_control/build/test/ament_lint_cmake/lint_cmake.txt" "--command" "/opt/ros/humble/bin/ament_lint_cmake" "--xunit-file" "/home/yuan/rm/code/Ros/my_ros2_control/build/test/test_results/test/lint_cmake.xunit.xml"
Directory: /home/yuan/rm/code/Ros/my_ros2_control/src/test
"lint_cmake" start time: Oct 19 20:04 CST
Output:
----------------------------------------------------------
-- run_test.py: invoking following command in '/home/yuan/rm/code/Ros/my_ros2_control/src/test':
 - /opt/ros/humble/bin/ament_lint_cmake --xunit-file /home/yuan/rm/code/Ros/my_ros2_control/build/test/test_results/test/lint_cmake.xunit.xml
CMakeLists.txt:50: Lines should be <= 140 characters long [linelength]


1 errors
-- run_test.py: return code 1
-- run_test.py: verify result file '/home/yuan/rm/code/Ros/my_ros2_control/build/test/test_results/test/lint_cmake.xunit.xml'
<end of output>
Test time =   0.10 sec
----------------------------------------------------------
Test Failed.
"lint_cmake" end time: Oct 19 20:04 CST
"lint_cmake" time elapsed: 00:00:00
----------------------------------------------------------

2/2 Testing: xmllint
2/2 Test: xmllint
Command: "/usr/bin/python3.10" "-u" "/opt/ros/humble/share/ament_cmake_test/cmake/run_test.py" "/home/yuan/rm/code/Ros/my_ros2_control/build/test/test_results/test/xmllint.xunit.xml" "--package-name" "test" "--output-file" "/home/yuan/rm/code/Ros/my_ros2_control/build/test/ament_xmllint/xmllint.txt" "--command" "/opt/ros/humble/bin/ament_xmllint" "--xunit-file" "/home/yuan/rm/code/Ros/my_ros2_control/build/test/test_results/test/xmllint.xunit.xml"
Directory: /home/yuan/rm/code/Ros/my_ros2_control/src/test
"xmllint" start time: Oct 19 20:04 CST
Output:
----------------------------------------------------------
-- run_test.py: invoking following command in '/home/yuan/rm/code/Ros/my_ros2_control/src/test':
 - /opt/ros/humble/bin/ament_xmllint --xunit-file /home/yuan/rm/code/Ros/my_ros2_control/build/test/test_results/test/xmllint.xunit.xml
File 'package.xml' is valid

File 'test.xml' is valid

No problems found
-- run_test.py: return code 0
-- run_test.py: verify result file '/home/yuan/rm/code/Ros/my_ros2_control/build/test/test_results/test/xmllint.xunit.xml'
<end of output>
Test time =   2.61 sec
----------------------------------------------------------
Test Passed.
"xmllint" end time: Oct 19 20:04 CST
"xmllint" time elapsed: 00:00:02
----------------------------------------------------------

End testing: Oct 19 20:04 CST

lint_cmake =   0.10 sec*proc

linter =   2.71 sec*proc

xmllint =   2.61 sec*proc

