<?xml version="1.0" encoding="UTF-8"?>
<testsuites tests="2" failures="0" disabled="0" errors="0" time="0.034" timestamp="2023-10-16T15:27:03" name="AllTests">
  <testsuite name="GimbalControllerTest" tests="2" failures="0" disabled="0" errors="0" time="0.034" timestamp="2023-10-16T15:27:03">
    <testcase name="all_parameters_set_configure_success" status="run" result="completed" time="0.022" timestamp="2023-10-16T15:27:03" classname="gimbal_controller.GimbalControllerTest" />
    <testcase name="check_exported_intefaces" status="run" result="completed" time="0.012" timestamp="2023-10-16T15:27:03" classname="gimbal_controller.GimbalControllerTest" />
  </testsuite>
</testsuites>
