[0.000000] (-) TimerEvent: {}
[0.000552] (gimbal_controller) JobQueued: {'identifier': 'gimbal_controller', 'dependencies': OrderedDict([('gimbal_controller', '/home/yuan/rm/code/Ros/my_ros2_control/install/gimbal_controller')])}
[0.000625] (gimbal_controller) JobStarted: {'identifier': 'gimbal_controller'}
[0.085794] (gimbal_controller) Command: {'cmd': ['/usr/bin/ctest', '-C', 'RelWithDebInfo', '-D', 'ExperimentalTest', '--no-compress-output', '-V', '--force-new-ctest-process'], 'cwd': '/home/yuan/rm/code/Ros/my_ros2_control/build/gimbal_controller', 'env': OrderedDict([('RAW_TERMINAL_COLOR_LIGHT_CYAN', '\x1b[1;36m'), ('LESSOPEN', '| /usr/bin/lesspipe %s'), ('LANGUAGE', 'zh_CN:zh'), ('USER', 'yuan'), ('XDG_SEAT', 'seat0'), ('TERMINAL_COLOR_USER_INPUT_DECISION', '\\e[0;35m'), ('SSH_AGENT_PID', '1223'), ('XDG_SESSION_TYPE', 'x11'), ('GIT_ASKPASS', '/usr/share/code/resources/app/extensions/git/dist/askpass.sh'), ('TERMINAL_COLOR_GREEN', '\\e[0;32m'), ('RAW_TERMINAL_COLOR_WHITE', '\x1b[1;37m'), ('RAW_TERMINAL_COLOR_GRAY', '\x1b[1;30m'), ('SHLVL', '2'), ('LD_LIBRARY_PATH', '/home/yuan/rm/code/Ros/my_ros2_control/install/gimbal_controller/lib:/home/yuan/rm/code/Ros/my_ros2_control/install/motor_interface/lib:/opt/ros/humble/opt/rviz_ogre_vendor/lib:/opt/ros/humble/lib/x86_64-linux-gnu:/opt/ros/humble/lib'), ('HOME', '/home/yuan'), ('CHROME_DESKTOP', 'code-url-handler.desktop'), ('ROS_WS_CACHE_SOURCED_TIME', '0'), ('OLDPWD', '/home/yuan/rm/code/Ros/my_ros2_control'), ('TERM_PROGRAM_VERSION', '1.83.1'), ('DESKTOP_SESSION', 'xfce'), ('TERMINAL_COLOR_LIGHT_GREEN', '\\e[1;32m'), ('RAW_TERMINAL_COLOR_BLACK', '\x1b[0;30m'), ('RAW_TERMINAL_COLOR_LIGHT_GRAY', '\x1b[0;37m'), ('GIO_LAUNCHED_DESKTOP_FILE', '/usr/share/applications/code.desktop'), ('ROS_PYTHON_VERSION', '3'), ('XDG_SEAT_PATH', '/org/freedesktop/DisplayManager/Seat0'), ('TERMINAL_COLOR_BLUE', '\\e[0;34m'), ('VSCODE_GIT_ASKPASS_MAIN', '/usr/share/code/resources/app/extensions/git/dist/askpass-main.js'), ('TERMINAL_COLOR_RED', '\\e[0;31m'), ('VSCODE_GIT_ASKPASS_NODE', '/usr/share/code/code'), ('DBUS_SESSION_BUS_ADDRESS', 'unix:path=/run/user/1000/bus'), ('COLORTERM', 'truecolor'), ('TERMINAL_COLOR_LIGHT_BLUE', '\\e[1;34m'), ('TERMINAL_COLOR_CYAN', '\\e[0;36m'), ('RAW_TERMINAL_COLOR_BROWN', '\x1b[0;33m'), ('GIO_LAUNCHED_DESKTOP_FILE_PID', '4659'), ('TERMINAL_COLOR_LIGHT_RED', '\\e[1;31m'), ('RAW_TERMINAL_COLOR_PURPLE', '\x1b[0;35m'), ('COLCON_PREFIX_PATH', '/home/yuan/rm/code/Ros/my_ros2_control/install'), ('ROS_DISTRO', 'humble'), ('TERMINAL_COLOR_NC', '\\e[0m'), ('GTK_IM_MODULE', 'fcitx'), ('TERMINAL_COLOR_LIGHT_CYAN', '\\e[1;36m'), ('LOGNAME', 'yuan'), ('_', '/usr/bin/colcon'), ('ROS_VERSION', '2'), ('XDG_SESSION_CLASS', 'user'), ('RAW_TERMINAL_COLOR_LIGHT_PURPLE', '\x1b[1;35m'), ('RAW_TERMINAL_COLOR_YELLOW', '\x1b[1;33m'), ('TERMINAL_COLOR_USER_CONFIRMATION', '\\e[0;34m'), ('TERM', 'xterm-256color'), ('XDG_SESSION_ID', 'c1'), ('ROS_LOCALHOST_ONLY', '0'), ('TERMINAL_COLOR_WHITE', '\\e[1;37m'), ('TERMINAL_COLOR_GRAY', '\\e[1;30m'), ('PATH', '/home/yuan/rm/arm-gnu-toolchain-12.3.rel1-x86_64-arm-none-eabi/bin:/home/yuan/rm/arm-gnu-toolchain-12.3.rel1-x86_64-arm-none-eabi/bin:/home/yuan/rm/arm-gnu-toolchain-12.3.rel1-x86_64-arm-none-eabi/bin:/opt/ros/humble/bin:/usr/local/sbin:/usr/local/bin:/usr/sbin:/usr/bin:/sbin:/bin:/usr/games:/usr/local/games:/snap/bin:/home/yuan/.fzf/bin'), ('SESSION_MANAGER', 'local/yuan:@/tmp/.ICE-unix/1014,unix/yuan:/tmp/.ICE-unix/1014'), ('GDM_LANG', 'zh_CN'), ('XDG_SESSION_PATH', '/org/freedesktop/DisplayManager/Session0'), ('XDG_MENU_PREFIX', 'xfce-'), ('XDG_RUNTIME_DIR', '/run/user/1000'), ('GDK_BACKEND', 'x11'), ('RTW_COLOR_NOTIFY_USER', '\\e[1;33m'), ('TERMINAL_COLOR_LIGHT_GRAY', '\\e[0;37m'), ('TERMINAL_COLOR_BLACK', '\\e[0;30m'), ('DISPLAY', ':0.0'), ('LANG', 'zh_CN.UTF-8'), ('XDG_CURRENT_DESKTOP', 'XFCE'), ('XMODIFIERS', '@im=fcitx'), ('XDG_SESSION_DESKTOP', 'xfce'), ('XAUTHORITY', '/home/yuan/.Xauthority'), ('LS_COLORS', 'rs=0:di=01;34:ln=01;36:mh=00:pi=40;33:so=01;35:do=01;35:bd=40;33;01:cd=40;33;01:or=40;31;01:mi=00:su=37;41:sg=30;43:ca=30;41:tw=30;42:ow=34;42:st=37;44:ex=01;32:*.tar=01;31:*.tgz=01;31:*.arc=01;31:*.arj=01;31:*.taz=01;31:*.lha=01;31:*.lz4=01;31:*.lzh=01;31:*.lzma=01;31:*.tlz=01;31:*.txz=01;31:*.tzo=01;31:*.t7z=01;31:*.zip=01;31:*.z=01;31:*.dz=01;31:*.gz=01;31:*.lrz=01;31:*.lz=01;31:*.lzo=01;31:*.xz=01;31:*.zst=01;31:*.tzst=01;31:*.bz2=01;31:*.bz=01;31:*.tbz=01;31:*.tbz2=01;31:*.tz=01;31:*.deb=01;31:*.rpm=01;31:*.jar=01;31:*.war=01;31:*.ear=01;31:*.sar=01;31:*.rar=01;31:*.alz=01;31:*.ace=01;31:*.zoo=01;31:*.cpio=01;31:*.7z=01;31:*.rz=01;31:*.cab=01;31:*.wim=01;31:*.swm=01;31:*.dwm=01;31:*.esd=01;31:*.jpg=01;35:*.jpeg=01;35:*.mjpg=01;35:*.mjpeg=01;35:*.gif=01;35:*.bmp=01;35:*.pbm=01;35:*.pgm=01;35:*.ppm=01;35:*.tga=01;35:*.xbm=01;35:*.xpm=01;35:*.tif=01;35:*.tiff=01;35:*.png=01;35:*.svg=01;35:*.svgz=01;35:*.mng=01;35:*.pcx=01;35:*.mov=01;35:*.mpg=01;35:*.mpeg=01;35:*.m2v=01;35:*.mkv=01;35:*.webm=01;35:*.webp=01;35:*.ogm=01;35:*.mp4=01;35:*.m4v=01;35:*.mp4v=01;35:*.vob=01;35:*.qt=01;35:*.nuv=01;35:*.wmv=01;35:*.asf=01;35:*.rm=01;35:*.rmvb=01;35:*.flc=01;35:*.avi=01;35:*.fli=01;35:*.flv=01;35:*.gl=01;35:*.dl=01;35:*.xcf=01;35:*.xwd=01;35:*.yuv=01;35:*.cgm=01;35:*.emf=01;35:*.ogv=01;35:*.ogx=01;35:*.aac=00;36:*.au=00;36:*.flac=00;36:*.m4a=00;36:*.mid=00;36:*.midi=00;36:*.mka=00;36:*.mp3=00;36:*.mpc=00;36:*.ogg=00;36:*.ra=00;36:*.wav=00;36:*.oga=00;36:*.opus=00;36:*.spx=00;36:*.xspf=00;36:'), ('VSCODE_GIT_IPC_HANDLE', '/run/user/1000/vscode-git-be293a297e.sock'), ('TERM_PROGRAM', 'vscode'), ('SSH_AUTH_SOCK', '/tmp/ssh-XXXXXX4C65ov/agent.1222'), ('GSETTINGS_SCHEMA_DIR', '/home/yuan/data'), ('XDG_GREETER_DATA_DIR', '/var/lib/lightdm-data/yuan'), ('AMENT_PREFIX_PATH', '/home/yuan/rm/code/Ros/my_ros2_control/install/gimbal_controller:/home/yuan/rm/code/Ros/my_ros2_control/install/motor_interface:/opt/ros/humble'), ('ORIGINAL_XDG_CURRENT_DESKTOP', 'XFCE'), ('SHELL', '/bin/bash'), ('TERMINAL_COLOR_BROWN', '\\e[0;33m'), ('ROS_WS', '/home/yuan/rm/code/Ros/my_ros2_control'), ('QT_ACCESSIBILITY', '1'), ('RAW_TERMINAL_COLOR_GREEN', '\x1b[0;32m'), ('GDMSESSION', 'xfce'), ('LESSCLOSE', '/usr/bin/lesspipe %s %s'), ('TERMINAL_COLOR_PURPLE', '\\e[0;35m'), ('RAW_TERMINAL_COLOR_LIGHT_GREEN', '\x1b[1;32m'), ('TERMINAL_COLOR_USER_NOTICE', '\\e[1;33m'), ('VSCODE_GIT_ASKPASS_EXTRA_ARGS', '--ms-enable-electron-run-as-node'), ('QT_IM_MODULE', 'fcitx'), ('XDG_VTNR', '7'), ('TERMINAL_COLOR_LIGHT_PURPLE', '\\e[1;35m'), ('TERMINAL_COLOR_YELLOW', '\\e[1;33m'), ('PWD', '/home/yuan/rm/code/Ros/my_ros2_control/build/gimbal_controller'), ('RAW_TERMINAL_COLOR_BLUE', '\x1b[0;34m'), ('XDG_CONFIG_DIRS', '/etc/xdg/xdg-xfce:/etc/xdg:/etc/xdg'), ('RAW_TERMINAL_COLOR_RED', '\x1b[0;31m'), ('CLUTTER_IM_MODULE', 'xim'), ('XDG_DATA_DIRS', '/usr/share/xfce4:/usr/local/share:/usr/share:/var/lib/snapd/desktop:/usr/share'), ('PYTHONPATH', '/opt/ros/humble/lib/python3.10/site-packages:/opt/ros/humble/local/lib/python3.10/dist-packages'), ('RAW_TERMINAL_COLOR_CYAN', '\x1b[0;36m'), ('RAW_TERMINAL_COLOR_LIGHT_BLUE', '\x1b[1;34m'), ('RTW_COLOR_ERROR', '\\e[0;31m'), ('COLCON', '1'), ('RAW_TERMINAL_COLOR_LIGHT_RED', '\x1b[1;31m'), ('CMAKE_PREFIX_PATH', '/home/yuan/rm/code/Ros/my_ros2_control/install/gimbal_controller:/home/yuan/rm/code/Ros/my_ros2_control/install/motor_interface'), ('RAW_TERMINAL_COLOR_NC', '\x1b[0m')]), 'shell': False}
[0.094335] (gimbal_controller) StdoutLine: {'line': b'UpdateCTestConfiguration  from :/home/yuan/rm/code/Ros/my_ros2_control/build/gimbal_controller/CTestConfiguration.ini\n'}
[0.094551] (gimbal_controller) StdoutLine: {'line': b'Parse Config file:/home/yuan/rm/code/Ros/my_ros2_control/build/gimbal_controller/CTestConfiguration.ini\n'}
[0.094675] (gimbal_controller) StdoutLine: {'line': b'   Site: yuan\n'}
[0.094778] (gimbal_controller) StdoutLine: {'line': b'   Build name: (empty)\n'}
[0.094939] (gimbal_controller) StdoutLine: {'line': b' Add coverage exclude regular expressions.\n'}
[0.095027] (gimbal_controller) StdoutLine: {'line': b'Create new tag: 20231016-0727 - Experimental\n'}
[0.095123] (gimbal_controller) StdoutLine: {'line': b'UpdateCTestConfiguration  from :/home/yuan/rm/code/Ros/my_ros2_control/build/gimbal_controller/CTestConfiguration.ini\n'}
[0.095282] (gimbal_controller) StdoutLine: {'line': b'Parse Config file:/home/yuan/rm/code/Ros/my_ros2_control/build/gimbal_controller/CTestConfiguration.ini\n'}
[0.095379] (gimbal_controller) StdoutLine: {'line': b'Test project /home/yuan/rm/code/Ros/my_ros2_control/build/gimbal_controller\n'}
[0.095473] (gimbal_controller) StdoutLine: {'line': b'Constructing a list of tests\n'}
[0.095567] (gimbal_controller) StdoutLine: {'line': b'Done constructing a list of tests\n'}
[0.095660] (gimbal_controller) StdoutLine: {'line': b'Updating test list for fixtures\n'}
[0.095751] (gimbal_controller) StdoutLine: {'line': b'Added 0 tests to meet fixture requirements\n'}
[0.095840] (gimbal_controller) StdoutLine: {'line': b'Checking test dependency graph...\n'}
[0.095934] (gimbal_controller) StdoutLine: {'line': b'Checking test dependency graph end\n'}
[0.096012] (gimbal_controller) StdoutLine: {'line': b'test 1\n'}
[0.096089] (gimbal_controller) StdoutLine: {'line': b'    Start 1: test_load_gimbal_controller\n'}
[0.096208] (gimbal_controller) StdoutLine: {'line': b'\n'}
[0.096273] (gimbal_controller) StdoutLine: {'line': b'1: Test command: /usr/bin/python3.10 "-u" "/opt/ros/humble/share/ament_cmake_test/cmake/run_test.py" "/home/yuan/rm/code/Ros/my_ros2_control/build/gimbal_controller/test_results/gimbal_controller/test_load_gimbal_controller.gtest.xml" "--package-name" "gimbal_controller" "--output-file" "/home/yuan/rm/code/Ros/my_ros2_control/build/gimbal_controller/ament_cmake_gmock/test_load_gimbal_controller.txt" "--command" "/home/yuan/rm/code/Ros/my_ros2_control/build/gimbal_controller/test_load_gimbal_controller" "--gtest_output=xml:/home/yuan/rm/code/Ros/my_ros2_control/build/gimbal_controller/test_results/gimbal_controller/test_load_gimbal_controller.gtest.xml"\n'}
[0.096336] (gimbal_controller) StdoutLine: {'line': b'1: Test timeout computed to be: 60\n'}
[0.099624] (-) TimerEvent: {}
[0.140459] (gimbal_controller) StdoutLine: {'line': b"1: -- run_test.py: invoking following command in '/home/yuan/rm/code/Ros/my_ros2_control/build/gimbal_controller':\n"}
[0.140647] (gimbal_controller) StdoutLine: {'line': b'1:  - /home/yuan/rm/code/Ros/my_ros2_control/build/gimbal_controller/test_load_gimbal_controller --gtest_output=xml:/home/yuan/rm/code/Ros/my_ros2_control/build/gimbal_controller/test_results/gimbal_controller/test_load_gimbal_controller.gtest.xml\n'}
[0.146157] (gimbal_controller) StdoutLine: {'line': b'1: Running main() from gmock_main.cc\n'}
[0.146292] (gimbal_controller) StdoutLine: {'line': b'1: [==========] Running 1 test from 1 test suite.\n'}
[0.146368] (gimbal_controller) StdoutLine: {'line': b'1: [----------] Global test environment set-up.\n'}
[0.146436] (gimbal_controller) StdoutLine: {'line': b'1: [----------] 1 test from TestLoadGimbalController\n'}
[0.146504] (gimbal_controller) StdoutLine: {'line': b'1: [ RUN      ] TestLoadGimbalController.load_controller\n'}
[0.152087] (gimbal_controller) StdoutLine: {'line': b"1: [INFO] [1697441222.303332032] [resource_manager]: Loading hardware 'TestActuatorHardware' \n"}
[0.152786] (gimbal_controller) StdoutLine: {'line': b"1: [INFO] [1697441222.304090551] [resource_manager]: Initialize hardware 'TestActuatorHardware' \n"}
[0.152911] (gimbal_controller) StdoutLine: {'line': b"1: [INFO] [1697441222.304106965] [resource_manager]: Successful initialization of hardware 'TestActuatorHardware'\n"}
[0.152994] (gimbal_controller) StdoutLine: {'line': b"1: [INFO] [1697441222.304118699] [resource_manager]: Loading hardware 'TestSensorHardware' \n"}
[0.153106] (gimbal_controller) StdoutLine: {'line': b"1: [INFO] [1697441222.304170594] [resource_manager]: Initialize hardware 'TestSensorHardware' \n"}
[0.153190] (gimbal_controller) StdoutLine: {'line': b"1: [INFO] [1697441222.304181699] [resource_manager]: Successful initialization of hardware 'TestSensorHardware'\n"}
[0.153268] (gimbal_controller) StdoutLine: {'line': b"1: [INFO] [1697441222.304189662] [resource_manager]: Loading hardware 'TestSystemHardware' \n"}
[0.153367] (gimbal_controller) StdoutLine: {'line': b"1: [INFO] [1697441222.304237925] [resource_manager]: Initialize hardware 'TestSystemHardware' \n"}
[0.153422] (gimbal_controller) StdoutLine: {'line': b"1: [INFO] [1697441222.304251195] [resource_manager]: Successful initialization of hardware 'TestSystemHardware'\n"}
[0.166469] (gimbal_controller) StdoutLine: {'line': b"1: [WARN] [1697441222.317692000] [test_controller_manager]: 'update_rate' parameter not set, using default value.\n"}
[0.168785] (gimbal_controller) StdoutLine: {'line': b"1: [INFO] [1697441222.320058705] [test_controller_manager]: Loading controller 'test_gimbal_controller'\n"}
[0.172583] (gimbal_controller) StdoutLine: {'line': b"1: Exception thrown during controller's init with message: Invalid value set during initialization for parameter 'joints': Parameter 'joints' cannot be empty \n"}
[0.172723] (gimbal_controller) StdoutLine: {'line': b"1: [ERROR] [1697441222.323848577] [test_controller_manager]: Could not initialize the controller named 'test_gimbal_controller'\n"}
[0.176529] (gimbal_controller) StdoutLine: {'line': b'1: [       OK ] TestLoadGimbalController.load_controller (30 ms)\n'}
[0.176661] (gimbal_controller) StdoutLine: {'line': b'1: [----------] 1 test from TestLoadGimbalController (30 ms total)\n'}
[0.176729] (gimbal_controller) StdoutLine: {'line': b'1: \n'}
[0.176819] (gimbal_controller) StdoutLine: {'line': b'1: [----------] Global test environment tear-down\n'}
[0.176878] (gimbal_controller) StdoutLine: {'line': b'1: [==========] 1 test from 1 test suite ran. (30 ms total)\n'}
[0.176932] (gimbal_controller) StdoutLine: {'line': b'1: [  PASSED  ] 1 test.\n'}
[0.199756] (-) TimerEvent: {}
[0.279680] (gimbal_controller) StdoutLine: {'line': b'1: -- run_test.py: return code 0\n'}
[0.279903] (gimbal_controller) StdoutLine: {'line': b"1: -- run_test.py: inject classname prefix into gtest result file '/home/yuan/rm/code/Ros/my_ros2_control/build/gimbal_controller/test_results/gimbal_controller/test_load_gimbal_controller.gtest.xml'\n"}
[0.280048] (gimbal_controller) StdoutLine: {'line': b"1: -- run_test.py: verify result file '/home/yuan/rm/code/Ros/my_ros2_control/build/gimbal_controller/test_results/gimbal_controller/test_load_gimbal_controller.gtest.xml'\n"}
[0.287088] (gimbal_controller) StdoutLine: {'line': b'1/3 Test #1: test_load_gimbal_controller .........   Passed    0.19 sec\n'}
[0.287330] (gimbal_controller) StdoutLine: {'line': b'test 2\n'}
[0.287412] (gimbal_controller) StdoutLine: {'line': b'    Start 2: test_gimbal_controller\n'}
[0.287482] (gimbal_controller) StdoutLine: {'line': b'\n'}
[0.287552] (gimbal_controller) StdoutLine: {'line': b'2: Test command: /usr/bin/python3.10 "-u" "/opt/ros/humble/share/ament_cmake_test/cmake/run_test.py" "/home/yuan/rm/code/Ros/my_ros2_control/build/gimbal_controller/test_results/gimbal_controller/test_gimbal_controller.gtest.xml" "--package-name" "gimbal_controller" "--output-file" "/home/yuan/rm/code/Ros/my_ros2_control/build/gimbal_controller/test_results/gimbal_controller/test_gimbal_controller.txt" "--command" "/home/yuan/rm/code/Ros/my_ros2_control/build/gimbal_controller/test_gimbal_controller" "--ros-args" "--params-file" "/home/yuan/rm/code/Ros/my_ros2_control/src/gimbal_controller/test/gimbal_controller_params.yaml" "--" "--gtest_output=xml:/home/yuan/rm/code/Ros/my_ros2_control/build/gimbal_controller/test_results/gimbal_controller/test_gimbal_controller.gtest.xml"\n'}
[0.287627] (gimbal_controller) StdoutLine: {'line': b'2: Test timeout computed to be: 60\n'}
[0.299873] (-) TimerEvent: {}
[0.333308] (gimbal_controller) StdoutLine: {'line': b"2: -- run_test.py: invoking following command in '/home/yuan/rm/code/Ros/my_ros2_control/build/gimbal_controller':\n"}
[0.333465] (gimbal_controller) StdoutLine: {'line': b'2:  - /home/yuan/rm/code/Ros/my_ros2_control/build/gimbal_controller/test_gimbal_controller --ros-args --params-file /home/yuan/rm/code/Ros/my_ros2_control/src/gimbal_controller/test/gimbal_controller_params.yaml -- --gtest_output=xml:/home/yuan/rm/code/Ros/my_ros2_control/build/gimbal_controller/test_results/gimbal_controller/test_gimbal_controller.gtest.xml\n'}
[0.344733] (gimbal_controller) StdoutLine: {'line': b'2: [==========] Running 11 tests from 1 test suite.\n'}
[0.344914] (gimbal_controller) StdoutLine: {'line': b'2: [----------] Global test environment set-up.\n'}
[0.344993] (gimbal_controller) StdoutLine: {'line': b'2: [----------] 11 tests from GimbalControllerTest\n'}
[0.345067] (gimbal_controller) StdoutLine: {'line': b'2: [ RUN      ] GimbalControllerTest.all_parameters_set_configure_success\n'}
[0.362724] (gimbal_controller) StdoutLine: {'line': b'2: [INFO] [1697441222.513894000] [test_gimbal_controller]: configure successful\n'}
[0.366897] (gimbal_controller) StdoutLine: {'line': b'2: [       OK ] GimbalControllerTest.all_parameters_set_configure_success (23 ms)\n'}
[0.367052] (gimbal_controller) StdoutLine: {'line': b'2: [ RUN      ] GimbalControllerTest.check_exported_intefaces\n'}
[0.375913] (gimbal_controller) StdoutLine: {'line': b'2: [INFO] [1697441222.527109414] [test_gimbal_controller]: configure successful\n'}
[0.379826] (gimbal_controller) StdoutLine: {'line': b'2: [       OK ] GimbalControllerTest.check_exported_intefaces (13 ms)\n'}
[0.379999] (gimbal_controller) StdoutLine: {'line': b'2: [ RUN      ] GimbalControllerTest.activate_success\n'}
[0.389366] (gimbal_controller) StdoutLine: {'line': b'2: [INFO] [1697441222.540578786] [test_gimbal_controller]: configure successful\n'}
[0.393278] (gimbal_controller) StdoutLine: {'line': b'2: [       OK ] GimbalControllerTest.activate_success (13 ms)\n'}
[0.393433] (gimbal_controller) StdoutLine: {'line': b'2: [ RUN      ] GimbalControllerTest.update_success\n'}
[0.399908] (-) TimerEvent: {}
[0.402050] (gimbal_controller) StdoutLine: {'line': b'2: [INFO] [1697441222.553322605] [test_gimbal_controller]: configure successful\n'}
[0.406188] (gimbal_controller) StdoutLine: {'line': b'2: [       OK ] GimbalControllerTest.update_success (13 ms)\n'}
[0.406359] (gimbal_controller) StdoutLine: {'line': b'2: [ RUN      ] GimbalControllerTest.deactivate_success\n'}
[0.415137] (gimbal_controller) StdoutLine: {'line': b'2: [INFO] [1697441222.566349158] [test_gimbal_controller]: configure successful\n'}
[0.419676] (gimbal_controller) StdoutLine: {'line': b'2: [       OK ] GimbalControllerTest.deactivate_success (13 ms)\n'}
[0.419886] (gimbal_controller) StdoutLine: {'line': b'2: [ RUN      ] GimbalControllerTest.reactivate_success\n'}
[0.428629] (gimbal_controller) StdoutLine: {'line': b'2: [INFO] [1697441222.579833685] [test_gimbal_controller]: configure successful\n'}
[0.432432] (gimbal_controller) StdoutLine: {'line': b'2: [       OK ] GimbalControllerTest.reactivate_success (13 ms)\n'}
[0.432593] (gimbal_controller) StdoutLine: {'line': b'2: [ RUN      ] GimbalControllerTest.test_setting_slow_mode_service\n'}
[0.441930] (gimbal_controller) StdoutLine: {'line': b'2: [INFO] [1697441222.593145765] [test_gimbal_controller]: configure successful\n'}
[0.445811] (gimbal_controller) StdoutLine: {'line': b'2: [       OK ] GimbalControllerTest.test_setting_slow_mode_service (14 ms)\n'}
[0.445980] (gimbal_controller) StdoutLine: {'line': b'2: [ RUN      ] GimbalControllerTest.test_update_logic_fast\n'}
[0.454629] (gimbal_controller) StdoutLine: {'line': b'2: [INFO] [1697441222.605839366] [test_gimbal_controller]: configure successful\n'}
[0.460419] (gimbal_controller) StdoutLine: {'line': b'2: [       OK ] GimbalControllerTest.test_update_logic_fast (14 ms)\n'}
[0.460615] (gimbal_controller) StdoutLine: {'line': b'2: [ RUN      ] GimbalControllerTest.test_update_logic_slow\n'}
[0.469488] (gimbal_controller) StdoutLine: {'line': b'2: [INFO] [1697441222.620701800] [test_gimbal_controller]: configure successful\n'}
[0.474261] (gimbal_controller) StdoutLine: {'line': b'2: [       OK ] GimbalControllerTest.test_update_logic_slow (14 ms)\n'}
[0.474447] (gimbal_controller) StdoutLine: {'line': b'2: [ RUN      ] GimbalControllerTest.publish_status_success\n'}
[0.483571] (gimbal_controller) StdoutLine: {'line': b'2: [INFO] [1697441222.634768768] [test_gimbal_controller]: configure successful\n'}
[0.491132] (gimbal_controller) StdoutLine: {'line': b'2: [       OK ] GimbalControllerTest.publish_status_success (17 ms)\n'}
[0.491308] (gimbal_controller) StdoutLine: {'line': b'2: [ RUN      ] GimbalControllerTest.receive_message_and_publish_updated_status\n'}
[0.499792] (gimbal_controller) StdoutLine: {'line': b'2: [INFO] [1697441222.651004289] [test_gimbal_controller]: configure successful\n'}
[0.500039] (-) TimerEvent: {}
[0.600281] (-) TimerEvent: {}
[0.700563] (-) TimerEvent: {}
[0.800839] (-) TimerEvent: {}
[0.901165] (-) TimerEvent: {}
[1.001616] (-) TimerEvent: {}
[1.003533] (gimbal_controller) StdoutLine: {'line': b'2: unknown file: Failure\n'}
[1.003741] (gimbal_controller) StdoutLine: {'line': b'2: C++ exception with description "publishing to /test_gimbal_controller/commands but no node subscribes to it" thrown in the test body.\n'}
[1.007382] (gimbal_controller) StdoutLine: {'line': b'2: [  FAILED  ] GimbalControllerTest.receive_message_and_publish_updated_status (516 ms)\n'}
[1.007518] (gimbal_controller) StdoutLine: {'line': b'2: [----------] 11 tests from GimbalControllerTest (663 ms total)\n'}
[1.007593] (gimbal_controller) StdoutLine: {'line': b'2: \n'}
[1.007663] (gimbal_controller) StdoutLine: {'line': b'2: [----------] Global test environment tear-down\n'}
[1.007806] (gimbal_controller) StdoutLine: {'line': b'2: [==========] 11 tests from 1 test suite ran. (663 ms total)\n'}
[1.007890] (gimbal_controller) StdoutLine: {'line': b'2: [  PASSED  ] 10 tests.\n'}
[1.007957] (gimbal_controller) StdoutLine: {'line': b'2: [  FAILED  ] 1 test, listed below:\n'}
[1.008022] (gimbal_controller) StdoutLine: {'line': b'2: [  FAILED  ] GimbalControllerTest.receive_message_and_publish_updated_status\n'}
[1.008086] (gimbal_controller) StdoutLine: {'line': b'2: \n'}
[1.008146] (gimbal_controller) StdoutLine: {'line': b'2:  1 FAILED TEST\n'}
[1.101734] (-) TimerEvent: {}
[1.110863] (gimbal_controller) StdoutLine: {'line': b'2: -- run_test.py: return code 1\n'}
[1.111066] (gimbal_controller) StdoutLine: {'line': b"2: -- run_test.py: inject classname prefix into gtest result file '/home/yuan/rm/code/Ros/my_ros2_control/build/gimbal_controller/test_results/gimbal_controller/test_gimbal_controller.gtest.xml'\n"}
[1.111187] (gimbal_controller) StdoutLine: {'line': b"2: -- run_test.py: verify result file '/home/yuan/rm/code/Ros/my_ros2_control/build/gimbal_controller/test_results/gimbal_controller/test_gimbal_controller.gtest.xml'\n"}
[1.121238] (gimbal_controller) StdoutLine: {'line': b'2/3 Test #2: test_gimbal_controller ..............***Failed    0.83 sec\n'}
[1.121442] (gimbal_controller) StdoutLine: {'line': b'test 3\n'}
[1.121518] (gimbal_controller) StdoutLine: {'line': b'    Start 3: test_gimbal_controller_preceeding\n'}
[1.121586] (gimbal_controller) StdoutLine: {'line': b'\n'}
[1.121653] (gimbal_controller) StdoutLine: {'line': b'3: Test command: /usr/bin/python3.10 "-u" "/opt/ros/humble/share/ament_cmake_test/cmake/run_test.py" "/home/yuan/rm/code/Ros/my_ros2_control/build/gimbal_controller/test_results/gimbal_controller/test_gimbal_controller_preceeding.gtest.xml" "--package-name" "gimbal_controller" "--output-file" "/home/yuan/rm/code/Ros/my_ros2_control/build/gimbal_controller/test_results/gimbal_controller/test_gimbal_controller_preceeding.txt" "--command" "/home/yuan/rm/code/Ros/my_ros2_control/build/gimbal_controller/test_gimbal_controller_preceeding" "--ros-args" "--params-file" "/home/yuan/rm/code/Ros/my_ros2_control/src/gimbal_controller/test/gimbal_controller_preceeding_params.yaml" "--" "--gtest_output=xml:/home/yuan/rm/code/Ros/my_ros2_control/build/gimbal_controller/test_results/gimbal_controller/test_gimbal_controller_preceeding.gtest.xml"\n'}
[1.121721] (gimbal_controller) StdoutLine: {'line': b'3: Test timeout computed to be: 60\n'}
[1.165579] (gimbal_controller) StdoutLine: {'line': b"3: -- run_test.py: invoking following command in '/home/yuan/rm/code/Ros/my_ros2_control/build/gimbal_controller':\n"}
[1.165750] (gimbal_controller) StdoutLine: {'line': b'3:  - /home/yuan/rm/code/Ros/my_ros2_control/build/gimbal_controller/test_gimbal_controller_preceeding --ros-args --params-file /home/yuan/rm/code/Ros/my_ros2_control/src/gimbal_controller/test/gimbal_controller_preceeding_params.yaml -- --gtest_output=xml:/home/yuan/rm/code/Ros/my_ros2_control/build/gimbal_controller/test_results/gimbal_controller/test_gimbal_controller_preceeding.gtest.xml\n'}
[1.176133] (gimbal_controller) StdoutLine: {'line': b'3: [==========] Running 2 tests from 1 test suite.\n'}
[1.176299] (gimbal_controller) StdoutLine: {'line': b'3: [----------] Global test environment set-up.\n'}
[1.176372] (gimbal_controller) StdoutLine: {'line': b'3: [----------] 2 tests from GimbalControllerTest\n'}
[1.176441] (gimbal_controller) StdoutLine: {'line': b'3: [ RUN      ] GimbalControllerTest.all_parameters_set_configure_success\n'}
[1.193869] (gimbal_controller) StdoutLine: {'line': b'3: [INFO] [1697441223.345055093] [test_gimbal_controller]: configure successful\n'}
[1.197795] (gimbal_controller) StdoutLine: {'line': b'3: [       OK ] GimbalControllerTest.all_parameters_set_configure_success (22 ms)\n'}
[1.198013] (gimbal_controller) StdoutLine: {'line': b'3: [ RUN      ] GimbalControllerTest.check_exported_intefaces\n'}
[1.201806] (-) TimerEvent: {}
[1.206539] (gimbal_controller) StdoutLine: {'line': b'3: [INFO] [1697441223.357766231] [test_gimbal_controller]: configure successful\n'}
[1.210472] (gimbal_controller) StdoutLine: {'line': b'3: [       OK ] GimbalControllerTest.check_exported_intefaces (12 ms)\n'}
[1.210634] (gimbal_controller) StdoutLine: {'line': b'3: [----------] 2 tests from GimbalControllerTest (34 ms total)\n'}
[1.210735] (gimbal_controller) StdoutLine: {'line': b'3: \n'}
[1.210801] (gimbal_controller) StdoutLine: {'line': b'3: [----------] Global test environment tear-down\n'}
[1.210863] (gimbal_controller) StdoutLine: {'line': b'3: [==========] 2 tests from 1 test suite ran. (34 ms total)\n'}
[1.210920] (gimbal_controller) StdoutLine: {'line': b'3: [  PASSED  ] 2 tests.\n'}
[1.301921] (-) TimerEvent: {}
[1.313542] (gimbal_controller) StdoutLine: {'line': b'3: -- run_test.py: return code 0\n'}
[1.313729] (gimbal_controller) StdoutLine: {'line': b"3: -- run_test.py: inject classname prefix into gtest result file '/home/yuan/rm/code/Ros/my_ros2_control/build/gimbal_controller/test_results/gimbal_controller/test_gimbal_controller_preceeding.gtest.xml'\n"}
[1.313863] (gimbal_controller) StdoutLine: {'line': b"3: -- run_test.py: verify result file '/home/yuan/rm/code/Ros/my_ros2_control/build/gimbal_controller/test_results/gimbal_controller/test_gimbal_controller_preceeding.gtest.xml'\n"}
[1.320625] (gimbal_controller) StdoutLine: {'line': b'3/3 Test #3: test_gimbal_controller_preceeding ...   Passed    0.20 sec\n'}
[1.320943] (gimbal_controller) StdoutLine: {'line': b'\n'}
[1.321069] (gimbal_controller) StdoutLine: {'line': b'67% tests passed\x1b[0;0m, \x1b[0;31m1 tests failed\x1b[0;0m out of 3\n'}
[1.321154] (gimbal_controller) StdoutLine: {'line': b'\n'}
[1.321228] (gimbal_controller) StdoutLine: {'line': b'Label Time Summary:\n'}
[1.321301] (gimbal_controller) StdoutLine: {'line': b'gmock    =   0.19 sec*proc (1 test)\n'}
[1.321370] (gimbal_controller) StdoutLine: {'line': b'\n'}
[1.321466] (gimbal_controller) StdoutLine: {'line': b'Total Test time (real) =   1.23 sec\n'}
[1.321544] (gimbal_controller) StdoutLine: {'line': b'\n'}
[1.321618] (gimbal_controller) StdoutLine: {'line': b'The following tests FAILED:\n'}
[1.321682] (gimbal_controller) StdoutLine: {'line': b'\t\x1b[0;31m  2 - test_gimbal_controller (Failed)\x1b[0;0m\n'}
[1.324074] (gimbal_controller) StderrLine: {'line': b'Errors while running CTest\n'}
[1.324185] (gimbal_controller) StderrLine: {'line': b'Output from these tests are in: /home/yuan/rm/code/Ros/my_ros2_control/build/gimbal_controller/Testing/Temporary/LastTest.log\n'}
[1.324249] (gimbal_controller) StderrLine: {'line': b'Use "--rerun-failed --output-on-failure" to re-run the failed cases verbosely.\n'}
[1.326475] (gimbal_controller) CommandEnded: {'returncode': 8}
[1.326875] (gimbal_controller) TestFailure: {'identifier': 'gimbal_controller'}
[1.326906] (gimbal_controller) JobEnded: {'identifier': 'gimbal_controller', 'rc': 0}
[1.327403] (-) EventReactorShutdown: {}
