<?xml version="1.0" encoding="UTF-8"?>
<Site BuildName="(empty)"
	BuildStamp="20231011-1226-Experimental"
	Name="yuan"
	Generator="ctest-3.22.1"
	CompilerName="/usr/bin/c++"
	CompilerVersion="11.4.0"
	OSName="Linux"
	Hostname="yuan"
	OSRelease="6.2.0-34-generic"
	OSVersion="#34~22.04.1-Ubuntu SMP PREEMPT_DYNAMIC Thu Sep  7 13:12:03 UTC 2"
	OSPlatform="x86_64"
	Is64Bits="1"
	VendorString="AuthenticAMD"
	VendorID="Advanced Micro Devices"
	FamilyID="25"
	ModelID="80"
	ProcessorCacheSize="512"
	NumberOfLogicalCPU="16"
	NumberOfPhysicalCPU="8"
	TotalVirtualMemory="28609"
	TotalPhysicalMemory="31938"
	LogicalProcessorsPerPhysical="2"
	ProcessorClockFrequency="4031.45"
	>
	<Testing>
		<StartDateTime>Oct 11 20:26 CST</StartDateTime>
		<StartTestTime>1697027171</StartTestTime>
		<TestList>
			<Test>./test_motor</Test>
			<Test>./cppcheck</Test>
			<Test>./lint_cmake</Test>
			<Test>./uncrustify</Test>
			<Test>./xmllint</Test>
		</TestList>
		<Test Status="passed">
			<Name>test_motor</Name>
			<Path>.</Path>
			<FullName>./test_motor</FullName>
			<FullCommandLine>/usr/bin/python3.10 "-u" "/opt/ros/humble/share/ament_cmake_test/cmake/run_test.py" "/home/yuan/rm/code/Ros/my_ros2_control/build/motor_interface/test_results/motor_interface/test_motor.gtest.xml" "--package-name" "motor_interface" "--output-file" "/home/yuan/rm/code/Ros/my_ros2_control/build/motor_interface/ament_cmake_gmock/test_motor.txt" "--command" "/home/yuan/rm/code/Ros/my_ros2_control/build/motor_interface/test_motor" "--gtest_output=xml:/home/yuan/rm/code/Ros/my_ros2_control/build/motor_interface/test_results/motor_interface/test_motor.gtest.xml"</FullCommandLine>
			<Results>
				<NamedMeasurement type="numeric/double" name="Execution Time">
					<Value>0.063982</Value>
				</NamedMeasurement>
				<NamedMeasurement type="numeric/double" name="Processors">
					<Value>1</Value>
				</NamedMeasurement>
				<NamedMeasurement type="text/string" name="Completion Status">
					<Value>Completed</Value>
				</NamedMeasurement>
				<NamedMeasurement type="text/string" name="Command Line">
					<Value>/usr/bin/python3.10 "-u" "/opt/ros/humble/share/ament_cmake_test/cmake/run_test.py" "/home/yuan/rm/code/Ros/my_ros2_control/build/motor_interface/test_results/motor_interface/test_motor.gtest.xml" "--package-name" "motor_interface" "--output-file" "/home/yuan/rm/code/Ros/my_ros2_control/build/motor_interface/ament_cmake_gmock/test_motor.txt" "--command" "/home/yuan/rm/code/Ros/my_ros2_control/build/motor_interface/test_motor" "--gtest_output=xml:/home/yuan/rm/code/Ros/my_ros2_control/build/motor_interface/test_results/motor_interface/test_motor.gtest.xml"</Value>
				</NamedMeasurement>
				<NamedMeasurement type="text/string" name="Environment">
					<Value>#CTEST_RESOURCE_GROUP_COUNT=</Value>
				</NamedMeasurement>
				<Measurement>
					<Value>-- run_test.py: invoking following command in '/home/yuan/rm/code/Ros/my_ros2_control/build/motor_interface':
 - /home/yuan/rm/code/Ros/my_ros2_control/build/motor_interface/test_motor --gtest_output=xml:/home/yuan/rm/code/Ros/my_ros2_control/build/motor_interface/test_results/motor_interface/test_motor.gtest.xml
Running main() from gmock_main.cc
[==========] Running 1 test from 1 test suite.
[----------] Global test environment set-up.
[----------] 1 test from TestMotor
[ RUN      ] TestMotor.load_motor_2dof
[INFO] [1697027171.337241831] [resource_manager]: Loading hardware 'Motor2dof' 
[INFO] [1697027171.337519744] [resource_manager]: Initialize hardware 'Motor2dof' 
[INFO] [1697027171.337534901] [resource_manager]: Successful initialization of hardware 'Motor2dof'
[       OK ] TestMotor.load_motor_2dof (1 ms)
[----------] 1 test from TestMotor (1 ms total)

[----------] Global test environment tear-down
[==========] 1 test from 1 test suite ran. (1 ms total)
[  PASSED  ] 1 test.
-- run_test.py: return code 0
-- run_test.py: inject classname prefix into gtest result file '/home/yuan/rm/code/Ros/my_ros2_control/build/motor_interface/test_results/motor_interface/test_motor.gtest.xml'
-- run_test.py: verify result file '/home/yuan/rm/code/Ros/my_ros2_control/build/motor_interface/test_results/motor_interface/test_motor.gtest.xml'
</Value>
				</Measurement>
			</Results>
			<Labels>
				<Label>gmock</Label>
			</Labels>
		</Test>
		<Test Status="passed">
			<Name>cppcheck</Name>
			<Path>.</Path>
			<FullName>./cppcheck</FullName>
			<FullCommandLine>/usr/bin/python3.10 "-u" "/opt/ros/humble/share/ament_cmake_test/cmake/run_test.py" "/home/yuan/rm/code/Ros/my_ros2_control/build/motor_interface/test_results/motor_interface/cppcheck.xunit.xml" "--package-name" "motor_interface" "--output-file" "/home/yuan/rm/code/Ros/my_ros2_control/build/motor_interface/ament_cppcheck/cppcheck.txt" "--command" "/opt/ros/humble/bin/ament_cppcheck" "--xunit-file" "/home/yuan/rm/code/Ros/my_ros2_control/build/motor_interface/test_results/motor_interface/cppcheck.xunit.xml" "--include_dirs" "/home/yuan/rm/code/Ros/my_ros2_control/src/motor_interface/include"</FullCommandLine>
			<Results>
				<NamedMeasurement type="numeric/double" name="Execution Time">
					<Value>0.106624</Value>
				</NamedMeasurement>
				<NamedMeasurement type="numeric/double" name="Processors">
					<Value>1</Value>
				</NamedMeasurement>
				<NamedMeasurement type="text/string" name="Completion Status">
					<Value>Completed</Value>
				</NamedMeasurement>
				<NamedMeasurement type="text/string" name="Command Line">
					<Value>/usr/bin/python3.10 "-u" "/opt/ros/humble/share/ament_cmake_test/cmake/run_test.py" "/home/yuan/rm/code/Ros/my_ros2_control/build/motor_interface/test_results/motor_interface/cppcheck.xunit.xml" "--package-name" "motor_interface" "--output-file" "/home/yuan/rm/code/Ros/my_ros2_control/build/motor_interface/ament_cppcheck/cppcheck.txt" "--command" "/opt/ros/humble/bin/ament_cppcheck" "--xunit-file" "/home/yuan/rm/code/Ros/my_ros2_control/build/motor_interface/test_results/motor_interface/cppcheck.xunit.xml" "--include_dirs" "/home/yuan/rm/code/Ros/my_ros2_control/src/motor_interface/include"</Value>
				</NamedMeasurement>
				<NamedMeasurement type="text/string" name="Environment">
					<Value>#CTEST_RESOURCE_GROUP_COUNT=</Value>
				</NamedMeasurement>
				<Measurement>
					<Value>-- run_test.py: invoking following command in '/home/yuan/rm/code/Ros/my_ros2_control/src/motor_interface':
 - /opt/ros/humble/bin/ament_cppcheck --xunit-file /home/yuan/rm/code/Ros/my_ros2_control/build/motor_interface/test_results/motor_interface/cppcheck.xunit.xml --include_dirs /home/yuan/rm/code/Ros/my_ros2_control/src/motor_interface/include
cppcheck 2.7 has known performance issues and therefore will not be used, set the AMENT_CPPCHECK_ALLOW_SLOW_VERSIONS environment variable to override this.
-- run_test.py: return code 0
-- run_test.py: verify result file '/home/yuan/rm/code/Ros/my_ros2_control/build/motor_interface/test_results/motor_interface/cppcheck.xunit.xml'
</Value>
				</Measurement>
			</Results>
			<Labels>
				<Label>cppcheck</Label>
				<Label>linter</Label>
			</Labels>
		</Test>
		<Test Status="passed">
			<Name>lint_cmake</Name>
			<Path>.</Path>
			<FullName>./lint_cmake</FullName>
			<FullCommandLine>/usr/bin/python3.10 "-u" "/opt/ros/humble/share/ament_cmake_test/cmake/run_test.py" "/home/yuan/rm/code/Ros/my_ros2_control/build/motor_interface/test_results/motor_interface/lint_cmake.xunit.xml" "--package-name" "motor_interface" "--output-file" "/home/yuan/rm/code/Ros/my_ros2_control/build/motor_interface/ament_lint_cmake/lint_cmake.txt" "--command" "/opt/ros/humble/bin/ament_lint_cmake" "--xunit-file" "/home/yuan/rm/code/Ros/my_ros2_control/build/motor_interface/test_results/motor_interface/lint_cmake.xunit.xml"</FullCommandLine>
			<Results>
				<NamedMeasurement type="numeric/double" name="Execution Time">
					<Value>0.103021</Value>
				</NamedMeasurement>
				<NamedMeasurement type="numeric/double" name="Processors">
					<Value>1</Value>
				</NamedMeasurement>
				<NamedMeasurement type="text/string" name="Completion Status">
					<Value>Completed</Value>
				</NamedMeasurement>
				<NamedMeasurement type="text/string" name="Command Line">
					<Value>/usr/bin/python3.10 "-u" "/opt/ros/humble/share/ament_cmake_test/cmake/run_test.py" "/home/yuan/rm/code/Ros/my_ros2_control/build/motor_interface/test_results/motor_interface/lint_cmake.xunit.xml" "--package-name" "motor_interface" "--output-file" "/home/yuan/rm/code/Ros/my_ros2_control/build/motor_interface/ament_lint_cmake/lint_cmake.txt" "--command" "/opt/ros/humble/bin/ament_lint_cmake" "--xunit-file" "/home/yuan/rm/code/Ros/my_ros2_control/build/motor_interface/test_results/motor_interface/lint_cmake.xunit.xml"</Value>
				</NamedMeasurement>
				<NamedMeasurement type="text/string" name="Environment">
					<Value>#CTEST_RESOURCE_GROUP_COUNT=</Value>
				</NamedMeasurement>
				<Measurement>
					<Value>-- run_test.py: invoking following command in '/home/yuan/rm/code/Ros/my_ros2_control/src/motor_interface':
 - /opt/ros/humble/bin/ament_lint_cmake --xunit-file /home/yuan/rm/code/Ros/my_ros2_control/build/motor_interface/test_results/motor_interface/lint_cmake.xunit.xml

No problems found
-- run_test.py: return code 0
-- run_test.py: verify result file '/home/yuan/rm/code/Ros/my_ros2_control/build/motor_interface/test_results/motor_interface/lint_cmake.xunit.xml'
</Value>
				</Measurement>
			</Results>
			<Labels>
				<Label>lint_cmake</Label>
				<Label>linter</Label>
			</Labels>
		</Test>
		<Test Status="failed">
			<Name>uncrustify</Name>
			<Path>.</Path>
			<FullName>./uncrustify</FullName>
			<FullCommandLine>/usr/bin/python3.10 "-u" "/opt/ros/humble/share/ament_cmake_test/cmake/run_test.py" "/home/yuan/rm/code/Ros/my_ros2_control/build/motor_interface/test_results/motor_interface/uncrustify.xunit.xml" "--package-name" "motor_interface" "--output-file" "/home/yuan/rm/code/Ros/my_ros2_control/build/motor_interface/ament_uncrustify/uncrustify.txt" "--command" "/opt/ros/humble/bin/ament_uncrustify" "--xunit-file" "/home/yuan/rm/code/Ros/my_ros2_control/build/motor_interface/test_results/motor_interface/uncrustify.xunit.xml"</FullCommandLine>
			<Results>
				<NamedMeasurement type="text/string" name="Exit Code">
					<Value>Failed</Value>
				</NamedMeasurement>
				<NamedMeasurement type="text/string" name="Exit Value">
					<Value>1</Value>
				</NamedMeasurement>
				<NamedMeasurement type="numeric/double" name="Execution Time">
					<Value>0.122725</Value>
				</NamedMeasurement>
				<NamedMeasurement type="numeric/double" name="Processors">
					<Value>1</Value>
				</NamedMeasurement>
				<NamedMeasurement type="text/string" name="Completion Status">
					<Value>Completed</Value>
				</NamedMeasurement>
				<NamedMeasurement type="text/string" name="Command Line">
					<Value>/usr/bin/python3.10 "-u" "/opt/ros/humble/share/ament_cmake_test/cmake/run_test.py" "/home/yuan/rm/code/Ros/my_ros2_control/build/motor_interface/test_results/motor_interface/uncrustify.xunit.xml" "--package-name" "motor_interface" "--output-file" "/home/yuan/rm/code/Ros/my_ros2_control/build/motor_interface/ament_uncrustify/uncrustify.txt" "--command" "/opt/ros/humble/bin/ament_uncrustify" "--xunit-file" "/home/yuan/rm/code/Ros/my_ros2_control/build/motor_interface/test_results/motor_interface/uncrustify.xunit.xml"</Value>
				</NamedMeasurement>
				<NamedMeasurement type="text/string" name="Environment">
					<Value>#CTEST_RESOURCE_GROUP_COUNT=</Value>
				</NamedMeasurement>
				<Measurement>
					<Value>-- run_test.py: invoking following command in '/home/yuan/rm/code/Ros/my_ros2_control/src/motor_interface':
 - /opt/ros/humble/bin/ament_uncrustify --xunit-file /home/yuan/rm/code/Ros/my_ros2_control/build/motor_interface/test_results/motor_interface/uncrustify.xunit.xml
Code style divergence in file 'src/motor.cpp':

--- src/motor.cpp
+++ src/motor.cpp.uncrustify
@@ -27,2 +27 @@
-  if (hardware_interface::SystemInterface::on_init(info) != CallbackReturn::SUCCESS)
-  {
+  if (hardware_interface::SystemInterface::on_init(info) != CallbackReturn::SUCCESS) {
@@ -50,5 +49,5 @@
-  for (size_t i = 0; i &lt; info_.joints.size(); ++i)
-  {
-    state_interfaces.emplace_back(hardware_interface::StateInterface(
-      // TODO(anyone): insert correct interfaces
-      info_.joints[i].name, hardware_interface::HW_IF_POSITION, &amp;hw_states_[i]));
+  for (size_t i = 0; i &lt; info_.joints.size(); ++i) {
+    state_interfaces.emplace_back(
+      hardware_interface::StateInterface(
+        // TODO(anyone): insert correct interfaces
+        info_.joints[i].name, hardware_interface::HW_IF_POSITION, &amp;hw_states_[i]));
@@ -63,5 +62,5 @@
-  for (size_t i = 0; i &lt; info_.joints.size(); ++i)
-  {
-    command_interfaces.emplace_back(hardware_interface::CommandInterface(
-      // TODO(anyone): insert correct interfaces
-      info_.joints[i].name, hardware_interface::HW_IF_POSITION, &amp;hw_commands_[i]));
+  for (size_t i = 0; i &lt; info_.joints.size(); ++i) {
+    command_interfaces.emplace_back(
+      hardware_interface::CommandInterface(
+        // TODO(anyone): insert correct interfaces
+        info_.joints[i].name, hardware_interface::HW_IF_POSITION, &amp;hw_commands_[i]));

Code style divergence in file 'test/test_motor.cpp':

--- test/test_motor.cpp
+++ test/test_motor.cpp.uncrustify
@@ -55 +55 @@
-              ros2_control_test_assets::urdf_tail;
+    ros2_control_test_assets::urdf_tail;

2 files with code style divergence
No code style divergence in file 'include/motor_interface/motor.hpp'

No code style divergence in file 'include/motor_interface/visibility_control.h'

-- run_test.py: return code 1
-- run_test.py: verify result file '/home/yuan/rm/code/Ros/my_ros2_control/build/motor_interface/test_results/motor_interface/uncrustify.xunit.xml'
</Value>
				</Measurement>
			</Results>
			<Labels>
				<Label>linter</Label>
				<Label>uncrustify</Label>
			</Labels>
		</Test>
		<Test Status="passed">
			<Name>xmllint</Name>
			<Path>.</Path>
			<FullName>./xmllint</FullName>
			<FullCommandLine>/usr/bin/python3.10 "-u" "/opt/ros/humble/share/ament_cmake_test/cmake/run_test.py" "/home/yuan/rm/code/Ros/my_ros2_control/build/motor_interface/test_results/motor_interface/xmllint.xunit.xml" "--package-name" "motor_interface" "--output-file" "/home/yuan/rm/code/Ros/my_ros2_control/build/motor_interface/ament_xmllint/xmllint.txt" "--command" "/opt/ros/humble/bin/ament_xmllint" "--xunit-file" "/home/yuan/rm/code/Ros/my_ros2_control/build/motor_interface/test_results/motor_interface/xmllint.xunit.xml"</FullCommandLine>
			<Results>
				<NamedMeasurement type="numeric/double" name="Execution Time">
					<Value>0.833315</Value>
				</NamedMeasurement>
				<NamedMeasurement type="numeric/double" name="Processors">
					<Value>1</Value>
				</NamedMeasurement>
				<NamedMeasurement type="text/string" name="Completion Status">
					<Value>Completed</Value>
				</NamedMeasurement>
				<NamedMeasurement type="text/string" name="Command Line">
					<Value>/usr/bin/python3.10 "-u" "/opt/ros/humble/share/ament_cmake_test/cmake/run_test.py" "/home/yuan/rm/code/Ros/my_ros2_control/build/motor_interface/test_results/motor_interface/xmllint.xunit.xml" "--package-name" "motor_interface" "--output-file" "/home/yuan/rm/code/Ros/my_ros2_control/build/motor_interface/ament_xmllint/xmllint.txt" "--command" "/opt/ros/humble/bin/ament_xmllint" "--xunit-file" "/home/yuan/rm/code/Ros/my_ros2_control/build/motor_interface/test_results/motor_interface/xmllint.xunit.xml"</Value>
				</NamedMeasurement>
				<NamedMeasurement type="text/string" name="Environment">
					<Value>#CTEST_RESOURCE_GROUP_COUNT=</Value>
				</NamedMeasurement>
				<Measurement>
					<Value>-- run_test.py: invoking following command in '/home/yuan/rm/code/Ros/my_ros2_control/src/motor_interface':
 - /opt/ros/humble/bin/ament_xmllint --xunit-file /home/yuan/rm/code/Ros/my_ros2_control/build/motor_interface/test_results/motor_interface/xmllint.xunit.xml
File 'motor_interface.xml' is valid

File 'package.xml' is valid

No problems found
-- run_test.py: return code 0
-- run_test.py: verify result file '/home/yuan/rm/code/Ros/my_ros2_control/build/motor_interface/test_results/motor_interface/xmllint.xunit.xml'
</Value>
				</Measurement>
			</Results>
			<Labels>
				<Label>linter</Label>
				<Label>xmllint</Label>
			</Labels>
		</Test>
		<EndDateTime>Oct 11 20:26 CST</EndDateTime>
		<EndTestTime>1697027172</EndTestTime>
		<ElapsedMinutes>0</ElapsedMinutes>
	</Testing>
</Site>
