[0.049s] Invoking command in '/home/yuan/rm/code/Ros/my_ros2_control/build/motor_interface': CMAKE_PREFIX_PATH=${CMAKE_PREFIX_PATH}:/opt/ros/humble /usr/bin/cmake --build /home/yuan/rm/code/Ros/my_ros2_control/build/motor_interface -- -j16 -l16
[0.109s] [35m[1mConsolidate compiler generated dependencies of target motor_interface[0m
[0.119s] [ 36%] Built target gmock_main
[0.119s] [ 45%] Built target gmock
[0.130s] [ 54%] [32mBuilding CXX object CMakeFiles/motor_interface.dir/src/can_instance.cpp.o[0m
[0.131s] [ 63%] [32mBuilding CXX object CMakeFiles/motor_interface.dir/src/motor.cpp.o[0m
[0.132s] [ 72%] [32mBuilding CXX object CMakeFiles/motor_interface.dir/src/motor_instance.cpp.o[0m
[0.142s] [ 90%] Built target test_motor
[0.494s] In file included from [01m[K/home/yuan/rm/code/Ros/my_ros2_control/src/motor_interface/src/can_instance.cpp:1[m[K:
[0.495s] [01m[K/home/yuan/rm/code/Ros/my_ros2_control/src/motor_interface/include/motor_interface/can_instance.hpp:29:14:[m[K [01;31m[Kerror: [m[Kâ€˜[01m[Kvector[m[Kâ€™ in namespace â€˜[01m[Kstd[m[Kâ€™ does not name a template type
[0.495s]    29 |         std::[01;31m[Kvector[m[K<std::shared_ptr<motor_instance::Motor_Instance>> motor_instance_ptr_vector_;
[0.495s]       |              [01;31m[K^~~~~~[m[K
[0.495s] [01m[K/home/yuan/rm/code/Ros/my_ros2_control/src/motor_interface/include/motor_interface/can_instance.hpp:14:1:[m[K [01;36m[Knote: [m[Kâ€˜[01m[Kstd::vector[m[Kâ€™ is defined in header â€˜[01m[K<vector>[m[Kâ€™; did you forget to â€˜[01m[K#include <vector>[m[Kâ€™?
[0.495s]    13 | #include "motor_instance.hpp"
[0.495s]   +++ |+[32m[K#include <vector>[m[K
[0.495s]    14 | 
[1.277s] In file included from [01m[K/home/yuan/rm/code/Ros/my_ros2_control/src/motor_interface/src/motor.cpp:20[m[K:
[1.277s] [01m[K/home/yuan/rm/code/Ros/my_ros2_control/src/motor_interface/include/motor_interface/motor.hpp:74:37:[m[K [01;31m[Kerror: [m[Kâ€˜[01m[Kmotor_instance[m[Kâ€™ was not declared in this scope; did you mean â€˜[01m[Kmotor_interface[m[Kâ€™?
[1.277s]    74 |         std::vector<std::shared_ptr<[01;31m[Kmotor_instance[m[K::Motor_Instance>> motor_instance_vector_;
[1.277s]       |                                     [01;31m[K^~~~~~~~~~~~~~[m[K
[1.277s]       |                                     [32m[Kmotor_interface[m[K
[1.277s] [01m[K/home/yuan/rm/code/Ros/my_ros2_control/src/motor_interface/include/motor_interface/motor.hpp:74:67:[m[K [01;31m[Kerror: [m[Ktemplate argument 1 is invalid
[1.277s]    74 |         std::vector<std::shared_ptr<motor_instance::Motor_Instance[01;31m[K>>[m[K motor_instance_vector_;
[1.277s]       |                                                                   [01;31m[K^~[m[K
[1.278s] [01m[K/home/yuan/rm/code/Ros/my_ros2_control/src/motor_interface/include/motor_interface/motor.hpp:74:70:[m[K [01;31m[Kerror: [m[Ktemplate argument 1 is invalid
[1.278s]    74 |         std::vector<std::shared_ptr<motor_instance::Motor_Instance>> [01;31m[Kmotor_instance_vector_[m[K;
[1.278s]       |                                                                      [01;31m[K^~~~~~~~~~~~~~~~~~~~~~[m[K
[1.278s] [01m[K/home/yuan/rm/code/Ros/my_ros2_control/src/motor_interface/include/motor_interface/motor.hpp:74:70:[m[K [01;31m[Kerror: [m[Ktemplate argument 2 is invalid
[1.284s] [01m[K/home/yuan/rm/code/Ros/my_ros2_control/src/motor_interface/include/motor_interface/motor.hpp:76:25:[m[K [01;31m[Kerror: [m[Kâ€˜[01m[Kcan_instance[m[Kâ€™ was not declared in this scope
[1.284s]    76 |         std::unique_ptr<[01;31m[Kcan_instance[m[K::Can_Instance> can_instance_;
[1.284s]       |                         [01;31m[K^~~~~~~~~~~~[m[K
[1.284s] [01m[K/home/yuan/rm/code/Ros/my_ros2_control/src/motor_interface/include/motor_interface/motor.hpp:76:51:[m[K [01;31m[Kerror: [m[Ktemplate argument 1 is invalid
[1.284s]    76 |         std::unique_ptr<can_instance::Can_Instance[01;31m[K>[m[K can_instance_;
[1.284s]       |                                                   [01;31m[K^[m[K
[1.284s] [01m[K/home/yuan/rm/code/Ros/my_ros2_control/src/motor_interface/include/motor_interface/motor.hpp:76:51:[m[K [01;31m[Kerror: [m[Ktemplate argument 2 is invalid
[2.077s] [01m[K/home/yuan/rm/code/Ros/my_ros2_control/src/motor_interface/src/can_instance.cpp:[m[K In constructor â€˜[01m[Kcan_instance::Can_Instance::Can_Instance(std::string, const char*, uint16_t)[m[Kâ€™:
[2.077s] [01m[K/home/yuan/rm/code/Ros/my_ros2_control/src/motor_interface/src/can_instance.cpp:19:21:[m[K [01;35m[Kwarning: [m[Kmissing initializer for member â€˜[01m[Ksockaddr_in::sin_port[m[Kâ€™ [[01;35m[K]8;;https://gcc.gnu.org/onlinedocs/gcc/Warning-Options.html#index-Wmissing-field-initializers-Wmissing-field-initializers]8;;[m[K]
[2.077s]    19 |     serverAddr_ = {0[01;35m[K}[m[K;
[2.077s]       |                     [01;35m[K^[m[K
[2.078s] [01m[K/home/yuan/rm/code/Ros/my_ros2_control/src/motor_interface/src/can_instance.cpp:19:21:[m[K [01;35m[Kwarning: [m[Kmissing initializer for member â€˜[01m[Ksockaddr_in::sin_addr[m[Kâ€™ [[01;35m[K]8;;https://gcc.gnu.org/onlinedocs/gcc/Warning-Options.html#index-Wmissing-field-initializers-Wmissing-field-initializers]8;;[m[K]
[2.078s] [01m[K/home/yuan/rm/code/Ros/my_ros2_control/src/motor_interface/src/can_instance.cpp:19:21:[m[K [01;35m[Kwarning: [m[Kmissing initializer for member â€˜[01m[Ksockaddr_in::sin_zero[m[Kâ€™ [[01;35m[K]8;;https://gcc.gnu.org/onlinedocs/gcc/Warning-Options.html#index-Wmissing-field-initializers-Wmissing-field-initializers]8;;[m[K]
[2.088s] [01m[K/home/yuan/rm/code/Ros/my_ros2_control/src/motor_interface/src/can_instance.cpp:[m[K In member function â€˜[01m[Kvoid can_instance::Can_Instance::Add_Motor_Instance(std::shared_ptr<motor_instance::Motor_Instance>)[m[Kâ€™:
[2.088s] [01m[K/home/yuan/rm/code/Ros/my_ros2_control/src/motor_interface/src/can_instance.cpp:39:9:[m[K [01;31m[Kerror: [m[Kâ€˜[01m[Kmotor_instance_ptr_vector_[m[Kâ€™ was not declared in this scope; did you mean â€˜[01m[Kmotor_instance_ptr[m[Kâ€™?
[2.088s]    39 |     if ([01;31m[Kmotor_instance_ptr_vector_[m[K.size() <= Can_Amount_Max)
[2.088s]       |         [01;31m[K^~~~~~~~~~~~~~~~~~~~~~~~~~[m[K
[2.088s]       |         [32m[Kmotor_instance_ptr[m[K
[2.088s] In file included from [01m[K/opt/ros/humble/include/rclcpp/rclcpp/logging.hpp:24[m[K,
[2.088s]                  from [01m[K/opt/ros/humble/include/rclcpp/rclcpp/client.hpp:40[m[K,
[2.089s]                  from [01m[K/opt/ros/humble/include/rclcpp/rclcpp/callback_group.hpp:24[m[K,
[2.089s]                  from [01m[K/opt/ros/humble/include/rclcpp/rclcpp/any_executable.hpp:20[m[K,
[2.089s]                  from [01m[K/opt/ros/humble/include/rclcpp/rclcpp/memory_strategy.hpp:25[m[K,
[2.089s]                  from [01m[K/opt/ros/humble/include/rclcpp/rclcpp/memory_strategies.hpp:18[m[K,
[2.089s]                  from [01m[K/opt/ros/humble/include/rclcpp/rclcpp/executor_options.hpp:20[m[K,
[2.089s]                  from [01m[K/opt/ros/humble/include/rclcpp/rclcpp/executor.hpp:37[m[K,
[2.089s]                  from [01m[K/opt/ros/humble/include/rclcpp/rclcpp/executors/multi_threaded_executor.hpp:25[m[K,
[2.089s]                  from [01m[K/opt/ros/humble/include/rclcpp/rclcpp/executors.hpp:21[m[K,
[2.089s]                  from [01m[K/opt/ros/humble/include/rclcpp/rclcpp/rclcpp.hpp:155[m[K,
[2.089s]                  from [01m[K/home/yuan/rm/code/Ros/my_ros2_control/src/motor_interface/src/can_instance.cpp:2[m[K:
[2.089s] [01m[K/home/yuan/rm/code/Ros/my_ros2_control/src/motor_interface/src/can_instance.cpp:42:60:[m[K [01;35m[Kwarning: [m[Kformat â€˜[01m[K%llX[m[Kâ€™ expects argument of type â€˜[01m[Klong long unsigned int[m[Kâ€™, but argument 6 has type â€˜[01m[Kuint64_t[m[Kâ€™ {aka â€˜[01m[Klong unsigned int[m[Kâ€™} [[01;35m[K]8;;https://gcc.gnu.org/onlinedocs/gcc/Warning-Options.html#index-Wformat=-Wformat=]8;;[m[K]
[2.089s]    42 |         RCLCPP_INFO(rclcpp::get_logger("motor_interface"), [01;35m[K"%s add 0X%llX \n"[m[K,
[2.089s]       |                                                            [01;35m[K^~~~~~~~~~~~~~~~~~[m[K
[2.089s]    43 |                     name_.c_str(), [32m[Kmotor_instance_ptr->Get_Id()[m[K);
[2.089s]       |                                    [32m[K~~~~~~~~~~~~~~~~~~~~~~~~~~~~[m[K
[2.089s]       |                                                              [32m[K|[m[K
[2.089s]       |                                                              [32m[Kuint64_t {aka long unsigned int}[m[K
[2.089s] [01m[K/home/yuan/rm/code/Ros/my_ros2_control/src/motor_interface/src/can_instance.cpp:42:73:[m[K [01;36m[Knote: [m[Kformat string is defined here
[2.090s]    42 |         RCLCPP_INFO(rclcpp::get_logger("motor_interface"), "%s add 0X[01;36m[K%llX[m[K \n",
[2.090s]       |                                                                      [01;36m[K~~~^[m[K
[2.090s]       |                                                                         [01;36m[K|[m[K
[2.090s]       |                                                                         [01;36m[Klong long unsigned int[m[K
[2.090s]       |                                                                      [32m[K%lX[m[K
[2.096s] [01m[K/home/yuan/rm/code/Ros/my_ros2_control/src/motor_interface/src/can_instance.cpp:[m[K In member function â€˜[01m[Kvoid can_instance::Can_Instance::Read()[m[Kâ€™:
[2.096s] [01m[K/home/yuan/rm/code/Ros/my_ros2_control/src/motor_interface/src/can_instance.cpp:67:50:[m[K [01;31m[Kerror: [m[Kâ€˜[01m[Kmotor_instance_ptr_vector_[m[Kâ€™ was not declared in this scope; did you mean â€˜[01m[Kmotor_instance_ptr_item[m[Kâ€™?
[2.096s]    67 |             for (auto &motor_instance_ptr_item : [01;31m[Kmotor_instance_ptr_vector_[m[K)
[2.096s]       |                                                  [01;31m[K^~~~~~~~~~~~~~~~~~~~~~~~~~[m[K
[2.096s]       |                                                  [32m[Kmotor_instance_ptr_item[m[K
[2.103s] [01m[K/home/yuan/rm/code/Ros/my_ros2_control/src/motor_interface/src/can_instance.cpp:[m[K In member function â€˜[01m[Kvoid can_instance::Can_Instance::Write()[m[Kâ€™:
[2.104s] [01m[K/home/yuan/rm/code/Ros/my_ros2_control/src/motor_interface/src/can_instance.cpp:91:46:[m[K [01;31m[Kerror: [m[Kâ€˜[01m[Kmotor_instance_ptr_vector_[m[Kâ€™ was not declared in this scope; did you mean â€˜[01m[Kmotor_instance_ptr_item[m[Kâ€™?
[2.104s]    91 |         for (auto &motor_instance_ptr_item : [01;31m[Kmotor_instance_ptr_vector_[m[K)
[2.104s]       |                                              [01;31m[K^~~~~~~~~~~~~~~~~~~~~~~~~~[m[K
[2.104s]       |                                              [32m[Kmotor_instance_ptr_item[m[K
[2.104s] [01m[K/home/yuan/rm/code/Ros/my_ros2_control/src/motor_interface/src/can_instance.cpp:125:29:[m[K [01;35m[Kwarning: [m[Koverflow in conversion from â€˜[01m[Kint[m[Kâ€™ to â€˜[01m[Kchar[m[Kâ€™ changes value from â€˜[01m[K255[m[Kâ€™ to â€˜[01m[K'\37777777777'[m[Kâ€™ [[01;35m[K]8;;https://gcc.gnu.org/onlinedocs/gcc/Warning-Options.html#index-Woverflow-Woverflow]8;;[m[K]
[2.104s]   125 |             write_buf_[4] = [01;35m[K0xff[m[K;
[2.104s]       |                             [01;35m[K^~~~[m[K
[2.475s] gmake[2]: *** [CMakeFiles/motor_interface.dir/build.make:76ï¼šCMakeFiles/motor_interface.dir/src/can_instance.cpp.o] é”™è¯¯ 1
[2.475s] gmake[2]: *** æ­£åœ¨ç­‰å¾…æœªå®Œæˆçš„ä»»åŠ¡....
[2.576s] [01m[K/home/yuan/rm/code/Ros/my_ros2_control/src/motor_interface/src/motor.cpp:[m[K In member function â€˜[01m[Kvirtual hardware_interface::CallbackReturn motor_interface::Motor::on_init(const hardware_interface::HardwareInfo&)[m[Kâ€™:
[2.576s] [01m[K/home/yuan/rm/code/Ros/my_ros2_control/src/motor_interface/src/motor.cpp:68:9:[m[K [01;35m[Kwarning: [m[KC++ designated initializers only available with â€˜[01m[K-std=c++20[m[Kâ€™ or â€˜[01m[K-std=gnu++20[m[Kâ€™ [[01;35m[K]8;;https://gcc.gnu.org/onlinedocs/gcc/Warning-Options.html#index-Wpedantic-Wpedantic]8;;[m[K]
[2.576s]    68 |         [01;35m[K.[m[KserverPort = (uint16_t)std::stoul(info_.hardware_parameters["serverPort"]),
[2.576s]       |         [01;35m[K^[m[K
[2.576s] [01m[K/home/yuan/rm/code/Ros/my_ros2_control/src/motor_interface/src/motor.cpp:69:9:[m[K [01;35m[Kwarning: [m[KC++ designated initializers only available with â€˜[01m[K-std=c++20[m[Kâ€™ or â€˜[01m[K-std=gnu++20[m[Kâ€™ [[01;35m[K]8;;https://gcc.gnu.org/onlinedocs/gcc/Warning-Options.html#index-Wpedantic-Wpedantic]8;;[m[K]
[2.576s]    69 |         [01;35m[K.[m[KserverIP = info_.hardware_parameters["serverIP"]};
[2.577s]       |         [01;35m[K^[m[K
[2.577s] [01m[K/home/yuan/rm/code/Ros/my_ros2_control/src/motor_interface/src/motor.cpp:71:19:[m[K [01;31m[Kerror: [m[Krequest for member â€˜[01m[Kreset[m[Kâ€™ in â€˜[01m[K((motor_interface::Motor*)this)->motor_interface::Motor::can_instance_[m[Kâ€™, which is of non-class type â€˜[01m[Kint[m[Kâ€™
[2.577s]    71 |     can_instance_.[01;31m[Kreset[m[K(new can_instance::Can_Instance(name_, ip1_can1.serverIP.c_str(), ip1_can1.serverPort));
[2.577s]       |                   [01;31m[K^~~~~[m[K
[2.590s] [01m[K/home/yuan/rm/code/Ros/my_ros2_control/src/motor_interface/src/motor.cpp:73:5:[m[K [01;31m[Kerror: [m[Kâ€˜[01m[Kmotor_instance_vector_[m[Kâ€™ was not declared in this scope; did you mean â€˜[01m[Kmotor_instance[m[Kâ€™?
[2.591s]    73 |     [01;31m[Kmotor_instance_vector_[m[K.resize(info_.joints.size(), std::numeric_limits<std::shared_ptr<motor_instance::Motor_Instance>>::quiet_NaN());
[2.591s]       |     [01;31m[K^~~~~~~~~~~~~~~~~~~~~~[m[K
[2.591s]       |     [32m[Kmotor_instance[m[K
[2.594s] [01m[K/home/yuan/rm/code/Ros/my_ros2_control/src/motor_interface/src/motor.cpp:96:20:[m[K [01;31m[Kerror: [m[Kbase operand of â€˜[01m[K->[m[Kâ€™ is not a pointer
[2.594s]    96 |       can_instance_[01;31m[K->[m[KAdd_Motor_Instance(motor_instance_vector_[i]);
[2.594s]       |                    [01;31m[K^~[m[K
[2.594s] In file included from [01m[K/opt/ros/humble/include/rclcpp/rclcpp/logging.hpp:24[m[K,
[2.595s]                  from [01m[K/opt/ros/humble/include/rclcpp/rclcpp/client.hpp:40[m[K,
[2.595s]                  from [01m[K/opt/ros/humble/include/rclcpp/rclcpp/callback_group.hpp:24[m[K,
[2.595s]                  from [01m[K/opt/ros/humble/include/rclcpp/rclcpp/any_executable.hpp:20[m[K,
[2.595s]                  from [01m[K/opt/ros/humble/include/rclcpp/rclcpp/memory_strategy.hpp:25[m[K,
[2.595s]                  from [01m[K/opt/ros/humble/include/rclcpp/rclcpp/memory_strategies.hpp:18[m[K,
[2.595s]                  from [01m[K/opt/ros/humble/include/rclcpp/rclcpp/executor_options.hpp:20[m[K,
[2.595s]                  from [01m[K/opt/ros/humble/include/rclcpp/rclcpp/executor.hpp:37[m[K,
[2.595s]                  from [01m[K/opt/ros/humble/include/rclcpp/rclcpp/executors/multi_threaded_executor.hpp:25[m[K,
[2.595s]                  from [01m[K/opt/ros/humble/include/rclcpp/rclcpp/executors.hpp:21[m[K,
[2.595s]                  from [01m[K/opt/ros/humble/include/rclcpp/rclcpp/rclcpp.hpp:155[m[K,
[2.595s]                  from [01m[K/home/yuan/rm/code/Ros/my_ros2_control/src/motor_interface/src/motor.cpp:22[m[K:
[2.595s] [01m[K/home/yuan/rm/code/Ros/my_ros2_control/src/motor_interface/src/motor.cpp:99:58:[m[K [01;35m[Kwarning: [m[Kformat â€˜[01m[K%d[m[Kâ€™ expects argument of type â€˜[01m[Kint[m[Kâ€™, but argument 5 has type â€˜[01m[Kstd::vector<hardware_interface::InterfaceInfo>::size_type[m[Kâ€™ {aka â€˜[01m[Klong unsigned int[m[Kâ€™} [[01;35m[K]8;;https://gcc.gnu.org/onlinedocs/gcc/Warning-Options.html#index-Wformat=-Wformat=]8;;[m[K]
[2.596s]    99 |       RCLCPP_INFO(rclcpp::get_logger("motor_interface"), [01;35m[K"joint.command_interfaces.size=%d \n"[m[K, [32m[Kjoint.command_interfaces.size()[m[K);
[2.596s]       |                                                          [01;35m[K^~~~~~~~~~~~~~~~~~~~~~~~~~~~~~~~~~~~~[m[K  [32m[K~~~~~~~~~~~~~~~~~~~~~~~~~~~~~~~[m[K
[2.596s]       |                                                                                                                              [32m[K|[m[K
[2.596s]       |                                                                                                                              [32m[Kstd::vector<hardware_interface::InterfaceInfo>::size_type {aka long unsigned int}[m[K
[2.596s] [01m[K/home/yuan/rm/code/Ros/my_ros2_control/src/motor_interface/src/motor.cpp:99:90:[m[K [01;36m[Knote: [m[Kformat string is defined here
[2.596s]    99 |       RCLCPP_INFO(rclcpp::get_logger("motor_interface"), "joint.command_interfaces.size=[01;36m[K%d[m[K \n", joint.command_interfaces.size());
[2.596s]       |                                                                                         [01;36m[K~^[m[K
[2.596s]       |                                                                                          [01;36m[K|[m[K
[2.596s]       |                                                                                          [01;36m[Kint[m[K
[2.596s]       |                                                                                         [32m[K%ld[m[K
[2.596s] In file included from [01m[K/opt/ros/humble/include/rclcpp/rclcpp/logging.hpp:24[m[K,
[2.596s]                  from [01m[K/opt/ros/humble/include/rclcpp/rclcpp/client.hpp:40[m[K,
[2.596s]                  from [01m[K/opt/ros/humble/include/rclcpp/rclcpp/callback_group.hpp:24[m[K,
[2.597s]                  from [01m[K/opt/ros/humble/include/rclcpp/rclcpp/any_executable.hpp:20[m[K,
[2.597s]                  from [01m[K/opt/ros/humble/include/rclcpp/rclcpp/memory_strategy.hpp:25[m[K,
[2.597s]                  from [01m[K/opt/ros/humble/include/rclcpp/rclcpp/memory_strategies.hpp:18[m[K,
[2.597s]                  from [01m[K/opt/ros/humble/include/rclcpp/rclcpp/executor_options.hpp:20[m[K,
[2.597s]                  from [01m[K/opt/ros/humble/include/rclcpp/rclcpp/executor.hpp:37[m[K,
[2.597s]                  from [01m[K/opt/ros/humble/include/rclcpp/rclcpp/executors/multi_threaded_executor.hpp:25[m[K,
[2.597s]                  from [01m[K/opt/ros/humble/include/rclcpp/rclcpp/executors.hpp:21[m[K,
[2.597s]                  from [01m[K/opt/ros/humble/include/rclcpp/rclcpp/rclcpp.hpp:155[m[K,
[2.597s]                  from [01m[K/home/yuan/rm/code/Ros/my_ros2_control/src/motor_interface/src/motor.cpp:22[m[K:
[2.597s] [01m[K/home/yuan/rm/code/Ros/my_ros2_control/src/motor_interface/src/motor.cpp:102:58:[m[K [01;35m[Kwarning: [m[Kformat â€˜[01m[K%d[m[Kâ€™ expects argument of type â€˜[01m[Kint[m[Kâ€™, but argument 5 has type â€˜[01m[Kstd::vector<hardware_interface::InterfaceInfo>::size_type[m[Kâ€™ {aka â€˜[01m[Klong unsigned int[m[Kâ€™} [[01;35m[K]8;;https://gcc.gnu.org/onlinedocs/gcc/Warning-Options.html#index-Wformat=-Wformat=]8;;[m[K]
[2.597s]   102 |       RCLCPP_INFO(rclcpp::get_logger("motor_interface"), [01;35m[K"joint.state_interfaces.size=%d \n"[m[K, [32m[Kjoint.state_interfaces.size()[m[K);
[2.597s]       |                                                          [01;35m[K^~~~~~~~~~~~~~~~~~~~~~~~~~~~~~~~~~~[m[K  [32m[K~~~~~~~~~~~~~~~~~~~~~~~~~~~~~[m[K
[2.597s]       |                                                                                                                          [32m[K|[m[K
[2.598s]       |                                                                                                                          [32m[Kstd::vector<hardware_interface::InterfaceInfo>::size_type {aka long unsigned int}[m[K
[2.598s] [01m[K/home/yuan/rm/code/Ros/my_ros2_control/src/motor_interface/src/motor.cpp:102:88:[m[K [01;36m[Knote: [m[Kformat string is defined here
[2.598s]   102 |       RCLCPP_INFO(rclcpp::get_logger("motor_interface"), "joint.state_interfaces.size=[01;36m[K%d[m[K \n", joint.state_interfaces.size());
[2.598s]       |                                                                                       [01;36m[K~^[m[K
[2.598s]       |                                                                                        [01;36m[K|[m[K
[2.598s]       |                                                                                        [01;36m[Kint[m[K
[2.598s]       |                                                                                       [32m[K%ld[m[K
[2.601s] [01m[K/home/yuan/rm/code/Ros/my_ros2_control/src/motor_interface/src/motor.cpp:[m[K In member function â€˜[01m[Kvirtual std::vector<hardware_interface::CommandInterface> motor_interface::Motor::export_command_interfaces()[m[Kâ€™:
[2.601s] [01m[K/home/yuan/rm/code/Ros/my_ros2_control/src/motor_interface/src/motor.cpp:148:18:[m[K [01;31m[Kerror: [m[Kbase operand of â€˜[01m[K->[m[Kâ€™ is not a pointer
[2.601s]   148 |     can_instance_[01;31m[K->[m[KWrite();
[2.601s]       |                  [01;31m[K^~[m[K
[2.601s] [01m[K/home/yuan/rm/code/Ros/my_ros2_control/src/motor_interface/src/motor.cpp:[m[K In member function â€˜[01m[Kvirtual hardware_interface::CallbackReturn motor_interface::Motor::on_activate(const rclcpp_lifecycle::State&)[m[Kâ€™:
[2.601s] [01m[K/home/yuan/rm/code/Ros/my_ros2_control/src/motor_interface/src/motor.cpp:156:18:[m[K [01;31m[Kerror: [m[Kbase operand of â€˜[01m[K->[m[Kâ€™ is not a pointer
[2.602s]   156 |     can_instance_[01;31m[K->[m[KActive();
[2.602s]       |                  [01;31m[K^~[m[K
[2.602s] [01m[K/home/yuan/rm/code/Ros/my_ros2_control/src/motor_interface/src/motor.cpp:157:21:[m[K [01;35m[Kwarning: [m[Kstatement has no effect [[01;35m[K]8;;https://gcc.gnu.org/onlinedocs/gcc/Warning-Options.html#index-Wunused-value-Wunused-value]8;;[m[K]
[2.602s]   157 |     [01;35m[KCallbackReturn::SUCCESS[m[K;
[2.602s]       |     [01;35m[K~~~~~~~~~~~~~~~~^~~~~~~[m[K
[2.602s] [01m[K/home/yuan/rm/code/Ros/my_ros2_control/src/motor_interface/src/motor.cpp:158:3:[m[K [01;35m[Kwarning: [m[Kno return statement in function returning non-void [[01;35m[K]8;;https://gcc.gnu.org/onlinedocs/gcc/Warning-Options.html#index-Wreturn-type-Wreturn-type]8;;[m[K]
[2.602s]   158 |   [01;35m[K}[m[K
[2.602s]       |   [01;35m[K^[m[K
[2.602s] [01m[K/home/yuan/rm/code/Ros/my_ros2_control/src/motor_interface/src/motor.cpp:[m[K In member function â€˜[01m[Kvirtual hardware_interface::CallbackReturn motor_interface::Motor::on_deactivate(const rclcpp_lifecycle::State&)[m[Kâ€™:
[2.602s] [01m[K/home/yuan/rm/code/Ros/my_ros2_control/src/motor_interface/src/motor.cpp:164:18:[m[K [01;31m[Kerror: [m[Kbase operand of â€˜[01m[K->[m[Kâ€™ is not a pointer
[2.602s]   164 |     can_instance_[01;31m[K->[m[KDeactive();
[2.602s]       |                  [01;31m[K^~[m[K
[2.602s] [01m[K/home/yuan/rm/code/Ros/my_ros2_control/src/motor_interface/src/motor.cpp:[m[K In member function â€˜[01m[Kvirtual hardware_interface::return_type motor_interface::Motor::read(const rclcpp::Time&, const rclcpp::Duration&)[m[Kâ€™:
[2.603s] [01m[K/home/yuan/rm/code/Ros/my_ros2_control/src/motor_interface/src/motor.cpp:172:18:[m[K [01;31m[Kerror: [m[Kbase operand of â€˜[01m[K->[m[Kâ€™ is not a pointer
[2.603s]   172 |     can_instance_[01;31m[K->[m[KRead();
[2.603s]       |                  [01;31m[K^~[m[K
[2.616s] [01m[K/home/yuan/rm/code/Ros/my_ros2_control/src/motor_interface/src/motor.cpp:173:33:[m[K [01;31m[Kerror: [m[Kâ€˜[01m[Kmotor_instance_vector_[m[Kâ€™ was not declared in this scope; did you mean â€˜[01m[Kmotor_instance[m[Kâ€™?
[2.616s]   173 |     for (std::size_t i = 0; i < [01;31m[Kmotor_instance_vector_[m[K.size(); i++)
[2.616s]       |                                 [01;31m[K^~~~~~~~~~~~~~~~~~~~~~[m[K
[2.617s]       |                                 [32m[Kmotor_instance[m[K
[2.631s] [01m[K/home/yuan/rm/code/Ros/my_ros2_control/src/motor_interface/src/motor.cpp:[m[K In member function â€˜[01m[Kvirtual hardware_interface::return_type motor_interface::Motor::write(const rclcpp::Time&, const rclcpp::Duration&)[m[Kâ€™:
[2.631s] [01m[K/home/yuan/rm/code/Ros/my_ros2_control/src/motor_interface/src/motor.cpp:185:33:[m[K [01;31m[Kerror: [m[Kâ€˜[01m[Kmotor_instance_vector_[m[Kâ€™ was not declared in this scope; did you mean â€˜[01m[Kmotor_instance[m[Kâ€™?
[2.631s]   185 |     for (std::size_t i = 0; i < [01;31m[Kmotor_instance_vector_[m[K.size(); i++)
[2.631s]       |                                 [01;31m[K^~~~~~~~~~~~~~~~~~~~~~[m[K
[2.631s]       |                                 [32m[Kmotor_instance[m[K
[3.454s] gmake[2]: *** [CMakeFiles/motor_interface.dir/build.make:90ï¼šCMakeFiles/motor_interface.dir/src/motor.cpp.o] é”™è¯¯ 1
[3.454s] gmake[1]: *** [CMakeFiles/Makefile2:176ï¼šCMakeFiles/motor_interface.dir/all] é”™è¯¯ 2
[3.455s] gmake: *** [Makefile:146ï¼šall] é”™è¯¯ 2
[3.457s] Invoked command in '/home/yuan/rm/code/Ros/my_ros2_control/build/motor_interface' returned '2': CMAKE_PREFIX_PATH=${CMAKE_PREFIX_PATH}:/opt/ros/humble /usr/bin/cmake --build /home/yuan/rm/code/Ros/my_ros2_control/build/motor_interface -- -j16 -l16
