[0.066s] Invoking command in '/home/yuan/rm/code/Ros/my_ros2_control/build/motor_interface': CMAKE_PREFIX_PATH=${CMAKE_PREFIX_PATH}:/opt/ros/humble /usr/bin/cmake --build /home/yuan/rm/code/Ros/my_ros2_control/build/motor_interface -- -j16 -l16
[0.099s] -- Found ament_cmake: 1.3.5 (/opt/ros/humble/share/ament_cmake/cmake)
[0.230s] -- Override CMake install command with custom implementation using symlinks instead of copying resources
[0.237s] -- Found hardware_interface: 2.31.0 (/opt/ros/humble/share/hardware_interface/cmake)
[0.266s] -- Found rosidl_generator_c: 3.1.5 (/opt/ros/humble/share/rosidl_generator_c/cmake)
[0.269s] -- Found rosidl_adapter: 3.1.5 (/opt/ros/humble/share/rosidl_adapter/cmake)
[0.275s] -- Found rosidl_generator_cpp: 3.1.5 (/opt/ros/humble/share/rosidl_generator_cpp/cmake)
[0.288s] -- Using all available rosidl_typesupport_c: rosidl_typesupport_fastrtps_c;rosidl_typesupport_introspection_c
[0.303s] -- Using all available rosidl_typesupport_cpp: rosidl_typesupport_fastrtps_cpp;rosidl_typesupport_introspection_cpp
[0.842s] -- Found rmw_implementation_cmake: 6.1.1 (/opt/ros/humble/share/rmw_implementation_cmake/cmake)
[0.843s] -- Found rmw_fastrtps_cpp: 6.2.4 (/opt/ros/humble/share/rmw_fastrtps_cpp/cmake)
[0.971s] -- Using RMW implementation 'rmw_fastrtps_cpp' as default
[1.145s] -- Found ament_lint_auto: 0.12.8 (/opt/ros/humble/share/ament_lint_auto/cmake)
[1.212s] -- Found gmock sources under '/opt/ros/humble/src/gmock_vendor': C++ tests using 'Google Mock' will be built
[1.214s] -- Found ament_cmake_gtest: 1.3.5 (/opt/ros/humble/share/ament_cmake_gtest/cmake)
[1.215s] -- Found gtest sources under '/opt/ros/humble/src/gtest_vendor': C++ tests using 'Google Test' will be built
[1.270s] -- Added test 'cppcheck' to perform static code analysis on C / C++ code
[1.270s] -- Configured cppcheck include dirs: /home/yuan/rm/code/Ros/my_ros2_control/src/motor_interface/ALL_Include_Items;/home/yuan/rm/code/Ros/my_ros2_control/src/motor_interface/include
[1.270s] -- Configured cppcheck exclude dirs and/or files: 
[1.270s] -- Added test 'flake8' to check Python code syntax and style conventions
[1.271s] -- Added test 'lint_cmake' to check CMake code style
[1.271s] -- Added test 'pep257' to check Python code against some of the docstring style conventions in PEP 257
[1.273s] -- Added test 'uncrustify' to check C / C++ code style
[1.273s] -- Configured uncrustify additional arguments: 
[1.273s] -- Added test 'xmllint' to check XML markup files
[1.275s] -- Configuring done
[1.330s] -- Generating done
[1.333s] -- Build files have been written to: /home/yuan/rm/code/Ros/my_ros2_control/build/motor_interface
[1.370s] [35m[1mConsolidate compiler generated dependencies of target gmock_main[0m
[1.370s] [35m[1mConsolidate compiler generated dependencies of target motor_interface[0m
[1.370s] [35m[1mConsolidate compiler generated dependencies of target gmock[0m
[1.391s] [ 45%] Built target gmock_main
[1.391s] [ 45%] Built target gmock
[1.391s] [ 54%] [32mBuilding CXX object CMakeFiles/motor_interface.dir/src/can_instance.cpp.o[0m
[1.395s] [ 72%] [32mBuilding CXX object CMakeFiles/motor_interface.dir/src/motor_instance.cpp.o[0m
[1.395s] [ 72%] [32mBuilding CXX object CMakeFiles/motor_interface.dir/src/motor.cpp.o[0m
[1.406s] [01m[K/home/yuan/rm/code/Ros/my_ros2_control/src/motor_interface/src/can_instance.cpp:1:10:[m[K [01;31m[Kfatal error: [m[Kcan_instance.hpp: æ²¡æœ‰é‚£ä¸ªæ–‡ä»¶æˆ–ç›®å½•
[1.406s]     1 | #include [01;31m[K"can_instance.hpp"[m[K
[1.406s]       |          [01;31m[K^~~~~~~~~~~~~~~~~~[m[K
[1.406s] compilation terminated.
[1.406s] [01m[K/home/yuan/rm/code/Ros/my_ros2_control/src/motor_interface/src/motor_instance.cpp:1:10:[m[K [01;31m[Kfatal error: [m[Kmotor_instance.hpp: æ²¡æœ‰é‚£ä¸ªæ–‡ä»¶æˆ–ç›®å½•
[1.406s]     1 | #include [01;31m[K"motor_instance.hpp"[m[K
[1.406s]       |          [01;31m[K^~~~~~~~~~~~~~~~~~~~[m[K
[1.407s] compilation terminated.
[1.407s] gmake[2]: *** [CMakeFiles/motor_interface.dir/build.make:76ï¼šCMakeFiles/motor_interface.dir/src/can_instance.cpp.o] é”™è¯¯ 1
[1.407s] gmake[2]: *** æ­£åœ¨ç­‰å¾…æœªå®Œæˆçš„ä»»åŠ¡....
[1.407s] gmake[2]: *** [CMakeFiles/motor_interface.dir/build.make:104ï¼šCMakeFiles/motor_interface.dir/src/motor_instance.cpp.o] é”™è¯¯ 1
[1.409s] [35m[1mConsolidate compiler generated dependencies of target test_motor[0m
[1.434s] [ 90%] Built target test_motor
[1.434s] [01m[K/home/yuan/rm/code/Ros/my_ros2_control/src/motor_interface/src/motor.cpp:18:10:[m[K [01;31m[Kfatal error: [m[Kmotor_interface/motor.hpp: æ²¡æœ‰é‚£ä¸ªæ–‡ä»¶æˆ–ç›®å½•
[1.434s]    18 | #include [01;31m[K"motor_interface/motor.hpp"[m[K
[1.435s]       |          [01;31m[K^~~~~~~~~~~~~~~~~~~~~~~~~~~[m[K
[1.435s] compilation terminated.
[1.437s] gmake[2]: *** [CMakeFiles/motor_interface.dir/build.make:90ï¼šCMakeFiles/motor_interface.dir/src/motor.cpp.o] é”™è¯¯ 1
[1.437s] gmake[1]: *** [CMakeFiles/Makefile2:176ï¼šCMakeFiles/motor_interface.dir/all] é”™è¯¯ 2
[1.438s] gmake: *** [Makefile:146ï¼šall] é”™è¯¯ 2
[1.441s] Invoked command in '/home/yuan/rm/code/Ros/my_ros2_control/build/motor_interface' returned '2': CMAKE_PREFIX_PATH=${CMAKE_PREFIX_PATH}:/opt/ros/humble /usr/bin/cmake --build /home/yuan/rm/code/Ros/my_ros2_control/build/motor_interface -- -j16 -l16
