[0.094s] Invoking command in '/home/yuan/rm/code/Ros/my_ros2_control/build/gimbal_controller': CMAKE_PREFIX_PATH=${CMAKE_PREFIX_PATH}:/opt/ros/humble /usr/bin/cmake --build /home/yuan/rm/code/Ros/my_ros2_control/build/gimbal_controller -- -j16 -l16
[0.147s] [  6%] [34m[1mRunning `/opt/ros/humble/bin/generate_parameter_library_cpp /home/yuan/rm/code/Ros/my_ros2_control/build/gimbal_controller/gimbal_controller_parameters/include//gimbal_controller_parameters.hpp /home/yuan/rm/code/Ros/my_ros2_control/src/gimbal_controller/src/gimbal_controller.yaml validate_gimbal_controller_parameters.hpp`[0m
[0.148s] [ 40%] Built target gmock_main
[0.148s] [ 40%] Built target gmock
[0.174s] [ 53%] Built target test_load_gimbal_controller
[0.357s] [ 60%] Built target gimbal_controller_parameters
[0.379s] [35m[1mConsolidate compiler generated dependencies of target gimbal_controller[0m
[0.396s] [ 66%] [32mBuilding CXX object CMakeFiles/gimbal_controller.dir/src/gimbal_controller.cpp.o[0m
[2.727s] In file included from [01m[K/home/yuan/rm/code/Ros/my_ros2_control/build/gimbal_controller/gimbal_controller_parameters/include/gimbal_controller_parameters.hpp:29[m[K,
[2.727s]                  from [01m[K/home/yuan/rm/code/Ros/my_ros2_control/src/gimbal_controller/include/gimbal_controller/gimbal_controller.hpp:24[m[K,
[2.727s]                  from [01m[K/home/yuan/rm/code/Ros/my_ros2_control/src/gimbal_controller/src/gimbal_controller.cpp:15[m[K:
[2.727s] [01m[K/home/yuan/rm/code/Ros/my_ros2_control/build/gimbal_controller/gimbal_controller_parameters/include/validate_gimbal_controller_parameters.hpp:24:75:[m[K [01;35m[Kwarning: [m[Kâ€˜[01m[Kusing Result = class tl::expected<void, std::__cxx11::basic_string<char> >[m[Kâ€™ is deprecated: Use tl::expected<void, std::string> for return instead. `#include <tl_expected/expected.hpp>`. [[01;35m[K]8;;https://gcc.gnu.org/onlinedocs/gcc/Warning-Options.html#index-Wdeprecated-declarations-Wdeprecated-declarations]8;;[m[K]
[2.727s]    24 | Result forbidden_interface_name_prefix(rclcpp::Parameter const & parameter[01;35m[K)[m[K
[2.727s]       |                                                                           [01;35m[K^[m[K
[2.727s] In file included from [01m[K/home/yuan/rm/code/Ros/my_ros2_control/build/gimbal_controller/gimbal_controller_parameters/include/gimbal_controller_parameters.hpp:23[m[K,
[2.727s]                  from [01m[K/home/yuan/rm/code/Ros/my_ros2_control/src/gimbal_controller/include/gimbal_controller/gimbal_controller.hpp:24[m[K,
[2.727s]                  from [01m[K/home/yuan/rm/code/Ros/my_ros2_control/src/gimbal_controller/src/gimbal_controller.cpp:15[m[K:
[2.728s] [01m[K/opt/ros/humble/include/parameter_traits/parameter_traits/parameter_traits.hpp:37:7:[m[K [01;36m[Knote: [m[Kdeclared here
[2.728s]    37 | using [01;36m[KResult[m[K
[2.728s]       |       [01;36m[K^~~~~~[m[K
[2.728s] In file included from [01m[K/home/yuan/rm/code/Ros/my_ros2_control/build/gimbal_controller/gimbal_controller_parameters/include/gimbal_controller_parameters.hpp:29[m[K,
[2.728s]                  from [01m[K/home/yuan/rm/code/Ros/my_ros2_control/src/gimbal_controller/include/gimbal_controller/gimbal_controller.hpp:24[m[K,
[2.728s]                  from [01m[K/home/yuan/rm/code/Ros/my_ros2_control/src/gimbal_controller/src/gimbal_controller.cpp:15[m[K:
[2.728s] [01m[K/home/yuan/rm/code/Ros/my_ros2_control/build/gimbal_controller/gimbal_controller_parameters/include/validate_gimbal_controller_parameters.hpp:[m[K In function â€˜[01m[Kparameter_traits::Result parameter_traits::forbidden_interface_name_prefix(const rclcpp::Parameter&)[m[Kâ€™:
[2.728s] [01m[K/home/yuan/rm/code/Ros/my_ros2_control/build/gimbal_controller/gimbal_controller_parameters/include/validate_gimbal_controller_parameters.hpp:30:17:[m[K [01;35m[Kwarning: [m[Kâ€˜[01m[Ktl::expected<void, std::__cxx11::basic_string<char> > parameter_traits::ERROR(const string&, Args ...) [with Args = {}; std::string = std::__cxx11::basic_string<char>][m[Kâ€™ is deprecated: When returning tl::expected<void, std::string> you can call fmt::format directly. [[01;35m[K]8;;https://gcc.gnu.org/onlinedocs/gcc/Warning-Options.html#index-Wdeprecated-declarations-Wdeprecated-declarations]8;;[m[K]
[2.728s]    30 |     return [01;35m[KERROR("'interface_name' parameter can not start with 'blup_'")[m[K;
[2.728s]       |            [01;35m[K~~~~~^~~~~~~~~~~~~~~~~~~~~~~~~~~~~~~~~~~~~~~~~~~~~~~~~~~~~~~~~[m[K
[2.729s] In file included from [01m[K/home/yuan/rm/code/Ros/my_ros2_control/build/gimbal_controller/gimbal_controller_parameters/include/gimbal_controller_parameters.hpp:23[m[K,
[2.729s]                  from [01m[K/home/yuan/rm/code/Ros/my_ros2_control/src/gimbal_controller/include/gimbal_controller/gimbal_controller.hpp:24[m[K,
[2.729s]                  from [01m[K/home/yuan/rm/code/Ros/my_ros2_control/src/gimbal_controller/src/gimbal_controller.cpp:15[m[K:
[2.729s] [01m[K/opt/ros/humble/include/parameter_traits/parameter_traits/parameter_traits.hpp:46:1:[m[K [01;36m[Knote: [m[Kdeclared here
[2.729s]    46 | [01;36m[KERROR[m[K(const std::string& format, Args... args)
[2.729s]       | [01;36m[K^~~~~[m[K
[2.729s] In file included from [01m[K/home/yuan/rm/code/Ros/my_ros2_control/build/gimbal_controller/gimbal_controller_parameters/include/gimbal_controller_parameters.hpp:29[m[K,
[2.729s]                  from [01m[K/home/yuan/rm/code/Ros/my_ros2_control/src/gimbal_controller/include/gimbal_controller/gimbal_controller.hpp:24[m[K,
[2.729s]                  from [01m[K/home/yuan/rm/code/Ros/my_ros2_control/src/gimbal_controller/src/gimbal_controller.cpp:15[m[K:
[2.729s] [01m[K/home/yuan/rm/code/Ros/my_ros2_control/build/gimbal_controller/gimbal_controller_parameters/include/validate_gimbal_controller_parameters.hpp:33:10:[m[K [01;35m[Kwarning: [m[Kâ€˜[01m[Kparameter_traits::OK[m[Kâ€™ is deprecated: When returning tl::expected<void, std::string> default construct for OK with `{}`. [[01;35m[K]8;;https://gcc.gnu.org/onlinedocs/gcc/Warning-Options.html#index-Wdeprecated-declarations-Wdeprecated-declarations]8;;[m[K]
[2.729s]    33 |   return [01;35m[KOK[m[K;
[2.729s]       |          [01;35m[K^~[m[K
[2.729s] In file included from [01m[K/home/yuan/rm/code/Ros/my_ros2_control/build/gimbal_controller/gimbal_controller_parameters/include/gimbal_controller_parameters.hpp:23[m[K,
[2.729s]                  from [01m[K/home/yuan/rm/code/Ros/my_ros2_control/src/gimbal_controller/include/gimbal_controller/gimbal_controller.hpp:24[m[K,
[2.729s]                  from [01m[K/home/yuan/rm/code/Ros/my_ros2_control/src/gimbal_controller/src/gimbal_controller.cpp:15[m[K:
[2.730s] [01m[K/opt/ros/humble/include/parameter_traits/parameter_traits/parameter_traits.hpp:51:13:[m[K [01;36m[Knote: [m[Kdeclared here
[2.730s]    51 | auto static [01;36m[KOK[m[K
[2.730s]       |             [01;36m[K^~[m[K
[3.219s] In file included from [01m[K/opt/ros/humble/include/rclcpp/rclcpp/logging.hpp:24[m[K,
[3.219s]                  from [01m[K/opt/ros/humble/include/rclcpp/rclcpp/client.hpp:40[m[K,
[3.219s]                  from [01m[K/opt/ros/humble/include/rclcpp/rclcpp/callback_group.hpp:24[m[K,
[3.219s]                  from [01m[K/opt/ros/humble/include/rclcpp/rclcpp/any_executable.hpp:20[m[K,
[3.219s]                  from [01m[K/opt/ros/humble/include/rclcpp/rclcpp/memory_strategy.hpp:25[m[K,
[3.219s]                  from [01m[K/opt/ros/humble/include/rclcpp/rclcpp/memory_strategies.hpp:18[m[K,
[3.219s]                  from [01m[K/opt/ros/humble/include/rclcpp/rclcpp/executor_options.hpp:20[m[K,
[3.219s]                  from [01m[K/opt/ros/humble/include/rclcpp/rclcpp/executor.hpp:37[m[K,
[3.220s]                  from [01m[K/opt/ros/humble/include/rclcpp/rclcpp/executors/multi_threaded_executor.hpp:25[m[K,
[3.220s]                  from [01m[K/opt/ros/humble/include/rclcpp/rclcpp/executors.hpp:21[m[K,
[3.220s]                  from [01m[K/opt/ros/humble/include/rclcpp/rclcpp/rclcpp.hpp:155[m[K,
[3.220s]                  from [01m[K/opt/ros/humble/include/controller_interface/controller_interface_base.hpp:28[m[K,
[3.220s]                  from [01m[K/opt/ros/humble/include/controller_interface/controller_interface.hpp:22[m[K,
[3.220s]                  from [01m[K/home/yuan/rm/code/Ros/my_ros2_control/src/gimbal_controller/include/gimbal_controller/gimbal_controller.hpp:23[m[K,
[3.220s]                  from [01m[K/home/yuan/rm/code/Ros/my_ros2_control/src/gimbal_controller/src/gimbal_controller.cpp:15[m[K:
[3.220s] [01m[K/home/yuan/rm/code/Ros/my_ros2_control/src/gimbal_controller/src/gimbal_controller.cpp:[m[K In member function â€˜[01m[Kvirtual controller_interface::return_type gimbal_controller::GimbalController::update(const rclcpp::Time&, const rclcpp::Duration&)[m[Kâ€™:
[3.220s] [01m[K/home/yuan/rm/code/Ros/my_ros2_control/src/gimbal_controller/src/gimbal_controller.cpp:192:37:[m[K [01;35m[Kwarning: [m[Kformat â€˜[01m[K%s[m[Kâ€™ expects argument of type â€˜[01m[Kchar*[m[Kâ€™, but argument 5 has type â€˜[01m[K__gnu_cxx::__alloc_traits<std::allocator<std::__cxx11::basic_string<char> >, std::__cxx11::basic_string<char> >::value_type[m[Kâ€™ {aka â€˜[01m[Kstd::__cxx11::basic_string<char>[m[Kâ€™} [[01;35m[K]8;;https://gcc.gnu.org/onlinedocs/gcc/Warning-Options.html#index-Wformat=-Wformat=]8;;[m[K]
[3.220s]   192 |           get_node()->get_logger(), [01;35m[K"%s get velocity feedback is : %lld \n"[m[K, params_.joints[i], gimbal_state_cmd_data_[i].feedback_velocity);
[3.220s]       |                                     [01;35m[K^~~~~~~~~~~~~~~~~~~~~~~~~~~~~~~~~~~~~~~[m[K
[3.220s] [01m[K/home/yuan/rm/code/Ros/my_ros2_control/src/gimbal_controller/src/gimbal_controller.cpp:192:39:[m[K [01;36m[Knote: [m[Kformat string is defined here
[3.221s]   192 |           get_node()->get_logger(), "[01;36m[K%s[m[K get velocity feedback is : %lld \n", params_.joints[i], gimbal_state_cmd_data_[i].feedback_velocity);
[3.221s]       |                                      [01;36m[K~^[m[K
[3.221s]       |                                       [01;36m[K|[m[K
[3.221s]       |                                       [01;36m[Kchar*[m[K
[3.221s] In file included from [01m[K/opt/ros/humble/include/rclcpp/rclcpp/logging.hpp:24[m[K,
[3.221s]                  from [01m[K/opt/ros/humble/include/rclcpp/rclcpp/client.hpp:40[m[K,
[3.221s]                  from [01m[K/opt/ros/humble/include/rclcpp/rclcpp/callback_group.hpp:24[m[K,
[3.221s]                  from [01m[K/opt/ros/humble/include/rclcpp/rclcpp/any_executable.hpp:20[m[K,
[3.221s]                  from [01m[K/opt/ros/humble/include/rclcpp/rclcpp/memory_strategy.hpp:25[m[K,
[3.222s]                  from [01m[K/opt/ros/humble/include/rclcpp/rclcpp/memory_strategies.hpp:18[m[K,
[3.222s]                  from [01m[K/opt/ros/humble/include/rclcpp/rclcpp/executor_options.hpp:20[m[K,
[3.222s]                  from [01m[K/opt/ros/humble/include/rclcpp/rclcpp/executor.hpp:37[m[K,
[3.222s]                  from [01m[K/opt/ros/humble/include/rclcpp/rclcpp/executors/multi_threaded_executor.hpp:25[m[K,
[3.222s]                  from [01m[K/opt/ros/humble/include/rclcpp/rclcpp/executors.hpp:21[m[K,
[3.222s]                  from [01m[K/opt/ros/humble/include/rclcpp/rclcpp/rclcpp.hpp:155[m[K,
[3.222s]                  from [01m[K/opt/ros/humble/include/controller_interface/controller_interface_base.hpp:28[m[K,
[3.222s]                  from [01m[K/opt/ros/humble/include/controller_interface/controller_interface.hpp:22[m[K,
[3.222s]                  from [01m[K/home/yuan/rm/code/Ros/my_ros2_control/src/gimbal_controller/include/gimbal_controller/gimbal_controller.hpp:23[m[K,
[3.222s]                  from [01m[K/home/yuan/rm/code/Ros/my_ros2_control/src/gimbal_controller/src/gimbal_controller.cpp:15[m[K:
[3.222s] [01m[K/home/yuan/rm/code/Ros/my_ros2_control/src/gimbal_controller/src/gimbal_controller.cpp:192:37:[m[K [01;35m[Kwarning: [m[Kformat â€˜[01m[K%lld[m[Kâ€™ expects argument of type â€˜[01m[Klong long int[m[Kâ€™, but argument 6 has type â€˜[01m[Kstd::reference_wrapper<const hardware_interface::LoanedStateInterface>[m[Kâ€™ [[01;35m[K]8;;https://gcc.gnu.org/onlinedocs/gcc/Warning-Options.html#index-Wformat=-Wformat=]8;;[m[K]
[3.222s]   192 |           get_node()->get_logger(), [01;35m[K"%s get velocity feedback is : %lld \n"[m[K, params_.joints[i], gimbal_state_cmd_data_[i].feedback_velocity);
[3.222s]       |                                     [01;35m[K^~~~~~~~~~~~~~~~~~~~~~~~~~~~~~~~~~~~~~~[m[K
[3.222s] [01m[K/home/yuan/rm/code/Ros/my_ros2_control/src/gimbal_controller/src/gimbal_controller.cpp:192:71:[m[K [01;36m[Knote: [m[Kformat string is defined here
[3.222s]   192 |           get_node()->get_logger(), "%s get velocity feedback is : [01;36m[K%lld[m[K \n", params_.joints[i], gimbal_state_cmd_data_[i].feedback_velocity);
[3.223s]       |                                                                    [01;36m[K~~~^[m[K
[3.223s]       |                                                                       [01;36m[K|[m[K
[3.223s]       |                                                                       [01;36m[Klong long int[m[K
[3.223s] In file included from [01m[K/opt/ros/humble/include/rclcpp/rclcpp/logging.hpp:24[m[K,
[3.223s]                  from [01m[K/opt/ros/humble/include/rclcpp/rclcpp/client.hpp:40[m[K,
[3.223s]                  from [01m[K/opt/ros/humble/include/rclcpp/rclcpp/callback_group.hpp:24[m[K,
[3.223s]                  from [01m[K/opt/ros/humble/include/rclcpp/rclcpp/any_executable.hpp:20[m[K,
[3.223s]                  from [01m[K/opt/ros/humble/include/rclcpp/rclcpp/memory_strategy.hpp:25[m[K,
[3.223s]                  from [01m[K/opt/ros/humble/include/rclcpp/rclcpp/memory_strategies.hpp:18[m[K,
[3.223s]                  from [01m[K/opt/ros/humble/include/rclcpp/rclcpp/executor_options.hpp:20[m[K,
[3.223s]                  from [01m[K/opt/ros/humble/include/rclcpp/rclcpp/executor.hpp:37[m[K,
[3.223s]                  from [01m[K/opt/ros/humble/include/rclcpp/rclcpp/executors/multi_threaded_executor.hpp:25[m[K,
[3.223s]                  from [01m[K/opt/ros/humble/include/rclcpp/rclcpp/executors.hpp:21[m[K,
[3.223s]                  from [01m[K/opt/ros/humble/include/rclcpp/rclcpp/rclcpp.hpp:155[m[K,
[3.223s]                  from [01m[K/opt/ros/humble/include/controller_interface/controller_interface_base.hpp:28[m[K,
[3.223s]                  from [01m[K/opt/ros/humble/include/controller_interface/controller_interface.hpp:22[m[K,
[3.224s]                  from [01m[K/home/yuan/rm/code/Ros/my_ros2_control/src/gimbal_controller/include/gimbal_controller/gimbal_controller.hpp:23[m[K,
[3.224s]                  from [01m[K/home/yuan/rm/code/Ros/my_ros2_control/src/gimbal_controller/src/gimbal_controller.cpp:15[m[K:
[3.224s] [01m[K/home/yuan/rm/code/Ros/my_ros2_control/src/gimbal_controller/src/gimbal_controller.cpp:195:37:[m[K [01;35m[Kwarning: [m[Kformat â€˜[01m[K%s[m[Kâ€™ expects argument of type â€˜[01m[Kchar*[m[Kâ€™, but argument 5 has type â€˜[01m[K__gnu_cxx::__alloc_traits<std::allocator<std::__cxx11::basic_string<char> >, std::__cxx11::basic_string<char> >::value_type[m[Kâ€™ {aka â€˜[01m[Kstd::__cxx11::basic_string<char>[m[Kâ€™} [[01;35m[K]8;;https://gcc.gnu.org/onlinedocs/gcc/Warning-Options.html#index-Wformat=-Wformat=]8;;[m[K]
[3.224s]   195 |           get_node()->get_logger(), [01;35m[K"%s get position feedback is : %lld \n"[m[K, params_.joints[i], gimbal_state_cmd_data_[i].feedback_position);
[3.224s]       |                                     [01;35m[K^~~~~~~~~~~~~~~~~~~~~~~~~~~~~~~~~~~~~~~[m[K
[3.224s] [01m[K/home/yuan/rm/code/Ros/my_ros2_control/src/gimbal_controller/src/gimbal_controller.cpp:195:39:[m[K [01;36m[Knote: [m[Kformat string is defined here
[3.224s]   195 |           get_node()->get_logger(), "[01;36m[K%s[m[K get position feedback is : %lld \n", params_.joints[i], gimbal_state_cmd_data_[i].feedback_position);
[3.224s]       |                                      [01;36m[K~^[m[K
[3.224s]       |                                       [01;36m[K|[m[K
[3.224s]       |                                       [01;36m[Kchar*[m[K
[3.224s] In file included from [01m[K/opt/ros/humble/include/rclcpp/rclcpp/logging.hpp:24[m[K,
[3.224s]                  from [01m[K/opt/ros/humble/include/rclcpp/rclcpp/client.hpp:40[m[K,
[3.224s]                  from [01m[K/opt/ros/humble/include/rclcpp/rclcpp/callback_group.hpp:24[m[K,
[3.224s]                  from [01m[K/opt/ros/humble/include/rclcpp/rclcpp/any_executable.hpp:20[m[K,
[3.224s]                  from [01m[K/opt/ros/humble/include/rclcpp/rclcpp/memory_strategy.hpp:25[m[K,
[3.224s]                  from [01m[K/opt/ros/humble/include/rclcpp/rclcpp/memory_strategies.hpp:18[m[K,
[3.224s]                  from [01m[K/opt/ros/humble/include/rclcpp/rclcpp/executor_options.hpp:20[m[K,
[3.225s]                  from [01m[K/opt/ros/humble/include/rclcpp/rclcpp/executor.hpp:37[m[K,
[3.225s]                  from [01m[K/opt/ros/humble/include/rclcpp/rclcpp/executors/multi_threaded_executor.hpp:25[m[K,
[3.225s]                  from [01m[K/opt/ros/humble/include/rclcpp/rclcpp/executors.hpp:21[m[K,
[3.225s]                  from [01m[K/opt/ros/humble/include/rclcpp/rclcpp/rclcpp.hpp:155[m[K,
[3.225s]                  from [01m[K/opt/ros/humble/include/controller_interface/controller_interface_base.hpp:28[m[K,
[3.225s]                  from [01m[K/opt/ros/humble/include/controller_interface/controller_interface.hpp:22[m[K,
[3.225s]                  from [01m[K/home/yuan/rm/code/Ros/my_ros2_control/src/gimbal_controller/include/gimbal_controller/gimbal_controller.hpp:23[m[K,
[3.225s]                  from [01m[K/home/yuan/rm/code/Ros/my_ros2_control/src/gimbal_controller/src/gimbal_controller.cpp:15[m[K:
[3.225s] [01m[K/home/yuan/rm/code/Ros/my_ros2_control/src/gimbal_controller/src/gimbal_controller.cpp:195:37:[m[K [01;35m[Kwarning: [m[Kformat â€˜[01m[K%lld[m[Kâ€™ expects argument of type â€˜[01m[Klong long int[m[Kâ€™, but argument 6 has type â€˜[01m[Kstd::reference_wrapper<const hardware_interface::LoanedStateInterface>[m[Kâ€™ [[01;35m[K]8;;https://gcc.gnu.org/onlinedocs/gcc/Warning-Options.html#index-Wformat=-Wformat=]8;;[m[K]
[3.225s]   195 |           get_node()->get_logger(), [01;35m[K"%s get position feedback is : %lld \n"[m[K, params_.joints[i], gimbal_state_cmd_data_[i].feedback_position);
[3.225s]       |                                     [01;35m[K^~~~~~~~~~~~~~~~~~~~~~~~~~~~~~~~~~~~~~~[m[K
[3.225s] [01m[K/home/yuan/rm/code/Ros/my_ros2_control/src/gimbal_controller/src/gimbal_controller.cpp:195:71:[m[K [01;36m[Knote: [m[Kformat string is defined here
[3.225s]   195 |           get_node()->get_logger(), "%s get position feedback is : [01;36m[K%lld[m[K \n", params_.joints[i], gimbal_state_cmd_data_[i].feedback_position);
[3.225s]       |                                                                    [01;36m[K~~~^[m[K
[3.225s]       |                                                                       [01;36m[K|[m[K
[3.225s]       |                                                                       [01;36m[Klong long int[m[K
[3.226s] In file included from [01m[K/opt/ros/humble/include/rclcpp/rclcpp/logging.hpp:24[m[K,
[3.226s]                  from [01m[K/opt/ros/humble/include/rclcpp/rclcpp/client.hpp:40[m[K,
[3.226s]                  from [01m[K/opt/ros/humble/include/rclcpp/rclcpp/callback_group.hpp:24[m[K,
[3.226s]                  from [01m[K/opt/ros/humble/include/rclcpp/rclcpp/any_executable.hpp:20[m[K,
[3.226s]                  from [01m[K/opt/ros/humble/include/rclcpp/rclcpp/memory_strategy.hpp:25[m[K,
[3.226s]                  from [01m[K/opt/ros/humble/include/rclcpp/rclcpp/memory_strategies.hpp:18[m[K,
[3.226s]                  from [01m[K/opt/ros/humble/include/rclcpp/rclcpp/executor_options.hpp:20[m[K,
[3.226s]                  from [01m[K/opt/ros/humble/include/rclcpp/rclcpp/executor.hpp:37[m[K,
[3.226s]                  from [01m[K/opt/ros/humble/include/rclcpp/rclcpp/executors/multi_threaded_executor.hpp:25[m[K,
[3.226s]                  from [01m[K/opt/ros/humble/include/rclcpp/rclcpp/executors.hpp:21[m[K,
[3.226s]                  from [01m[K/opt/ros/humble/include/rclcpp/rclcpp/rclcpp.hpp:155[m[K,
[3.226s]                  from [01m[K/opt/ros/humble/include/controller_interface/controller_interface_base.hpp:28[m[K,
[3.226s]                  from [01m[K/opt/ros/humble/include/controller_interface/controller_interface.hpp:22[m[K,
[3.226s]                  from [01m[K/home/yuan/rm/code/Ros/my_ros2_control/src/gimbal_controller/include/gimbal_controller/gimbal_controller.hpp:23[m[K,
[3.226s]                  from [01m[K/home/yuan/rm/code/Ros/my_ros2_control/src/gimbal_controller/src/gimbal_controller.cpp:15[m[K:
[3.226s] [01m[K/home/yuan/rm/code/Ros/my_ros2_control/src/gimbal_controller/src/gimbal_controller.cpp:198:37:[m[K [01;35m[Kwarning: [m[Kformat â€˜[01m[K%s[m[Kâ€™ expects argument of type â€˜[01m[Kchar*[m[Kâ€™, but argument 5 has type â€˜[01m[K__gnu_cxx::__alloc_traits<std::allocator<std::__cxx11::basic_string<char> >, std::__cxx11::basic_string<char> >::value_type[m[Kâ€™ {aka â€˜[01m[Kstd::__cxx11::basic_string<char>[m[Kâ€™} [[01;35m[K]8;;https://gcc.gnu.org/onlinedocs/gcc/Warning-Options.html#index-Wformat=-Wformat=]8;;[m[K]
[3.227s]   198 |           get_node()->get_logger(), [01;35m[K"%s get update time is : %lld \n"[m[K, params_.joints[i], (get_node()->get_clock()->now().nanoseconds() - previous_update_timestamp_.nanoseconds()));
[3.227s]       |                                     [01;35m[K^~~~~~~~~~~~~~~~~~~~~~~~~~~~~~~~~[m[K
[3.227s] [01m[K/home/yuan/rm/code/Ros/my_ros2_control/src/gimbal_controller/src/gimbal_controller.cpp:198:39:[m[K [01;36m[Knote: [m[Kformat string is defined here
[3.227s]   198 |           get_node()->get_logger(), "[01;36m[K%s[m[K get update time is : %lld \n", params_.joints[i], (get_node()->get_clock()->now().nanoseconds() - previous_update_timestamp_.nanoseconds()));
[3.227s]       |                                      [01;36m[K~^[m[K
[3.227s]       |                                       [01;36m[K|[m[K
[3.227s]       |                                       [01;36m[Kchar*[m[K
[3.227s] In file included from [01m[K/opt/ros/humble/include/rclcpp/rclcpp/logging.hpp:24[m[K,
[3.227s]                  from [01m[K/opt/ros/humble/include/rclcpp/rclcpp/client.hpp:40[m[K,
[3.227s]                  from [01m[K/opt/ros/humble/include/rclcpp/rclcpp/callback_group.hpp:24[m[K,
[3.227s]                  from [01m[K/opt/ros/humble/include/rclcpp/rclcpp/any_executable.hpp:20[m[K,
[3.227s]                  from [01m[K/opt/ros/humble/include/rclcpp/rclcpp/memory_strategy.hpp:25[m[K,
[3.227s]                  from [01m[K/opt/ros/humble/include/rclcpp/rclcpp/memory_strategies.hpp:18[m[K,
[3.227s]                  from [01m[K/opt/ros/humble/include/rclcpp/rclcpp/executor_options.hpp:20[m[K,
[3.227s]                  from [01m[K/opt/ros/humble/include/rclcpp/rclcpp/executor.hpp:37[m[K,
[3.228s]                  from [01m[K/opt/ros/humble/include/rclcpp/rclcpp/executors/multi_threaded_executor.hpp:25[m[K,
[3.228s]                  from [01m[K/opt/ros/humble/include/rclcpp/rclcpp/executors.hpp:21[m[K,
[3.228s]                  from [01m[K/opt/ros/humble/include/rclcpp/rclcpp/rclcpp.hpp:155[m[K,
[3.228s]                  from [01m[K/opt/ros/humble/include/controller_interface/controller_interface_base.hpp:28[m[K,
[3.228s]                  from [01m[K/opt/ros/humble/include/controller_interface/controller_interface.hpp:22[m[K,
[3.228s]                  from [01m[K/home/yuan/rm/code/Ros/my_ros2_control/src/gimbal_controller/include/gimbal_controller/gimbal_controller.hpp:23[m[K,
[3.228s]                  from [01m[K/home/yuan/rm/code/Ros/my_ros2_control/src/gimbal_controller/src/gimbal_controller.cpp:15[m[K:
[3.228s] [01m[K/home/yuan/rm/code/Ros/my_ros2_control/src/gimbal_controller/src/gimbal_controller.cpp:198:37:[m[K [01;35m[Kwarning: [m[Kformat â€˜[01m[K%lld[m[Kâ€™ expects argument of type â€˜[01m[Klong long int[m[Kâ€™, but argument 6 has type â€˜[01m[Krcl_time_point_value_t[m[Kâ€™ {aka â€˜[01m[Klong int[m[Kâ€™} [[01;35m[K]8;;https://gcc.gnu.org/onlinedocs/gcc/Warning-Options.html#index-Wformat=-Wformat=]8;;[m[K]
[3.228s]   198 |           get_node()->get_logger(), [01;35m[K"%s get update time is : %lld \n"[m[K, params_.joints[i], [32m[K(get_node()->get_clock()->now().nanoseconds() - previous_update_timestamp_.nanoseconds())[m[K);
[3.228s]       |                                     [01;35m[K^~~~~~~~~~~~~~~~~~~~~~~~~~~~~~~~~[m[K                     [32m[K~~~~~~~~~~~~~~~~~~~~~~~~~~~~~~~~~~~~~~~~~~~~~~~~~~~~~~~~~~~~~~~~~~~~~~~~~~~~~~~~~~~~~~~~~[m[K
[3.228s]       |                                                                                                                                         [32m[K|[m[K
[3.229s]       |                                                                                                                                         [32m[Krcl_time_point_value_t {aka long int}[m[K
[3.229s] [01m[K/home/yuan/rm/code/Ros/my_ros2_control/src/gimbal_controller/src/gimbal_controller.cpp:198:65:[m[K [01;36m[Knote: [m[Kformat string is defined here
[3.229s]   198 |           get_node()->get_logger(), "%s get update time is : [01;36m[K%lld[m[K \n", params_.joints[i], (get_node()->get_clock()->now().nanoseconds() - previous_update_timestamp_.nanoseconds()));
[3.229s]       |                                                              [01;36m[K~~~^[m[K
[3.229s]       |                                                                 [01;36m[K|[m[K
[3.229s]       |                                                                 [01;36m[Klong long int[m[K
[3.229s]       |                                                              [32m[K%ld[m[K
[3.229s] [01m[K/home/yuan/rm/code/Ros/my_ros2_control/src/gimbal_controller/src/gimbal_controller.cpp:180:27:[m[K [01;35m[Kwarning: [m[Kunused parameter â€˜[01m[Ktime[m[Kâ€™ [[01;35m[K]8;;https://gcc.gnu.org/onlinedocs/gcc/Warning-Options.html#index-Wunused-parameter-Wunused-parameter]8;;[m[K]
[3.229s]   180 |       [01;35m[Kconst rclcpp::Time &time[m[K, const rclcpp::Duration & /*period*/)
[3.229s]       |       [01;35m[K~~~~~~~~~~~~~~~~~~~~^~~~[m[K
[9.531s] [ 73%] [32m[1mLinking CXX shared library libgimbal_controller.so[0m
[10.020s] [ 73%] Built target gimbal_controller
[10.031s] [35m[1mConsolidate compiler generated dependencies of target test_gimbal_controller_preceeding[0m
[10.031s] [35m[1mConsolidate compiler generated dependencies of target test_gimbal_controller[0m
[10.053s] [ 86%] [32mBuilding CXX object CMakeFiles/test_gimbal_controller_preceeding.dir/test/test_gimbal_controller_preceeding.cpp.o[0m
[10.053s] [ 86%] [32mBuilding CXX object CMakeFiles/test_gimbal_controller.dir/test/test_gimbal_controller.cpp.o[0m
[12.367s] In file included from [01m[K/home/yuan/rm/code/Ros/my_ros2_control/build/gimbal_controller/gimbal_controller_parameters/include/gimbal_controller_parameters.hpp:29[m[K,
[12.367s]                  from [01m[K/home/yuan/rm/code/Ros/my_ros2_control/src/gimbal_controller/include/gimbal_controller/gimbal_controller.hpp:24[m[K,
[12.367s]                  from [01m[K/home/yuan/rm/code/Ros/my_ros2_control/src/gimbal_controller/test/test_gimbal_controller.hpp:26[m[K,
[12.367s]                  from [01m[K/home/yuan/rm/code/Ros/my_ros2_control/src/gimbal_controller/test/test_gimbal_controller.cpp:15[m[K:
[12.368s] [01m[K/home/yuan/rm/code/Ros/my_ros2_control/build/gimbal_controller/gimbal_controller_parameters/include/validate_gimbal_controller_parameters.hpp:24:75:[m[K [01;35m[Kwarning: [m[Kâ€˜[01m[Kusing Result = class tl::expected<void, std::__cxx11::basic_string<char> >[m[Kâ€™ is deprecated: Use tl::expected<void, std::string> for return instead. `#include <tl_expected/expected.hpp>`. [[01;35m[K]8;;https://gcc.gnu.org/onlinedocs/gcc/Warning-Options.html#index-Wdeprecated-declarations-Wdeprecated-declarations]8;;[m[K]
[12.368s]    24 | Result forbidden_interface_name_prefix(rclcpp::Parameter const & parameter[01;35m[K)[m[K
[12.368s]       |                                                                           [01;35m[K^[m[K
[12.368s] In file included from [01m[K/home/yuan/rm/code/Ros/my_ros2_control/build/gimbal_controller/gimbal_controller_parameters/include/gimbal_controller_parameters.hpp:23[m[K,
[12.368s]                  from [01m[K/home/yuan/rm/code/Ros/my_ros2_control/src/gimbal_controller/include/gimbal_controller/gimbal_controller.hpp:24[m[K,
[12.368s]                  from [01m[K/home/yuan/rm/code/Ros/my_ros2_control/src/gimbal_controller/test/test_gimbal_controller.hpp:26[m[K,
[12.368s]                  from [01m[K/home/yuan/rm/code/Ros/my_ros2_control/src/gimbal_controller/test/test_gimbal_controller.cpp:15[m[K:
[12.368s] [01m[K/opt/ros/humble/include/parameter_traits/parameter_traits/parameter_traits.hpp:37:7:[m[K [01;36m[Knote: [m[Kdeclared here
[12.368s]    37 | using [01;36m[KResult[m[K
[12.368s]       |       [01;36m[K^~~~~~[m[K
[12.368s] In file included from [01m[K/home/yuan/rm/code/Ros/my_ros2_control/build/gimbal_controller/gimbal_controller_parameters/include/gimbal_controller_parameters.hpp:29[m[K,
[12.369s]                  from [01m[K/home/yuan/rm/code/Ros/my_ros2_control/src/gimbal_controller/include/gimbal_controller/gimbal_controller.hpp:24[m[K,
[12.369s]                  from [01m[K/home/yuan/rm/code/Ros/my_ros2_control/src/gimbal_controller/test/test_gimbal_controller.hpp:26[m[K,
[12.369s]                  from [01m[K/home/yuan/rm/code/Ros/my_ros2_control/src/gimbal_controller/test/test_gimbal_controller.cpp:15[m[K:
[12.369s] [01m[K/home/yuan/rm/code/Ros/my_ros2_control/build/gimbal_controller/gimbal_controller_parameters/include/validate_gimbal_controller_parameters.hpp:[m[K In function â€˜[01m[Kparameter_traits::Result parameter_traits::forbidden_interface_name_prefix(const rclcpp::Parameter&)[m[Kâ€™:
[12.369s] [01m[K/home/yuan/rm/code/Ros/my_ros2_control/build/gimbal_controller/gimbal_controller_parameters/include/validate_gimbal_controller_parameters.hpp:30:17:[m[K [01;35m[Kwarning: [m[Kâ€˜[01m[Ktl::expected<void, std::__cxx11::basic_string<char> > parameter_traits::ERROR(const string&, Args ...) [with Args = {}; std::string = std::__cxx11::basic_string<char>][m[Kâ€™ is deprecated: When returning tl::expected<void, std::string> you can call fmt::format directly. [[01;35m[K]8;;https://gcc.gnu.org/onlinedocs/gcc/Warning-Options.html#index-Wdeprecated-declarations-Wdeprecated-declarations]8;;[m[K]
[12.369s]    30 |     return [01;35m[KERROR("'interface_name' parameter can not start with 'blup_'")[m[K;
[12.369s]       |            [01;35m[K~~~~~^~~~~~~~~~~~~~~~~~~~~~~~~~~~~~~~~~~~~~~~~~~~~~~~~~~~~~~~~[m[K
[12.369s] In file included from [01m[K/home/yuan/rm/code/Ros/my_ros2_control/build/gimbal_controller/gimbal_controller_parameters/include/gimbal_controller_parameters.hpp:23[m[K,
[12.369s]                  from [01m[K/home/yuan/rm/code/Ros/my_ros2_control/src/gimbal_controller/include/gimbal_controller/gimbal_controller.hpp:24[m[K,
[12.369s]                  from [01m[K/home/yuan/rm/code/Ros/my_ros2_control/src/gimbal_controller/test/test_gimbal_controller.hpp:26[m[K,
[12.369s]                  from [01m[K/home/yuan/rm/code/Ros/my_ros2_control/src/gimbal_controller/test/test_gimbal_controller.cpp:15[m[K:
[12.369s] [01m[K/opt/ros/humble/include/parameter_traits/parameter_traits/parameter_traits.hpp:46:1:[m[K [01;36m[Knote: [m[Kdeclared here
[12.369s]    46 | [01;36m[KERROR[m[K(const std::string& format, Args... args)
[12.369s]       | [01;36m[K^~~~~[m[K
[12.369s] In file included from [01m[K/home/yuan/rm/code/Ros/my_ros2_control/build/gimbal_controller/gimbal_controller_parameters/include/gimbal_controller_parameters.hpp:29[m[K,
[12.370s]                  from [01m[K/home/yuan/rm/code/Ros/my_ros2_control/src/gimbal_controller/include/gimbal_controller/gimbal_controller.hpp:24[m[K,
[12.370s]                  from [01m[K/home/yuan/rm/code/Ros/my_ros2_control/src/gimbal_controller/test/test_gimbal_controller.hpp:26[m[K,
[12.370s]                  from [01m[K/home/yuan/rm/code/Ros/my_ros2_control/src/gimbal_controller/test/test_gimbal_controller.cpp:15[m[K:
[12.370s] [01m[K/home/yuan/rm/code/Ros/my_ros2_control/build/gimbal_controller/gimbal_controller_parameters/include/validate_gimbal_controller_parameters.hpp:33:10:[m[K [01;35m[Kwarning: [m[Kâ€˜[01m[Kparameter_traits::OK[m[Kâ€™ is deprecated: When returning tl::expected<void, std::string> default construct for OK with `{}`. [[01;35m[K]8;;https://gcc.gnu.org/onlinedocs/gcc/Warning-Options.html#index-Wdeprecated-declarations-Wdeprecated-declarations]8;;[m[K]
[12.370s]    33 |   return [01;35m[KOK[m[K;
[12.370s]       |          [01;35m[K^~[m[K
[12.370s] In file included from [01m[K/home/yuan/rm/code/Ros/my_ros2_control/build/gimbal_controller/gimbal_controller_parameters/include/gimbal_controller_parameters.hpp:23[m[K,
[12.370s]                  from [01m[K/home/yuan/rm/code/Ros/my_ros2_control/src/gimbal_controller/include/gimbal_controller/gimbal_controller.hpp:24[m[K,
[12.370s]                  from [01m[K/home/yuan/rm/code/Ros/my_ros2_control/src/gimbal_controller/test/test_gimbal_controller.hpp:26[m[K,
[12.370s]                  from [01m[K/home/yuan/rm/code/Ros/my_ros2_control/src/gimbal_controller/test/test_gimbal_controller.cpp:15[m[K:
[12.370s] [01m[K/opt/ros/humble/include/parameter_traits/parameter_traits/parameter_traits.hpp:51:13:[m[K [01;36m[Knote: [m[Kdeclared here
[12.370s]    51 | auto static [01;36m[KOK[m[K
[12.370s]       |             [01;36m[K^~[m[K
[12.374s] In file included from [01m[K/home/yuan/rm/code/Ros/my_ros2_control/build/gimbal_controller/gimbal_controller_parameters/include/gimbal_controller_parameters.hpp:29[m[K,
[12.374s]                  from [01m[K/home/yuan/rm/code/Ros/my_ros2_control/src/gimbal_controller/include/gimbal_controller/gimbal_controller.hpp:24[m[K,
[12.374s]                  from [01m[K/home/yuan/rm/code/Ros/my_ros2_control/src/gimbal_controller/test/test_gimbal_controller.hpp:26[m[K,
[12.375s]                  from [01m[K/home/yuan/rm/code/Ros/my_ros2_control/src/gimbal_controller/test/test_gimbal_controller_preceeding.cpp:15[m[K:
[12.375s] [01m[K/home/yuan/rm/code/Ros/my_ros2_control/build/gimbal_controller/gimbal_controller_parameters/include/validate_gimbal_controller_parameters.hpp:24:75:[m[K [01;35m[Kwarning: [m[Kâ€˜[01m[Kusing Result = class tl::expected<void, std::__cxx11::basic_string<char> >[m[Kâ€™ is deprecated: Use tl::expected<void, std::string> for return instead. `#include <tl_expected/expected.hpp>`. [[01;35m[K]8;;https://gcc.gnu.org/onlinedocs/gcc/Warning-Options.html#index-Wdeprecated-declarations-Wdeprecated-declarations]8;;[m[K]
[12.375s]    24 | Result forbidden_interface_name_prefix(rclcpp::Parameter const & parameter[01;35m[K)[m[K
[12.375s]       |                                                                           [01;35m[K^[m[K
[12.375s] In file included from [01m[K/home/yuan/rm/code/Ros/my_ros2_control/build/gimbal_controller/gimbal_controller_parameters/include/gimbal_controller_parameters.hpp:23[m[K,
[12.375s]                  from [01m[K/home/yuan/rm/code/Ros/my_ros2_control/src/gimbal_controller/include/gimbal_controller/gimbal_controller.hpp:24[m[K,
[12.375s]                  from [01m[K/home/yuan/rm/code/Ros/my_ros2_control/src/gimbal_controller/test/test_gimbal_controller.hpp:26[m[K,
[12.375s]                  from [01m[K/home/yuan/rm/code/Ros/my_ros2_control/src/gimbal_controller/test/test_gimbal_controller_preceeding.cpp:15[m[K:
[12.375s] [01m[K/opt/ros/humble/include/parameter_traits/parameter_traits/parameter_traits.hpp:37:7:[m[K [01;36m[Knote: [m[Kdeclared here
[12.375s]    37 | using [01;36m[KResult[m[K
[12.375s]       |       [01;36m[K^~~~~~[m[K
[12.375s] In file included from [01m[K/home/yuan/rm/code/Ros/my_ros2_control/build/gimbal_controller/gimbal_controller_parameters/include/gimbal_controller_parameters.hpp:29[m[K,
[12.375s]                  from [01m[K/home/yuan/rm/code/Ros/my_ros2_control/src/gimbal_controller/include/gimbal_controller/gimbal_controller.hpp:24[m[K,
[12.376s]                  from [01m[K/home/yuan/rm/code/Ros/my_ros2_control/src/gimbal_controller/test/test_gimbal_controller.hpp:26[m[K,
[12.376s]                  from [01m[K/home/yuan/rm/code/Ros/my_ros2_control/src/gimbal_controller/test/test_gimbal_controller_preceeding.cpp:15[m[K:
[12.376s] [01m[K/home/yuan/rm/code/Ros/my_ros2_control/build/gimbal_controller/gimbal_controller_parameters/include/validate_gimbal_controller_parameters.hpp:[m[K In function â€˜[01m[Kparameter_traits::Result parameter_traits::forbidden_interface_name_prefix(const rclcpp::Parameter&)[m[Kâ€™:
[12.376s] [01m[K/home/yuan/rm/code/Ros/my_ros2_control/build/gimbal_controller/gimbal_controller_parameters/include/validate_gimbal_controller_parameters.hpp:30:17:[m[K [01;35m[Kwarning: [m[Kâ€˜[01m[Ktl::expected<void, std::__cxx11::basic_string<char> > parameter_traits::ERROR(const string&, Args ...) [with Args = {}; std::string = std::__cxx11::basic_string<char>][m[Kâ€™ is deprecated: When returning tl::expected<void, std::string> you can call fmt::format directly. [[01;35m[K]8;;https://gcc.gnu.org/onlinedocs/gcc/Warning-Options.html#index-Wdeprecated-declarations-Wdeprecated-declarations]8;;[m[K]
[12.376s]    30 |     return [01;35m[KERROR("'interface_name' parameter can not start with 'blup_'")[m[K;
[12.376s]       |            [01;35m[K~~~~~^~~~~~~~~~~~~~~~~~~~~~~~~~~~~~~~~~~~~~~~~~~~~~~~~~~~~~~~~[m[K
[12.376s] In file included from [01m[K/home/yuan/rm/code/Ros/my_ros2_control/build/gimbal_controller/gimbal_controller_parameters/include/gimbal_controller_parameters.hpp:23[m[K,
[12.376s]                  from [01m[K/home/yuan/rm/code/Ros/my_ros2_control/src/gimbal_controller/include/gimbal_controller/gimbal_controller.hpp:24[m[K,
[12.376s]                  from [01m[K/home/yuan/rm/code/Ros/my_ros2_control/src/gimbal_controller/test/test_gimbal_controller.hpp:26[m[K,
[12.376s]                  from [01m[K/home/yuan/rm/code/Ros/my_ros2_control/src/gimbal_controller/test/test_gimbal_controller_preceeding.cpp:15[m[K:
[12.376s] [01m[K/opt/ros/humble/include/parameter_traits/parameter_traits/parameter_traits.hpp:46:1:[m[K [01;36m[Knote: [m[Kdeclared here
[12.376s]    46 | [01;36m[KERROR[m[K(const std::string& format, Args... args)
[12.376s]       | [01;36m[K^~~~~[m[K
[12.376s] In file included from [01m[K/home/yuan/rm/code/Ros/my_ros2_control/build/gimbal_controller/gimbal_controller_parameters/include/gimbal_controller_parameters.hpp:29[m[K,
[12.376s]                  from [01m[K/home/yuan/rm/code/Ros/my_ros2_control/src/gimbal_controller/include/gimbal_controller/gimbal_controller.hpp:24[m[K,
[12.376s]                  from [01m[K/home/yuan/rm/code/Ros/my_ros2_control/src/gimbal_controller/test/test_gimbal_controller.hpp:26[m[K,
[12.377s]                  from [01m[K/home/yuan/rm/code/Ros/my_ros2_control/src/gimbal_controller/test/test_gimbal_controller_preceeding.cpp:15[m[K:
[12.377s] [01m[K/home/yuan/rm/code/Ros/my_ros2_control/build/gimbal_controller/gimbal_controller_parameters/include/validate_gimbal_controller_parameters.hpp:33:10:[m[K [01;35m[Kwarning: [m[Kâ€˜[01m[Kparameter_traits::OK[m[Kâ€™ is deprecated: When returning tl::expected<void, std::string> default construct for OK with `{}`. [[01;35m[K]8;;https://gcc.gnu.org/onlinedocs/gcc/Warning-Options.html#index-Wdeprecated-declarations-Wdeprecated-declarations]8;;[m[K]
[12.377s]    33 |   return [01;35m[KOK[m[K;
[12.377s]       |          [01;35m[K^~[m[K
[12.377s] In file included from [01m[K/home/yuan/rm/code/Ros/my_ros2_control/build/gimbal_controller/gimbal_controller_parameters/include/gimbal_controller_parameters.hpp:23[m[K,
[12.377s]                  from [01m[K/home/yuan/rm/code/Ros/my_ros2_control/src/gimbal_controller/include/gimbal_controller/gimbal_controller.hpp:24[m[K,
[12.377s]                  from [01m[K/home/yuan/rm/code/Ros/my_ros2_control/src/gimbal_controller/test/test_gimbal_controller.hpp:26[m[K,
[12.377s]                  from [01m[K/home/yuan/rm/code/Ros/my_ros2_control/src/gimbal_controller/test/test_gimbal_controller_preceeding.cpp:15[m[K:
[12.377s] [01m[K/opt/ros/humble/include/parameter_traits/parameter_traits/parameter_traits.hpp:51:13:[m[K [01;36m[Knote: [m[Kdeclared here
[12.377s]    51 | auto static [01;36m[KOK[m[K
[12.377s]       |             [01;36m[K^~[m[K
[13.315s] In file included from [01m[K/opt/ros/humble/src/gtest_vendor/include/gtest/gtest.h:62[m[K,
[13.315s]                  from [01m[K/opt/ros/humble/src/gmock_vendor/include/gmock/internal/gmock-internal-utils.h:47[m[K,
[13.315s]                  from [01m[K/opt/ros/humble/src/gmock_vendor/include/gmock/gmock-actions.h:51[m[K,
[13.315s]                  from [01m[K/opt/ros/humble/src/gmock_vendor/include/gmock/gmock.h:59[m[K,
[13.315s]                  from [01m[K/home/yuan/rm/code/Ros/my_ros2_control/src/gimbal_controller/test/test_gimbal_controller.hpp:27[m[K,
[13.315s]                  from [01m[K/home/yuan/rm/code/Ros/my_ros2_control/src/gimbal_controller/test/test_gimbal_controller.cpp:15[m[K:
[13.315s] [01m[K/home/yuan/rm/code/Ros/my_ros2_control/src/gimbal_controller/test/test_gimbal_controller.cpp:[m[K In member function â€˜[01m[Kvirtual void GimbalControllerTest_all_parameters_set_configure_success_Test::TestBody()[m[Kâ€™:
[13.315s] [01m[K/home/yuan/rm/code/Ros/my_ros2_control/src/gimbal_controller/test/test_gimbal_controller.cpp:36:36:[m[K [01;31m[Kerror: [m[Kâ€˜[01m[Kstruct gimbal_controller::Params[m[Kâ€™ has no member named â€˜[01m[Kstate_joints[m[Kâ€™
[13.315s]    36 |   ASSERT_TRUE(controller_->params_.[01;31m[Kstate_joints[m[K.empty());
[13.315s]       |                                    [01;31m[K^~~~~~~~~~~~[m[K
[13.315s] [01m[K/opt/ros/humble/src/gtest_vendor/include/gtest/internal/gtest-internal.h:1325:34:[m[K [01;36m[Knote: [m[Kin definition of macro â€˜[01m[KGTEST_TEST_BOOLEAN_[m[Kâ€™
[13.315s]  1325 |       ::testing::AssertionResult([01;36m[Kexpression[m[K)) \
[13.316s]       |                                  [01;36m[K^~~~~~~~~~[m[K
[13.316s] [01m[K/home/yuan/rm/code/Ros/my_ros2_control/src/gimbal_controller/test/test_gimbal_controller.cpp:36:3:[m[K [01;36m[Knote: [m[Kin expansion of macro â€˜[01m[KASSERT_TRUE[m[Kâ€™
[13.316s]    36 |   [01;36m[KASSERT_TRUE[m[K(controller_->params_.state_joints.empty());
[13.316s]       |   [01;36m[K^~~~~~~~~~~[m[K
[13.316s] [01m[K/home/yuan/rm/code/Ros/my_ros2_control/src/gimbal_controller/test/test_gimbal_controller.cpp:37:36:[m[K [01;31m[Kerror: [m[Kâ€˜[01m[Kstruct gimbal_controller::Params[m[Kâ€™ has no member named â€˜[01m[Kinterface_name[m[Kâ€™; did you mean â€˜[01m[Kcmd_interface_name[m[Kâ€™?
[13.316s]    37 |   ASSERT_TRUE(controller_->params_.[01;31m[Kinterface_name[m[K.empty());
[13.316s]       |                                    [01;31m[K^~~~~~~~~~~~~~[m[K
[13.316s] [01m[K/opt/ros/humble/src/gtest_vendor/include/gtest/internal/gtest-internal.h:1325:34:[m[K [01;36m[Knote: [m[Kin definition of macro â€˜[01m[KGTEST_TEST_BOOLEAN_[m[Kâ€™
[13.316s]  1325 |       ::testing::AssertionResult([01;36m[Kexpression[m[K)) \
[13.316s]       |                                  [01;36m[K^~~~~~~~~~[m[K
[13.316s] [01m[K/home/yuan/rm/code/Ros/my_ros2_control/src/gimbal_controller/test/test_gimbal_controller.cpp:37:3:[m[K [01;36m[Knote: [m[Kin expansion of macro â€˜[01m[KASSERT_TRUE[m[Kâ€™
[13.316s]    37 |   [01;36m[KASSERT_TRUE[m[K(controller_->params_.interface_name.empty());
[13.317s]       |   [01;36m[K^~~~~~~~~~~[m[K
[13.317s] [01m[K/home/yuan/rm/code/Ros/my_ros2_control/src/gimbal_controller/test/test_gimbal_controller.cpp:42:36:[m[K [01;31m[Kerror: [m[Kâ€˜[01m[Kstruct gimbal_controller::Params[m[Kâ€™ has no member named â€˜[01m[Kstate_joints[m[Kâ€™
[13.317s]    42 |   ASSERT_TRUE(controller_->params_.[01;31m[Kstate_joints[m[K.empty());
[13.317s]       |                                    [01;31m[K^~~~~~~~~~~~[m[K
[13.317s] [01m[K/opt/ros/humble/src/gtest_vendor/include/gtest/internal/gtest-internal.h:1325:34:[m[K [01;36m[Knote: [m[Kin definition of macro â€˜[01m[KGTEST_TEST_BOOLEAN_[m[Kâ€™
[13.317s]  1325 |       ::testing::AssertionResult([01;36m[Kexpression[m[K)) \
[13.317s]       |                                  [01;36m[K^~~~~~~~~~[m[K
[13.317s] [01m[K/home/yuan/rm/code/Ros/my_ros2_control/src/gimbal_controller/test/test_gimbal_controller.cpp:42:3:[m[K [01;36m[Knote: [m[Kin expansion of macro â€˜[01m[KASSERT_TRUE[m[Kâ€™
[13.317s]    42 |   [01;36m[KASSERT_TRUE[m[K(controller_->params_.state_joints.empty());
[13.317s]       |   [01;36m[K^~~~~~~~~~~[m[K
[13.317s] In file included from [01m[K/opt/ros/humble/src/gtest_vendor/include/gtest/gtest.h:375[m[K,
[13.317s]                  from [01m[K/opt/ros/humble/src/gmock_vendor/include/gmock/internal/gmock-internal-utils.h:47[m[K,
[13.317s]                  from [01m[K/opt/ros/humble/src/gmock_vendor/include/gmock/gmock-actions.h:51[m[K,
[13.317s]                  from [01m[K/opt/ros/humble/src/gmock_vendor/include/gmock/gmock.h:59[m[K,
[13.317s]                  from [01m[K/home/yuan/rm/code/Ros/my_ros2_control/src/gimbal_controller/test/test_gimbal_controller.hpp:27[m[K,
[13.318s]                  from [01m[K/home/yuan/rm/code/Ros/my_ros2_control/src/gimbal_controller/test/test_gimbal_controller.cpp:15[m[K:
[13.318s] [01m[K/home/yuan/rm/code/Ros/my_ros2_control/src/gimbal_controller/test/test_gimbal_controller.cpp:44:34:[m[K [01;31m[Kerror: [m[Kâ€˜[01m[Kstruct gimbal_controller::Params[m[Kâ€™ has no member named â€˜[01m[Kinterface_name[m[Kâ€™; did you mean â€˜[01m[Kcmd_interface_name[m[Kâ€™?
[13.318s]    44 |   ASSERT_EQ(controller_->params_.[01;31m[Kinterface_name[m[K, interface_name_);
[13.318s]       |                                  [01;31m[K^~~~~~~~~~~~~~[m[K
[13.318s] [01m[K/opt/ros/humble/src/gtest_vendor/include/gtest/gtest_pred_impl.h:77:52:[m[K [01;36m[Knote: [m[Kin definition of macro â€˜[01m[KGTEST_ASSERT_[m[Kâ€™
[13.318s]    77 |   if (const ::testing::AssertionResult gtest_ar = ([01;36m[Kexpression[m[K)) \
[13.318s]       |                                                    [01;36m[K^~~~~~~~~~[m[K
[13.318s] [01m[K/opt/ros/humble/src/gtest_vendor/include/gtest/gtest_pred_impl.h:168:3:[m[K [01;36m[Knote: [m[Kin expansion of macro â€˜[01m[KGTEST_PRED_FORMAT2_[m[Kâ€™
[13.318s]   168 |   [01;36m[KGTEST_PRED_FORMAT2_[m[K(pred_format, v1, v2, GTEST_FATAL_FAILURE_)
[13.318s]       |   [01;36m[K^~~~~~~~~~~~~~~~~~~[m[K
[13.318s] [01m[K/opt/ros/humble/src/gtest_vendor/include/gtest/gtest.h:2041:3:[m[K [01;36m[Knote: [m[Kin expansion of macro â€˜[01m[KASSERT_PRED_FORMAT2[m[Kâ€™
[13.318s]  2041 |   [01;36m[KASSERT_PRED_FORMAT2[m[K(::testing::internal::EqHelper::Compare, val1, val2)
[13.318s]       |   [01;36m[K^~~~~~~~~~~~~~~~~~~[m[K
[13.318s] [01m[K/opt/ros/humble/src/gtest_vendor/include/gtest/gtest.h:2057:32:[m[K [01;36m[Knote: [m[Kin expansion of macro â€˜[01m[KGTEST_ASSERT_EQ[m[Kâ€™
[13.318s]  2057 | # define ASSERT_EQ(val1, val2) [01;36m[KGTEST_ASSERT_EQ[m[K(val1, val2)
[13.319s]       |                                [01;36m[K^~~~~~~~~~~~~~~[m[K
[13.319s] [01m[K/home/yuan/rm/code/Ros/my_ros2_control/src/gimbal_controller/test/test_gimbal_controller.cpp:44:3:[m[K [01;36m[Knote: [m[Kin expansion of macro â€˜[01m[KASSERT_EQ[m[Kâ€™
[13.319s]    44 |   [01;36m[KASSERT_EQ[m[K(controller_->params_.interface_name, interface_name_);
[13.319s]       |   [01;36m[K^~~~~~~~~[m[K
[13.320s] [01m[K/home/yuan/rm/code/Ros/my_ros2_control/src/gimbal_controller/test/test_gimbal_controller.cpp:[m[K In member function â€˜[01m[Kvirtual void GimbalControllerTest_activate_success_Test::TestBody()[m[Kâ€™:
[13.320s] [01m[K/home/yuan/rm/code/Ros/my_ros2_control/src/gimbal_controller/test/test_gimbal_controller.cpp:76:27:[m[K [01;31m[Kerror: [m[Kâ€˜[01m[Kclass TestableGimbalController[m[Kâ€™ has no member named â€˜[01m[Kinput_ref_[m[Kâ€™
[13.320s]    76 |   auto msg = controller_->[01;31m[Kinput_ref_[m[K.readFromNonRT();
[13.320s]       |                           [01;31m[K^~~~~~~~~~[m[K
[13.327s] In file included from [01m[K/opt/ros/humble/src/gtest_vendor/include/gtest/gtest.h:62[m[K,
[13.327s]                  from [01m[K/opt/ros/humble/src/gmock_vendor/include/gmock/internal/gmock-internal-utils.h:47[m[K,
[13.327s]                  from [01m[K/opt/ros/humble/src/gmock_vendor/include/gmock/gmock-actions.h:51[m[K,
[13.328s]                  from [01m[K/opt/ros/humble/src/gmock_vendor/include/gmock/gmock.h:59[m[K,
[13.328s]                  from [01m[K/home/yuan/rm/code/Ros/my_ros2_control/src/gimbal_controller/test/test_gimbal_controller.hpp:27[m[K,
[13.328s]                  from [01m[K/home/yuan/rm/code/Ros/my_ros2_control/src/gimbal_controller/test/test_gimbal_controller_preceeding.cpp:15[m[K:
[13.328s] [01m[K/home/yuan/rm/code/Ros/my_ros2_control/src/gimbal_controller/test/test_gimbal_controller_preceeding.cpp:[m[K In member function â€˜[01m[Kvirtual void GimbalControllerTest_all_parameters_set_configure_success_Test::TestBody()[m[Kâ€™:
[13.328s] [01m[K/home/yuan/rm/code/Ros/my_ros2_control/src/gimbal_controller/test/test_gimbal_controller_preceeding.cpp:36:36:[m[K [01;31m[Kerror: [m[Kâ€˜[01m[Kstruct gimbal_controller::Params[m[Kâ€™ has no member named â€˜[01m[Kstate_joints[m[Kâ€™
[13.328s]    36 |   ASSERT_TRUE(controller_->params_.[01;31m[Kstate_joints[m[K.empty());
[13.328s]       |                                    [01;31m[K^~~~~~~~~~~~[m[K
[13.328s] [01m[K/opt/ros/humble/src/gtest_vendor/include/gtest/internal/gtest-internal.h:1325:34:[m[K [01;36m[Knote: [m[Kin definition of macro â€˜[01m[KGTEST_TEST_BOOLEAN_[m[Kâ€™
[13.328s]  1325 |       ::testing::AssertionResult([01;36m[Kexpression[m[K)) \
[13.328s]       |                                  [01;36m[K^~~~~~~~~~[m[K
[13.328s] [01m[K/home/yuan/rm/code/Ros/my_ros2_control/src/gimbal_controller/test/test_gimbal_controller_preceeding.cpp:36:3:[m[K [01;36m[Knote: [m[Kin expansion of macro â€˜[01m[KASSERT_TRUE[m[Kâ€™
[13.328s]    36 |   [01;36m[KASSERT_TRUE[m[K(controller_->params_.state_joints.empty());
[13.328s]       |   [01;36m[K^~~~~~~~~~~[m[K
[13.328s] [01m[K/home/yuan/rm/code/Ros/my_ros2_control/src/gimbal_controller/test/test_gimbal_controller_preceeding.cpp:37:36:[m[K [01;31m[Kerror: [m[Kâ€˜[01m[Kstruct gimbal_controller::Params[m[Kâ€™ has no member named â€˜[01m[Kinterface_name[m[Kâ€™; did you mean â€˜[01m[Kcmd_interface_name[m[Kâ€™?
[13.329s]    37 |   ASSERT_TRUE(controller_->params_.[01;31m[Kinterface_name[m[K.empty());
[13.329s]       |                                    [01;31m[K^~~~~~~~~~~~~~[m[K
[13.329s] [01m[K/opt/ros/humble/src/gtest_vendor/include/gtest/internal/gtest-internal.h:1325:34:[m[K [01;36m[Knote: [m[Kin definition of macro â€˜[01m[KGTEST_TEST_BOOLEAN_[m[Kâ€™
[13.329s]  1325 |       ::testing::AssertionResult([01;36m[Kexpression[m[K)) \
[13.329s]       |                                  [01;36m[K^~~~~~~~~~[m[K
[13.329s] [01m[K/home/yuan/rm/code/Ros/my_ros2_control/src/gimbal_controller/test/test_gimbal_controller_preceeding.cpp:37:3:[m[K [01;36m[Knote: [m[Kin expansion of macro â€˜[01m[KASSERT_TRUE[m[Kâ€™
[13.329s]    37 |   [01;36m[KASSERT_TRUE[m[K(controller_->params_.interface_name.empty());
[13.329s]       |   [01;36m[K^~~~~~~~~~~[m[K
[13.329s] In file included from [01m[K/opt/ros/humble/src/gtest_vendor/include/gtest/gtest.h:375[m[K,
[13.329s]                  from [01m[K/opt/ros/humble/src/gmock_vendor/include/gmock/internal/gmock-internal-utils.h:47[m[K,
[13.329s]                  from [01m[K/opt/ros/humble/src/gmock_vendor/include/gmock/gmock-actions.h:51[m[K,
[13.329s]                  from [01m[K/opt/ros/humble/src/gmock_vendor/include/gmock/gmock.h:59[m[K,
[13.329s]                  from [01m[K/home/yuan/rm/code/Ros/my_ros2_control/src/gimbal_controller/test/test_gimbal_controller.hpp:27[m[K,
[13.329s]                  from [01m[K/home/yuan/rm/code/Ros/my_ros2_control/src/gimbal_controller/test/test_gimbal_controller_preceeding.cpp:15[m[K:
[13.330s] [01m[K/home/yuan/rm/code/Ros/my_ros2_control/src/gimbal_controller/test/test_gimbal_controller_preceeding.cpp:42:36:[m[K [01;31m[Kerror: [m[Kâ€˜[01m[Kstruct gimbal_controller::Params[m[Kâ€™ has no member named â€˜[01m[Kstate_joints[m[Kâ€™
[13.330s]    42 |   ASSERT_THAT(controller_->params_.[01;31m[Kstate_joints[m[K, testing::ElementsAreArray(state_joint_names_));
[13.330s]       |                                    [01;31m[K^~~~~~~~~~~~[m[K
[13.330s] [01m[K/opt/ros/humble/src/gtest_vendor/include/gtest/gtest_pred_impl.h:77:52:[m[K [01;36m[Knote: [m[Kin definition of macro â€˜[01m[KGTEST_ASSERT_[m[Kâ€™
[13.330s]    77 |   if (const ::testing::AssertionResult gtest_ar = ([01;36m[Kexpression[m[K)) \
[13.330s]       |                                                    [01;36m[K^~~~~~~~~~[m[K
[13.330s] [01m[K/opt/ros/humble/src/gtest_vendor/include/gtest/gtest_pred_impl.h:119:3:[m[K [01;36m[Knote: [m[Kin expansion of macro â€˜[01m[KGTEST_PRED_FORMAT1_[m[Kâ€™
[13.330s]   119 |   [01;36m[KGTEST_PRED_FORMAT1_[m[K(pred_format, v1, GTEST_FATAL_FAILURE_)
[13.330s]       |   [01;36m[K^~~~~~~~~~~~~~~~~~~[m[K
[13.330s] [01m[K/opt/ros/humble/src/gmock_vendor/include/gmock/gmock-matchers.h:4554:37:[m[K [01;36m[Knote: [m[Kin expansion of macro â€˜[01m[KASSERT_PRED_FORMAT1[m[Kâ€™
[13.330s]  4554 | #define ASSERT_THAT(value, matcher) [01;36m[KASSERT_PRED_FORMAT1[m[K(\
[13.330s]       |                                     [01;36m[K^~~~~~~~~~~~~~~~~~~[m[K
[13.330s] [01m[K/home/yuan/rm/code/Ros/my_ros2_control/src/gimbal_controller/test/test_gimbal_controller_preceeding.cpp:42:3:[m[K [01;36m[Knote: [m[Kin expansion of macro â€˜[01m[KASSERT_THAT[m[Kâ€™
[13.330s]    42 |   [01;36m[KASSERT_THAT[m[K(controller_->params_.state_joints, testing::ElementsAreArray(state_joint_names_));
[13.330s]       |   [01;36m[K^~~~~~~~~~~[m[K
[13.331s] [01m[K/home/yuan/rm/code/Ros/my_ros2_control/src/gimbal_controller/test/test_gimbal_controller_preceeding.cpp:44:34:[m[K [01;31m[Kerror: [m[Kâ€˜[01m[Kstruct gimbal_controller::Params[m[Kâ€™ has no member named â€˜[01m[Kinterface_name[m[Kâ€™; did you mean â€˜[01m[Kcmd_interface_name[m[Kâ€™?
[13.331s]    44 |   ASSERT_EQ(controller_->params_.[01;31m[Kinterface_name[m[K, interface_name_);
[13.331s]       |                                  [01;31m[K^~~~~~~~~~~~~~[m[K
[13.331s] [01m[K/opt/ros/humble/src/gtest_vendor/include/gtest/gtest_pred_impl.h:77:52:[m[K [01;36m[Knote: [m[Kin definition of macro â€˜[01m[KGTEST_ASSERT_[m[Kâ€™
[13.331s]    77 |   if (const ::testing::AssertionResult gtest_ar = ([01;36m[Kexpression[m[K)) \
[13.331s]       |                                                    [01;36m[K^~~~~~~~~~[m[K
[13.331s] [01m[K/opt/ros/humble/src/gtest_vendor/include/gtest/gtest_pred_impl.h:168:3:[m[K [01;36m[Knote: [m[Kin expansion of macro â€˜[01m[KGTEST_PRED_FORMAT2_[m[Kâ€™
[13.331s]   168 |   [01;36m[KGTEST_PRED_FORMAT2_[m[K(pred_format, v1, v2, GTEST_FATAL_FAILURE_)
[13.331s]       |   [01;36m[K^~~~~~~~~~~~~~~~~~~[m[K
[13.331s] [01m[K/opt/ros/humble/src/gtest_vendor/include/gtest/gtest.h:2041:3:[m[K [01;36m[Knote: [m[Kin expansion of macro â€˜[01m[KASSERT_PRED_FORMAT2[m[Kâ€™
[13.331s]  2041 |   [01;36m[KASSERT_PRED_FORMAT2[m[K(::testing::internal::EqHelper::Compare, val1, val2)
[13.331s]       |   [01;36m[K^~~~~~~~~~~~~~~~~~~[m[K
[13.331s] [01m[K/opt/ros/humble/src/gtest_vendor/include/gtest/gtest.h:2057:32:[m[K [01;36m[Knote: [m[Kin expansion of macro â€˜[01m[KGTEST_ASSERT_EQ[m[Kâ€™
[13.331s]  2057 | # define ASSERT_EQ(val1, val2) [01;36m[KGTEST_ASSERT_EQ[m[K(val1, val2)
[13.331s]       |                                [01;36m[K^~~~~~~~~~~~~~~[m[K
[13.331s] [01m[K/home/yuan/rm/code/Ros/my_ros2_control/src/gimbal_controller/test/test_gimbal_controller_preceeding.cpp:44:3:[m[K [01;36m[Knote: [m[Kin expansion of macro â€˜[01m[KASSERT_EQ[m[Kâ€™
[13.332s]    44 |   [01;36m[KASSERT_EQ[m[K(controller_->params_.interface_name, interface_name_);
[13.332s]       |   [01;36m[K^~~~~~~~~[m[K
[13.332s] [01m[K/home/yuan/rm/code/Ros/my_ros2_control/src/gimbal_controller/test/test_gimbal_controller.cpp:[m[K In member function â€˜[01m[Kvirtual void GimbalControllerTest_test_update_logic_fast_Test::TestBody()[m[Kâ€™:
[13.332s] [01m[K/home/yuan/rm/code/Ros/my_ros2_control/src/gimbal_controller/test/test_gimbal_controller.cpp:172:16:[m[K [01;31m[Kerror: [m[Kâ€˜[01m[Kclass TestableGimbalController[m[Kâ€™ has no member named â€˜[01m[Kinput_ref_[m[Kâ€™
[13.332s]   172 |   controller_->[01;31m[Kinput_ref_[m[K.writeFromNonRT(msg);
[13.332s]       |                [01;31m[K^~~~~~~~~~[m[K
[13.332s] In file included from [01m[K/opt/ros/humble/src/gtest_vendor/include/gtest/gtest.h:62[m[K,
[13.332s]                  from [01m[K/opt/ros/humble/src/gmock_vendor/include/gmock/internal/gmock-internal-utils.h:47[m[K,
[13.332s]                  from [01m[K/opt/ros/humble/src/gmock_vendor/include/gmock/gmock-actions.h:51[m[K,
[13.332s]                  from [01m[K/opt/ros/humble/src/gmock_vendor/include/gmock/gmock.h:59[m[K,
[13.332s]                  from [01m[K/home/yuan/rm/code/Ros/my_ros2_control/src/gimbal_controller/test/test_gimbal_controller.hpp:27[m[K,
[13.332s]                  from [01m[K/home/yuan/rm/code/Ros/my_ros2_control/src/gimbal_controller/test/test_gimbal_controller.cpp:15[m[K:
[13.332s] [01m[K/home/yuan/rm/code/Ros/my_ros2_control/src/gimbal_controller/test/test_gimbal_controller.cpp:180:42:[m[K [01;31m[Kerror: [m[Kâ€˜[01m[Kclass TestableGimbalController[m[Kâ€™ has no member named â€˜[01m[Kinput_ref_[m[Kâ€™
[13.332s]   180 |   EXPECT_TRUE(std::isnan((*(controller_->[01;31m[Kinput_ref_[m[K.readFromRT()))->displacements[0]));
[13.332s]       |                                          [01;31m[K^~~~~~~~~~[m[K
[13.333s] [01m[K/opt/ros/humble/src/gtest_vendor/include/gtest/internal/gtest-internal.h:1325:34:[m[K [01;36m[Knote: [m[Kin definition of macro â€˜[01m[KGTEST_TEST_BOOLEAN_[m[Kâ€™
[13.333s]  1325 |       ::testing::AssertionResult([01;36m[Kexpression[m[K)) \
[13.333s]       |                                  [01;36m[K^~~~~~~~~~[m[K
[13.333s] [01m[K/home/yuan/rm/code/Ros/my_ros2_control/src/gimbal_controller/test/test_gimbal_controller.cpp:180:3:[m[K [01;36m[Knote: [m[Kin expansion of macro â€˜[01m[KEXPECT_TRUE[m[Kâ€™
[13.333s]   180 |   [01;36m[KEXPECT_TRUE[m[K(std::isnan((*(controller_->input_ref_.readFromRT()))->displacements[0]));
[13.333s]       |   [01;36m[K^~~~~~~~~~~[m[K
[13.333s] [01m[K/home/yuan/rm/code/Ros/my_ros2_control/src/gimbal_controller/test/test_gimbal_controller.cpp:[m[K In member function â€˜[01m[Kvirtual void GimbalControllerTest_test_update_logic_slow_Test::TestBody()[m[Kâ€™:
[13.333s] [01m[K/home/yuan/rm/code/Ros/my_ros2_control/src/gimbal_controller/test/test_gimbal_controller.cpp:202:16:[m[K [01;31m[Kerror: [m[Kâ€˜[01m[Kclass TestableGimbalController[m[Kâ€™ has no member named â€˜[01m[Kinput_ref_[m[Kâ€™
[13.333s]   202 |   controller_->[01;31m[Kinput_ref_[m[K.writeFromNonRT(msg);
[13.333s]       |                [01;31m[K^~~~~~~~~~[m[K
[13.333s] In file included from [01m[K/opt/ros/humble/src/gtest_vendor/include/gtest/gtest.h:375[m[K,
[13.333s]                  from [01m[K/opt/ros/humble/src/gmock_vendor/include/gmock/internal/gmock-internal-utils.h:47[m[K,
[13.333s]                  from [01m[K/opt/ros/humble/src/gmock_vendor/include/gmock/gmock-actions.h:51[m[K,
[13.334s]                  from [01m[K/opt/ros/humble/src/gmock_vendor/include/gmock/gmock.h:59[m[K,
[13.334s]                  from [01m[K/home/yuan/rm/code/Ros/my_ros2_control/src/gimbal_controller/test/test_gimbal_controller.hpp:27[m[K,
[13.334s]                  from [01m[K/home/yuan/rm/code/Ros/my_ros2_control/src/gimbal_controller/test/test_gimbal_controller.cpp:15[m[K:
[13.334s] [01m[K/home/yuan/rm/code/Ros/my_ros2_control/src/gimbal_controller/test/test_gimbal_controller.cpp:206:29:[m[K [01;31m[Kerror: [m[Kâ€˜[01m[Kclass TestableGimbalController[m[Kâ€™ has no member named â€˜[01m[Kinput_ref_[m[Kâ€™
[13.334s]   206 |   ASSERT_EQ((*(controller_->[01;31m[Kinput_ref_[m[K.readFromRT()))->displacements[0], TEST_DISPLACEMENT);
[13.334s]       |                             [01;31m[K^~~~~~~~~~[m[K
[13.334s] [01m[K/opt/ros/humble/src/gtest_vendor/include/gtest/gtest_pred_impl.h:77:52:[m[K [01;36m[Knote: [m[Kin definition of macro â€˜[01m[KGTEST_ASSERT_[m[Kâ€™
[13.334s]    77 |   if (const ::testing::AssertionResult gtest_ar = ([01;36m[Kexpression[m[K)) \
[13.334s]       |                                                    [01;36m[K^~~~~~~~~~[m[K
[13.334s] [01m[K/opt/ros/humble/src/gtest_vendor/include/gtest/gtest_pred_impl.h:168:3:[m[K [01;36m[Knote: [m[Kin expansion of macro â€˜[01m[KGTEST_PRED_FORMAT2_[m[Kâ€™
[13.334s]   168 |   [01;36m[KGTEST_PRED_FORMAT2_[m[K(pred_format, v1, v2, GTEST_FATAL_FAILURE_)
[13.334s]       |   [01;36m[K^~~~~~~~~~~~~~~~~~~[m[K
[13.334s] [01m[K/opt/ros/humble/src/gtest_vendor/include/gtest/gtest.h:2041:3:[m[K [01;36m[Knote: [m[Kin expansion of macro â€˜[01m[KASSERT_PRED_FORMAT2[m[Kâ€™
[13.334s]  2041 |   [01;36m[KASSERT_PRED_FORMAT2[m[K(::testing::internal::EqHelper::Compare, val1, val2)
[13.334s]       |   [01;36m[K^~~~~~~~~~~~~~~~~~~[m[K
[13.334s] [01m[K/opt/ros/humble/src/gtest_vendor/include/gtest/gtest.h:2057:32:[m[K [01;36m[Knote: [m[Kin expansion of macro â€˜[01m[KGTEST_ASSERT_EQ[m[Kâ€™
[13.335s]  2057 | # define ASSERT_EQ(val1, val2) [01;36m[KGTEST_ASSERT_EQ[m[K(val1, val2)
[13.335s]       |                                [01;36m[K^~~~~~~~~~~~~~~[m[K
[13.335s] [01m[K/home/yuan/rm/code/Ros/my_ros2_control/src/gimbal_controller/test/test_gimbal_controller.cpp:206:3:[m[K [01;36m[Knote: [m[Kin expansion of macro â€˜[01m[KASSERT_EQ[m[Kâ€™
[13.335s]   206 |   [01;36m[KASSERT_EQ[m[K((*(controller_->input_ref_.readFromRT()))->displacements[0], TEST_DISPLACEMENT);
[13.335s]       |   [01;36m[K^~~~~~~~~[m[K
[13.335s] In file included from [01m[K/opt/ros/humble/src/gtest_vendor/include/gtest/gtest.h:62[m[K,
[13.335s]                  from [01m[K/opt/ros/humble/src/gmock_vendor/include/gmock/internal/gmock-internal-utils.h:47[m[K,
[13.335s]                  from [01m[K/opt/ros/humble/src/gmock_vendor/include/gmock/gmock-actions.h:51[m[K,
[13.335s]                  from [01m[K/opt/ros/humble/src/gmock_vendor/include/gmock/gmock.h:59[m[K,
[13.335s]                  from [01m[K/home/yuan/rm/code/Ros/my_ros2_control/src/gimbal_controller/test/test_gimbal_controller.hpp:27[m[K,
[13.335s]                  from [01m[K/home/yuan/rm/code/Ros/my_ros2_control/src/gimbal_controller/test/test_gimbal_controller.cpp:15[m[K:
[13.335s] [01m[K/home/yuan/rm/code/Ros/my_ros2_control/src/gimbal_controller/test/test_gimbal_controller.cpp:212:42:[m[K [01;31m[Kerror: [m[Kâ€˜[01m[Kclass TestableGimbalController[m[Kâ€™ has no member named â€˜[01m[Kinput_ref_[m[Kâ€™
[13.335s]   212 |   EXPECT_TRUE(std::isnan((*(controller_->[01;31m[Kinput_ref_[m[K.readFromRT()))->displacements[0]));
[13.335s]       |                                          [01;31m[K^~~~~~~~~~[m[K
[13.335s] [01m[K/opt/ros/humble/src/gtest_vendor/include/gtest/internal/gtest-internal.h:1325:34:[m[K [01;36m[Knote: [m[Kin definition of macro â€˜[01m[KGTEST_TEST_BOOLEAN_[m[Kâ€™
[13.335s]  1325 |       ::testing::AssertionResult([01;36m[Kexpression[m[K)) \
[13.335s]       |                                  [01;36m[K^~~~~~~~~~[m[K
[13.336s] [01m[K/home/yuan/rm/code/Ros/my_ros2_control/src/gimbal_controller/test/test_gimbal_controller.cpp:212:3:[m[K [01;36m[Knote: [m[Kin expansion of macro â€˜[01m[KEXPECT_TRUE[m[Kâ€™
[13.336s]   212 |   [01;36m[KEXPECT_TRUE[m[K(std::isnan((*(controller_->input_ref_.readFromRT()))->displacements[0]));
[13.336s]       |   [01;36m[K^~~~~~~~~~~[m[K
[14.439s] gmake[2]: *** [CMakeFiles/test_gimbal_controller_preceeding.dir/build.make:76ï¼šCMakeFiles/test_gimbal_controller_preceeding.dir/test/test_gimbal_controller_preceeding.cpp.o] é”™è¯¯ 1
[14.439s] gmake[1]: *** [CMakeFiles/Makefile2:291ï¼šCMakeFiles/test_gimbal_controller_preceeding.dir/all] é”™è¯¯ 2
[14.439s] gmake[1]: *** æ­£åœ¨ç­‰å¾…æœªå®Œæˆçš„ä»»åŠ¡....
[16.195s] gmake[2]: *** [CMakeFiles/test_gimbal_controller.dir/build.make:76ï¼šCMakeFiles/test_gimbal_controller.dir/test/test_gimbal_controller.cpp.o] é”™è¯¯ 1
[16.195s] gmake[1]: *** [CMakeFiles/Makefile2:263ï¼šCMakeFiles/test_gimbal_controller.dir/all] é”™è¯¯ 2
[16.196s] gmake: *** [Makefile:146ï¼šall] é”™è¯¯ 2
[16.198s] Invoked command in '/home/yuan/rm/code/Ros/my_ros2_control/build/gimbal_controller' returned '2': CMAKE_PREFIX_PATH=${CMAKE_PREFIX_PATH}:/opt/ros/humble /usr/bin/cmake --build /home/yuan/rm/code/Ros/my_ros2_control/build/gimbal_controller -- -j16 -l16
