<?xml version="1.0" encoding="UTF-8"?>
<Site BuildName="(empty)"
	BuildStamp="20231016-0727-Experimental"
	Name="yuan"
	Generator="ctest-3.22.1"
	CompilerName="/usr/bin/c++"
	CompilerVersion="11.4.0"
	OSName="Linux"
	Hostname="yuan"
	OSRelease="6.2.0-34-generic"
	OSVersion="#34~22.04.1-Ubuntu SMP PREEMPT_DYNAMIC Thu Sep  7 13:12:03 UTC 2"
	OSPlatform="x86_64"
	Is64Bits="1"
	VendorString="AuthenticAMD"
	VendorID="Advanced Micro Devices"
	FamilyID="25"
	ModelID="80"
	ProcessorCacheSize="512"
	NumberOfLogicalCPU="16"
	NumberOfPhysicalCPU="8"
	TotalVirtualMemory="28609"
	TotalPhysicalMemory="31938"
	LogicalProcessorsPerPhysical="2"
	ProcessorClockFrequency="3471.7"
	>
	<Testing>
		<StartDateTime>Oct 16 15:27 CST</StartDateTime>
		<StartTestTime>1697441222</StartTestTime>
		<TestList>
			<Test>./test_load_gimbal_controller</Test>
			<Test>./test_gimbal_controller</Test>
			<Test>./test_gimbal_controller_preceeding</Test>
		</TestList>
		<Test Status="passed">
			<Name>test_load_gimbal_controller</Name>
			<Path>.</Path>
			<FullName>./test_load_gimbal_controller</FullName>
			<FullCommandLine>/usr/bin/python3.10 "-u" "/opt/ros/humble/share/ament_cmake_test/cmake/run_test.py" "/home/yuan/rm/code/Ros/my_ros2_control/build/gimbal_controller/test_results/gimbal_controller/test_load_gimbal_controller.gtest.xml" "--package-name" "gimbal_controller" "--output-file" "/home/yuan/rm/code/Ros/my_ros2_control/build/gimbal_controller/ament_cmake_gmock/test_load_gimbal_controller.txt" "--command" "/home/yuan/rm/code/Ros/my_ros2_control/build/gimbal_controller/test_load_gimbal_controller" "--gtest_output=xml:/home/yuan/rm/code/Ros/my_ros2_control/build/gimbal_controller/test_results/gimbal_controller/test_load_gimbal_controller.gtest.xml"</FullCommandLine>
			<Results>
				<NamedMeasurement type="numeric/double" name="Execution Time">
					<Value>0.191703</Value>
				</NamedMeasurement>
				<NamedMeasurement type="numeric/double" name="Processors">
					<Value>1</Value>
				</NamedMeasurement>
				<NamedMeasurement type="text/string" name="Completion Status">
					<Value>Completed</Value>
				</NamedMeasurement>
				<NamedMeasurement type="text/string" name="Command Line">
					<Value>/usr/bin/python3.10 "-u" "/opt/ros/humble/share/ament_cmake_test/cmake/run_test.py" "/home/yuan/rm/code/Ros/my_ros2_control/build/gimbal_controller/test_results/gimbal_controller/test_load_gimbal_controller.gtest.xml" "--package-name" "gimbal_controller" "--output-file" "/home/yuan/rm/code/Ros/my_ros2_control/build/gimbal_controller/ament_cmake_gmock/test_load_gimbal_controller.txt" "--command" "/home/yuan/rm/code/Ros/my_ros2_control/build/gimbal_controller/test_load_gimbal_controller" "--gtest_output=xml:/home/yuan/rm/code/Ros/my_ros2_control/build/gimbal_controller/test_results/gimbal_controller/test_load_gimbal_controller.gtest.xml"</Value>
				</NamedMeasurement>
				<NamedMeasurement type="text/string" name="Environment">
					<Value>#CTEST_RESOURCE_GROUP_COUNT=</Value>
				</NamedMeasurement>
				<Measurement>
					<Value>-- run_test.py: invoking following command in '/home/yuan/rm/code/Ros/my_ros2_control/build/gimbal_controller':
 - /home/yuan/rm/code/Ros/my_ros2_control/build/gimbal_controller/test_load_gimbal_controller --gtest_output=xml:/home/yuan/rm/code/Ros/my_ros2_control/build/gimbal_controller/test_results/gimbal_controller/test_load_gimbal_controller.gtest.xml
Running main() from gmock_main.cc
[==========] Running 1 test from 1 test suite.
[----------] Global test environment set-up.
[----------] 1 test from TestLoadGimbalController
[ RUN      ] TestLoadGimbalController.load_controller
[INFO] [1697441222.303332032] [resource_manager]: Loading hardware 'TestActuatorHardware' 
[INFO] [1697441222.304090551] [resource_manager]: Initialize hardware 'TestActuatorHardware' 
[INFO] [1697441222.304106965] [resource_manager]: Successful initialization of hardware 'TestActuatorHardware'
[INFO] [1697441222.304118699] [resource_manager]: Loading hardware 'TestSensorHardware' 
[INFO] [1697441222.304170594] [resource_manager]: Initialize hardware 'TestSensorHardware' 
[INFO] [1697441222.304181699] [resource_manager]: Successful initialization of hardware 'TestSensorHardware'
[INFO] [1697441222.304189662] [resource_manager]: Loading hardware 'TestSystemHardware' 
[INFO] [1697441222.304237925] [resource_manager]: Initialize hardware 'TestSystemHardware' 
[INFO] [1697441222.304251195] [resource_manager]: Successful initialization of hardware 'TestSystemHardware'
[WARN] [1697441222.317692000] [test_controller_manager]: 'update_rate' parameter not set, using default value.
[INFO] [1697441222.320058705] [test_controller_manager]: Loading controller 'test_gimbal_controller'
Exception thrown during controller's init with message: Invalid value set during initialization for parameter 'joints': Parameter 'joints' cannot be empty 
[ERROR] [1697441222.323848577] [test_controller_manager]: Could not initialize the controller named 'test_gimbal_controller'
[       OK ] TestLoadGimbalController.load_controller (30 ms)
[----------] 1 test from TestLoadGimbalController (30 ms total)

[----------] Global test environment tear-down
[==========] 1 test from 1 test suite ran. (30 ms total)
[  PASSED  ] 1 test.
-- run_test.py: return code 0
-- run_test.py: inject classname prefix into gtest result file '/home/yuan/rm/code/Ros/my_ros2_control/build/gimbal_controller/test_results/gimbal_controller/test_load_gimbal_controller.gtest.xml'
-- run_test.py: verify result file '/home/yuan/rm/code/Ros/my_ros2_control/build/gimbal_controller/test_results/gimbal_controller/test_load_gimbal_controller.gtest.xml'
</Value>
				</Measurement>
			</Results>
			<Labels>
				<Label>gmock</Label>
			</Labels>
		</Test>
		<Test Status="failed">
			<Name>test_gimbal_controller</Name>
			<Path>.</Path>
			<FullName>./test_gimbal_controller</FullName>
			<FullCommandLine>/usr/bin/python3.10 "-u" "/opt/ros/humble/share/ament_cmake_test/cmake/run_test.py" "/home/yuan/rm/code/Ros/my_ros2_control/build/gimbal_controller/test_results/gimbal_controller/test_gimbal_controller.gtest.xml" "--package-name" "gimbal_controller" "--output-file" "/home/yuan/rm/code/Ros/my_ros2_control/build/gimbal_controller/test_results/gimbal_controller/test_gimbal_controller.txt" "--command" "/home/yuan/rm/code/Ros/my_ros2_control/build/gimbal_controller/test_gimbal_controller" "--ros-args" "--params-file" "/home/yuan/rm/code/Ros/my_ros2_control/src/gimbal_controller/test/gimbal_controller_params.yaml" "--" "--gtest_output=xml:/home/yuan/rm/code/Ros/my_ros2_control/build/gimbal_controller/test_results/gimbal_controller/test_gimbal_controller.gtest.xml"</FullCommandLine>
			<Results>
				<NamedMeasurement type="text/string" name="Exit Code">
					<Value>Failed</Value>
				</NamedMeasurement>
				<NamedMeasurement type="text/string" name="Exit Value">
					<Value>1</Value>
				</NamedMeasurement>
				<NamedMeasurement type="numeric/double" name="Execution Time">
					<Value>0.833835</Value>
				</NamedMeasurement>
				<NamedMeasurement type="numeric/double" name="Processors">
					<Value>1</Value>
				</NamedMeasurement>
				<NamedMeasurement type="text/string" name="Completion Status">
					<Value>Completed</Value>
				</NamedMeasurement>
				<NamedMeasurement type="text/string" name="Command Line">
					<Value>/usr/bin/python3.10 "-u" "/opt/ros/humble/share/ament_cmake_test/cmake/run_test.py" "/home/yuan/rm/code/Ros/my_ros2_control/build/gimbal_controller/test_results/gimbal_controller/test_gimbal_controller.gtest.xml" "--package-name" "gimbal_controller" "--output-file" "/home/yuan/rm/code/Ros/my_ros2_control/build/gimbal_controller/test_results/gimbal_controller/test_gimbal_controller.txt" "--command" "/home/yuan/rm/code/Ros/my_ros2_control/build/gimbal_controller/test_gimbal_controller" "--ros-args" "--params-file" "/home/yuan/rm/code/Ros/my_ros2_control/src/gimbal_controller/test/gimbal_controller_params.yaml" "--" "--gtest_output=xml:/home/yuan/rm/code/Ros/my_ros2_control/build/gimbal_controller/test_results/gimbal_controller/test_gimbal_controller.gtest.xml"</Value>
				</NamedMeasurement>
				<NamedMeasurement type="text/string" name="Environment">
					<Value>#CTEST_RESOURCE_GROUP_COUNT=</Value>
				</NamedMeasurement>
				<Measurement>
					<Value>-- run_test.py: invoking following command in '/home/yuan/rm/code/Ros/my_ros2_control/build/gimbal_controller':
 - /home/yuan/rm/code/Ros/my_ros2_control/build/gimbal_controller/test_gimbal_controller --ros-args --params-file /home/yuan/rm/code/Ros/my_ros2_control/src/gimbal_controller/test/gimbal_controller_params.yaml -- --gtest_output=xml:/home/yuan/rm/code/Ros/my_ros2_control/build/gimbal_controller/test_results/gimbal_controller/test_gimbal_controller.gtest.xml
[==========] Running 11 tests from 1 test suite.
[----------] Global test environment set-up.
[----------] 11 tests from GimbalControllerTest
[ RUN      ] GimbalControllerTest.all_parameters_set_configure_success
[INFO] [1697441222.513894000] [test_gimbal_controller]: configure successful
[       OK ] GimbalControllerTest.all_parameters_set_configure_success (23 ms)
[ RUN      ] GimbalControllerTest.check_exported_intefaces
[INFO] [1697441222.527109414] [test_gimbal_controller]: configure successful
[       OK ] GimbalControllerTest.check_exported_intefaces (13 ms)
[ RUN      ] GimbalControllerTest.activate_success
[INFO] [1697441222.540578786] [test_gimbal_controller]: configure successful
[       OK ] GimbalControllerTest.activate_success (13 ms)
[ RUN      ] GimbalControllerTest.update_success
[INFO] [1697441222.553322605] [test_gimbal_controller]: configure successful
[       OK ] GimbalControllerTest.update_success (13 ms)
[ RUN      ] GimbalControllerTest.deactivate_success
[INFO] [1697441222.566349158] [test_gimbal_controller]: configure successful
[       OK ] GimbalControllerTest.deactivate_success (13 ms)
[ RUN      ] GimbalControllerTest.reactivate_success
[INFO] [1697441222.579833685] [test_gimbal_controller]: configure successful
[       OK ] GimbalControllerTest.reactivate_success (13 ms)
[ RUN      ] GimbalControllerTest.test_setting_slow_mode_service
[INFO] [1697441222.593145765] [test_gimbal_controller]: configure successful
[       OK ] GimbalControllerTest.test_setting_slow_mode_service (14 ms)
[ RUN      ] GimbalControllerTest.test_update_logic_fast
[INFO] [1697441222.605839366] [test_gimbal_controller]: configure successful
[       OK ] GimbalControllerTest.test_update_logic_fast (14 ms)
[ RUN      ] GimbalControllerTest.test_update_logic_slow
[INFO] [1697441222.620701800] [test_gimbal_controller]: configure successful
[       OK ] GimbalControllerTest.test_update_logic_slow (14 ms)
[ RUN      ] GimbalControllerTest.publish_status_success
[INFO] [1697441222.634768768] [test_gimbal_controller]: configure successful
[       OK ] GimbalControllerTest.publish_status_success (17 ms)
[ RUN      ] GimbalControllerTest.receive_message_and_publish_updated_status
[INFO] [1697441222.651004289] [test_gimbal_controller]: configure successful
unknown file: Failure
C++ exception with description "publishing to /test_gimbal_controller/commands but no node subscribes to it" thrown in the test body.
[  FAILED  ] GimbalControllerTest.receive_message_and_publish_updated_status (516 ms)
[----------] 11 tests from GimbalControllerTest (663 ms total)

[----------] Global test environment tear-down
[==========] 11 tests from 1 test suite ran. (663 ms total)
[  PASSED  ] 10 tests.
[  FAILED  ] 1 test, listed below:
[  FAILED  ] GimbalControllerTest.receive_message_and_publish_updated_status

 1 FAILED TEST
-- run_test.py: return code 1
-- run_test.py: inject classname prefix into gtest result file '/home/yuan/rm/code/Ros/my_ros2_control/build/gimbal_controller/test_results/gimbal_controller/test_gimbal_controller.gtest.xml'
-- run_test.py: verify result file '/home/yuan/rm/code/Ros/my_ros2_control/build/gimbal_controller/test_results/gimbal_controller/test_gimbal_controller.gtest.xml'
</Value>
				</Measurement>
			</Results>
		</Test>
		<Test Status="passed">
			<Name>test_gimbal_controller_preceeding</Name>
			<Path>.</Path>
			<FullName>./test_gimbal_controller_preceeding</FullName>
			<FullCommandLine>/usr/bin/python3.10 "-u" "/opt/ros/humble/share/ament_cmake_test/cmake/run_test.py" "/home/yuan/rm/code/Ros/my_ros2_control/build/gimbal_controller/test_results/gimbal_controller/test_gimbal_controller_preceeding.gtest.xml" "--package-name" "gimbal_controller" "--output-file" "/home/yuan/rm/code/Ros/my_ros2_control/build/gimbal_controller/test_results/gimbal_controller/test_gimbal_controller_preceeding.txt" "--command" "/home/yuan/rm/code/Ros/my_ros2_control/build/gimbal_controller/test_gimbal_controller_preceeding" "--ros-args" "--params-file" "/home/yuan/rm/code/Ros/my_ros2_control/src/gimbal_controller/test/gimbal_controller_preceeding_params.yaml" "--" "--gtest_output=xml:/home/yuan/rm/code/Ros/my_ros2_control/build/gimbal_controller/test_results/gimbal_controller/test_gimbal_controller_preceeding.gtest.xml"</FullCommandLine>
			<Results>
				<NamedMeasurement type="numeric/double" name="Execution Time">
					<Value>0.199132</Value>
				</NamedMeasurement>
				<NamedMeasurement type="numeric/double" name="Processors">
					<Value>1</Value>
				</NamedMeasurement>
				<NamedMeasurement type="text/string" name="Completion Status">
					<Value>Completed</Value>
				</NamedMeasurement>
				<NamedMeasurement type="text/string" name="Command Line">
					<Value>/usr/bin/python3.10 "-u" "/opt/ros/humble/share/ament_cmake_test/cmake/run_test.py" "/home/yuan/rm/code/Ros/my_ros2_control/build/gimbal_controller/test_results/gimbal_controller/test_gimbal_controller_preceeding.gtest.xml" "--package-name" "gimbal_controller" "--output-file" "/home/yuan/rm/code/Ros/my_ros2_control/build/gimbal_controller/test_results/gimbal_controller/test_gimbal_controller_preceeding.txt" "--command" "/home/yuan/rm/code/Ros/my_ros2_control/build/gimbal_controller/test_gimbal_controller_preceeding" "--ros-args" "--params-file" "/home/yuan/rm/code/Ros/my_ros2_control/src/gimbal_controller/test/gimbal_controller_preceeding_params.yaml" "--" "--gtest_output=xml:/home/yuan/rm/code/Ros/my_ros2_control/build/gimbal_controller/test_results/gimbal_controller/test_gimbal_controller_preceeding.gtest.xml"</Value>
				</NamedMeasurement>
				<NamedMeasurement type="text/string" name="Environment">
					<Value>#CTEST_RESOURCE_GROUP_COUNT=</Value>
				</NamedMeasurement>
				<Measurement>
					<Value>-- run_test.py: invoking following command in '/home/yuan/rm/code/Ros/my_ros2_control/build/gimbal_controller':
 - /home/yuan/rm/code/Ros/my_ros2_control/build/gimbal_controller/test_gimbal_controller_preceeding --ros-args --params-file /home/yuan/rm/code/Ros/my_ros2_control/src/gimbal_controller/test/gimbal_controller_preceeding_params.yaml -- --gtest_output=xml:/home/yuan/rm/code/Ros/my_ros2_control/build/gimbal_controller/test_results/gimbal_controller/test_gimbal_controller_preceeding.gtest.xml
[==========] Running 2 tests from 1 test suite.
[----------] Global test environment set-up.
[----------] 2 tests from GimbalControllerTest
[ RUN      ] GimbalControllerTest.all_parameters_set_configure_success
[INFO] [1697441223.345055093] [test_gimbal_controller]: configure successful
[       OK ] GimbalControllerTest.all_parameters_set_configure_success (22 ms)
[ RUN      ] GimbalControllerTest.check_exported_intefaces
[INFO] [1697441223.357766231] [test_gimbal_controller]: configure successful
[       OK ] GimbalControllerTest.check_exported_intefaces (12 ms)
[----------] 2 tests from GimbalControllerTest (34 ms total)

[----------] Global test environment tear-down
[==========] 2 tests from 1 test suite ran. (34 ms total)
[  PASSED  ] 2 tests.
-- run_test.py: return code 0
-- run_test.py: inject classname prefix into gtest result file '/home/yuan/rm/code/Ros/my_ros2_control/build/gimbal_controller/test_results/gimbal_controller/test_gimbal_controller_preceeding.gtest.xml'
-- run_test.py: verify result file '/home/yuan/rm/code/Ros/my_ros2_control/build/gimbal_controller/test_results/gimbal_controller/test_gimbal_controller_preceeding.gtest.xml'
</Value>
				</Measurement>
			</Results>
		</Test>
		<EndDateTime>Oct 16 15:27 CST</EndDateTime>
		<EndTestTime>1697441223</EndTestTime>
		<ElapsedMinutes>0</ElapsedMinutes>
	</Testing>
</Site>
